#
# A fatal error has been detected by the Java Runtime Environment:
#
#  SIGBUS (0xa) at pc=0x000000010b8a54f0, pid=3229, tid=28939
#
# JRE version: Java(TM) SE Runtime Environment (17.0.1+12) (build 17.0.1+12-LTS-39)
# Java VM: Java HotSpot(TM) 64-Bit Server VM (17.0.1+12-LTS-39, mixed mode, sharing, tiered, compressed oops, compressed class ptrs, g1 gc, bsd-aarch64)
# Problematic frame:
# v  ~StubRoutines::SafeFetchN
#
# No core dump will be written. Core dumps have been disabled. To enable core dumping, try "ulimit -c unlimited" before starting Java again
#
# If you would like to submit a bug report, please visit:
#   https://bugreport.java.com/bugreport/crash.jsp
# The crash happened outside the Java Virtual Machine in native code.
# See problematic frame for where to report the bug.
#

---------------  S U M M A R Y ------------

Command Line: -javaagent:/Applications/IntelliJ IDEA CE.app/Contents/lib/idea_rt.jar=61314:/Applications/IntelliJ IDEA CE.app/Contents/bin -Dfile.encoding=UTF-8 --module-path=/Users/nitinjakhar/.m2/repository/org/openjfx/javafx-graphics/17.0.1/javafx-graphics-17.0.1-mac-aarch64.jar:/Users/nitinjakhar/.m2/repository/org/openjfx/javafx-fxml/17.0.1/javafx-fxml-17.0.1-mac-aarch64.jar:/Users/nitinjakhar/.m2/repository/org/openjfx/javafx-controls/17.0.1/javafx-controls-17.0.1-mac-aarch64.jar:/Users/nitinjakhar/IdeaProjects/COMP1011-M2022-ICE2/target/classes:/Users/nitinjakhar/.m2/repository/org/openjfx/javafx-base/17.0.1/javafx-base-17.0.1-mac-aarch64.jar -Djdk.module.main=ca.georgiancollege.comp1011m2022ice2 ca.georgiancollege.comp1011m2022ice2/ca.georgiancollege.comp1011m2022ice2.Main

Host: "MacBookAir10,1" arm64 1 MHz, 8 cores, 8G, Darwin 21.5.0, macOS 12.4 (21F79)
Time: Sat May 21 14:19:21 2022 EDT elapsed time: 1.843502 seconds (0d 0h 0m 1s)

---------------  T H R E A D  ---------------

Current thread (0x0000000151811e00):  JavaThread "InvokeLaterDispatcher" daemon [_thread_in_native, id=28939, stack(0x0000000178834000,0x0000000178a37000)]

Stack: [0x0000000178834000,0x0000000178a37000],  sp=0x0000000178a367b0,  free space=2057k
Native frames: (J=compiled Java code, j=interpreted, Vv=VM code, C=native code)
v  ~StubRoutines::SafeFetchN
V  [libjvm.dylib+0x79e208]  _ZN10OopStorage7releaseEPKP7oopDesc+0x20
V  [libjvm.dylib+0x4b8f30]  jni_DeleteGlobalRef+0xc4
C  [libglass.dylib+0xab08]  -[GlassRunnable dealloc]+0x34
C  [Foundation+0x85318]  -[_NSThreadPerformInfo dealloc]+0x30
C  [Foundation+0x518ac]  -[NSObject(NSThreadPerformAdditions) performSelectorOnMainThread:withObject:waitUntilDone:]+0x88
C  0x642280010b8ad8ac
j  com.sun.glass.ui.mac.MacApplication.submitForLaterInvocation(Ljava/lang/Runnable;)V+2 javafx.graphics
j  com.sun.glass.ui.InvokeLaterDispatcher.run()V+82 javafx.graphics
v  ~StubRoutines::call_stub
V  [libjvm.dylib+0x460588]  _ZN9JavaCalls11call_helperEP9JavaValueRK12methodHandleP17JavaCallArgumentsP10JavaThread+0x38c
V  [libjvm.dylib+0x45f5a4]  _ZN9JavaCalls12call_virtualEP9JavaValueP5KlassP6SymbolS5_P17JavaCallArgumentsP10JavaThread+0x11c
V  [libjvm.dylib+0x45f670]  _ZN9JavaCalls12call_virtualEP9JavaValue6HandleP5KlassP6SymbolS6_P10JavaThread+0x64
V  [libjvm.dylib+0x512ef0]  _ZL12thread_entryP10JavaThreadS0_+0xc4
V  [libjvm.dylib+0x8fc514]  _ZN10JavaThread17thread_main_innerEv+0x134
V  [libjvm.dylib+0x8fae3c]  _ZN6Thread8call_runEv+0x128
V  [libjvm.dylib+0x7a4df0]  _ZL19thread_native_entryP6Thread+0x158
C  [libsystem_pthread.dylib+0x726c]  _pthread_start+0x94

Java frames: (J=compiled Java code, j=interpreted, Vv=VM code)
j  com.sun.glass.ui.mac.MacApplication._submitForLaterInvocation(Ljava/lang/Runnable;)V+0 javafx.graphics
j  com.sun.glass.ui.mac.MacApplication.submitForLaterInvocation(Ljava/lang/Runnable;)V+2 javafx.graphics
j  com.sun.glass.ui.InvokeLaterDispatcher.run()V+82 javafx.graphics
v  ~StubRoutines::call_stub

siginfo: si_signo: 10 (SIGBUS), si_code: 1 (BUS_ADRALN), si_addr: 0x000000010b8a54f0

Register to memory mapping:

 x0=0x0000000152910fc8 points into unknown readable memory: 0x0000000000000000 | 00 00 00 00 00 00 00 00
 x1=0x0 is NULL
 x2=0x000000078606e688 is an oop: com.sun.glass.ui.InvokeLaterDispatcher$Future 
{0x000000078606e688} - klass: 'com/sun/glass/ui/InvokeLaterDispatcher$Future'
 - ---- fields (total size 3 words):
 - private 'done' 'Z' @12  true
 - private final 'runnable' 'Ljava/lang/Runnable;' @16  a 'com/sun/javafx/tk/quantum/ViewScene$$Lambda$365+0x0000000800e170e8'{0x0000000785ff6640} (f0bfecc8)
 - final synthetic 'this$0' 'Lcom/sun/glass/ui/InvokeLaterDispatcher;' @20  a 'com/sun/glass/ui/InvokeLaterDispatcher'{0x000000078681be50} (f0d037ca)
 x3=0x0 is NULL
 x4=0x00000000000130a8 is an unknown value
 x5=0x0 is NULL
 x6=0x0 is NULL
 x7=0x0 is NULL
 x8=0x000000010b8a54ec is at begin+0 in a stub
StubRoutines::SafeFetchN [0x000000010b8a54ec, 0x000000010b8a54f8] (12 bytes)
 x9=0x0 is NULL
x10=0x2010000030300000 is an unknown value
x11=0x0000000000000007 is an unknown value
x12=0x0 is NULL
x13=0x00006000026741f0 points into unknown readable memory: 0x00000056293b7463 | 63 74 3b 29 56 00 00 00
x14=0x0000070000000000 is an unknown value
x15=0x000000012393df98: OBJC_CLASS_$_GlassRunnable+0 in /Users/nitinjakhar/.openjfx/cache/17.0.1/libglass.dylib at 0x00000001238f8000
x16=0x00000001c05670fc: pthread_getspecific+0 in /usr/lib/system/libsystem_pthread.dylib at 0x00000001c0565000
x17=0x0000600002c745a0 points into unknown readable memory: 0xfffffffffffffffe | fe ff ff ff ff ff ff ff
x18=0x0 is NULL
x19=0x0000600002360850 points into unknown readable memory: 0x0000600000a79790 | 90 97 a7 00 00 60 00 00
x20=0x0000000152910dc0 points into unknown readable memory: 0x0000600001d21800 | 00 18 d2 01 00 60 00 00
x21=0x0000000152910fc8 points into unknown readable memory: 0x0000000000000000 | 00 00 00 00 00 00 00 00
x22=0x0000000151811e00 is a thread
x23=0x0000000000000001 is an unknown value
x24=0x0000000152910f80 is a global jni handle
x25=0x0000000103dd15d8: _ZN12StubRoutines17_safefetchN_entryE+0 in /Library/Java/JavaVirtualMachines/jdk-17.0.1.jdk/Contents/Home/lib/server/libjvm.dylib at 0x0000000103240000
x26=0x0000000121118270 is pointing into metadata
x27=0x0 is NULL
x28=0x0000000151811e00 is a thread


Registers:
 x0=0x0000000152910fc8  x1=0x0000000000000000  x2=0x000000078606e688  x3=0x0000000000000000
 x4=0x00000000000130a8  x5=0x0000000000000000  x6=0x0000000000000000  x7=0x0000000000000000
 x8=0x000000010b8a54ec  x9=0x0000000000000000 x10=0x2010000030300000 x11=0x0000000000000007
x12=0x0000000000000000 x13=0x00006000026741f0 x14=0x0000070000000000 x15=0x000000012393df98
x16=0x00000001c05670fc x17=0x0000600002c745a0 x18=0x0000000000000000 x19=0x0000600002360850
x20=0x0000000152910dc0 x21=0x0000000152910fc8 x22=0x0000000151811e00 x23=0x0000000000000001
x24=0x0000000152910f80 x25=0x0000000103dd15d8 x26=0x0000000121118270 x27=0x0000000000000000
x28=0x0000000151811e00  fp=0x0000000178a367f0  lr=0x00000001039dcfd8  sp=0x0000000178a367b0
pc=0x000000010b8a54f0 cpsr=0x0000000060001000
Top of Stack: (sp=0x0000000178a367b0)
0x0000000178a367b0:   0000000121118270 0000000000000001
0x0000000178a367c0:   0000000178a369a8 0000600000a48870
0x0000000178a367d0:   0000000000000000 0000000152910fb0
0x0000000178a367e0:   0000000152910fb0 0000600002360850
0x0000000178a367f0:   0000000178a36830 00000001039de208
0x0000000178a36800:   0000000000000001 0000000152910fb0
0x0000000178a36810:   0000000000000000 0000000152910fb0
0x0000000178a36820:   0000000000000001 00000001510b7000
0x0000000178a36830:   0000000178a36860 00000001036f8f30
0x0000000178a36840:   0000600000a48880 000000020a82530c
0x0000000178a36850:   0000000000000000 0000600000a48880
0x0000000178a36860:   0000000178a36890 0000000123902b08
0x0000000178a36870:   b14dbbf79b2200f4 0000000000000000
0x0000000178a36880:   0000000000000000 0000600001d4a080
0x0000000178a36890:   0000000178a368d0 00000001c153c318
0x0000000178a368a0:   0000000178a369a8 0000600000a48870
0x0000000178a368b0:   0000600000a48880 b14dbbf79b2200f4
0x0000000178a368c0:   0000000000000000 0000000000000000
0x0000000178a368d0:   0000000178a36910 de270001c15088ac
0x0000000178a368e0:   0000000178a369a8 000000010b8ac7c0
0x0000000178a368f0:   0000000000000000 0000000103dd8f90
0x0000000178a36900:   0000000178a36920 000000010b8ab730
0x0000000178a36910:   0000000178a36980 642280010b8ad8ac
0x0000000178a36920:   0000000178a36920 0000000800986475
0x0000000178a36930:   0000000178a36930 0000000000000000
0x0000000178a36940:   0000000178a369a8 0000000121118270
0x0000000178a36950:   00000007868b0bf0 0000000000000000
0x0000000178a36960:   0000000000000000 00000001210f7860
0x0000000178a36970:   0000000000000000 0000000178a36980
0x0000000178a36980:   0000000178a36a00 000000010b8a9fc8
0x0000000178a36990:   0000000000000000 0000000000000000
0x0000000178a369a0:   000000078606e688 00000007868b0c68 

Instructions: (pc=0x000000010b8a54f0)
0x000000010b8a53f0:   f2a07b29 f2c00029 6d425935 1e640886
0x000000010b8a5400:   0c402d31 1e6408c7 1f5654d0 1e6c1017
0x000000010b8a5410:   1f5050d0 1f504cd0 1f5048d0 1e650af6
0x000000010b8a5420:   1f50d8f6 1f5694d6 1f5158f6 1e762880
0x000000010b8a5430:   36000501 1e614000 14000026 2e251ca5
0x000000010b8a5440:   d29c3009 f2a07b29 f2c00029 6d425d36
0x000000010b8a5450:   1e600806 0c402d32 1f5758c7 1e6c101a
0x000000010b8a5460:   1f4754c7 1e650805 1f4750c7 d2866668
0x000000010b8a5470:   f2a7fa68 1f474cc7 1e6608c0 1f4748c7
0x000000010b8a5480:   1e6e1019 eb08007f 540000ac 1f479400
0x000000010b8a5490:   1f460340 1e603b20 1400000e d2a7fd29
0x000000010b8a54a0:   eb09007f 540000ac 51480069 d3607d29
0x000000010b8a54b0:   9e670121 14000002 1e6a5001 1f679417
0x000000010b8a54c0:   1f668742 1e613b23 1e773857 1e773860
0x000000010b8a54d0:   a8c17ff3 910003bf a8c17bfd d65f03c0
0x000000010b8a54e0:   b9400001 aa0103e0 d65f03c0 f9400001
0x000000010b8a54f0:   aa0103e0 d65f03c0 00000000 00000000
0x000000010b8a5500:   00000000 00000000 00000000 00000000
0x000000010b8a5510:   00000000 00000000 00000000 00000000
0x000000010b8a5520:   00000000 00000000 00000000 00000000
0x000000010b8a5530:   00000000 00000000 00000000 00000000
0x000000010b8a5540:   00000000 00000000 00000000 00000000
0x000000010b8a5550:   00000000 00000000 00000000 00000000
0x000000010b8a5560:   00000000 00000000 00000000 00000000
0x000000010b8a5570:   00000000 00000000 00000000 00000000
0x000000010b8a5580:   00000000 00000000 00000000 00000000
0x000000010b8a5590:   00000000 00000000 00000000 00000000
0x000000010b8a55a0:   00000000 00000000 00000000 00000000
0x000000010b8a55b0:   00000000 00000000 00000000 00000000
0x000000010b8a55c0:   00000000 00000000 00000000 00000000
0x000000010b8a55d0:   00000000 00000000 00000000 00000000
0x000000010b8a55e0:   00000000 00000000 00000000 00000000 


Stack slot to memory mapping:
stack at sp + 0 slots: 0x0000000121118270 is pointing into metadata
stack at sp + 1 slots: 0x0000000000000001 is an unknown value
stack at sp + 2 slots: 0x0000000178a369a8 is pointing into the stack for thread: 0x0000000151811e00
stack at sp + 3 slots: 0x0000600000a48870 points into unknown readable memory: 0x0100000218f36031 | 31 60 f3 18 02 00 00 01
stack at sp + 4 slots: 0x0 is NULL
stack at sp + 5 slots: 0x0000000152910fb0 is a global jni handle
stack at sp + 6 slots: 0x0000000152910fb0 is a global jni handle
stack at sp + 7 slots: 0x0000600002360850 points into unknown readable memory: 0x0000600000a79790 | 90 97 a7 00 00 60 00 00

StubRoutines::SafeFetchN [0x000000010b8a54ec, 0x000000010b8a54f8] (12 bytes)
[MachCode]
  0x000000010b8a54ec: 0100 40f9 | e003 01aa | c003 5fd6 
[/MachCode]

---------------  P R O C E S S  ---------------

Threads class SMR info:
_java_thread_list=0x00006000008a2940, length=20, elements={
0x0000000153012000, 0x00000001530c6000, 0x00000001530c8800, 0x000000015100d000,
0x0000000151808800, 0x0000000151808e00, 0x000000014100a400, 0x000000014100aa00,
0x0000000141013000, 0x000000015100d600, 0x000000015200cc00, 0x000000015200a000,
0x0000000151809400, 0x0000000151811e00, 0x00000001510b7000, 0x000000015191ac00,
0x0000000152245600, 0x0000000151931e00, 0x00000001519fc800, 0x00000001522bf200
}

Java Threads: ( => current thread )
  0x0000000153012000 JavaThread "main" [_thread_blocked, id=9731, stack(0x000000016dd6c000,0x000000016df6f000)]
  0x00000001530c6000 JavaThread "Reference Handler" daemon [_thread_blocked, id=15363, stack(0x000000016ebc0000,0x000000016edc3000)]
  0x00000001530c8800 JavaThread "Finalizer" daemon [_thread_blocked, id=16643, stack(0x000000016edcc000,0x000000016efcf000)]
  0x000000015100d000 JavaThread "Signal Dispatcher" daemon [_thread_blocked, id=42499, stack(0x000000016f17c000,0x000000016f37f000)]
  0x0000000151808800 JavaThread "Service Thread" daemon [_thread_blocked, id=42243, stack(0x000000016f388000,0x000000016f58b000)]
  0x0000000151808e00 JavaThread "Monitor Deflation Thread" daemon [_thread_blocked, id=41987, stack(0x000000016f594000,0x000000016f797000)]
  0x000000014100a400 JavaThread "C2 CompilerThread0" daemon [_thread_blocked, id=41475, stack(0x000000016f7a0000,0x000000016f9a3000)]
  0x000000014100aa00 JavaThread "C1 CompilerThread0" daemon [_thread_blocked, id=40963, stack(0x000000016f9ac000,0x000000016fbaf000)]
  0x0000000141013000 JavaThread "Sweeper thread" daemon [_thread_blocked, id=23811, stack(0x000000016fbb8000,0x000000016fdbb000)]
  0x000000015100d600 JavaThread "Common-Cleaner" daemon [_thread_blocked, id=40707, stack(0x000000016fdc4000,0x000000016ffc7000)]
  0x000000015200cc00 JavaThread "Monitor Ctrl-Break" daemon [_thread_in_native, id=40451, stack(0x0000000178004000,0x0000000178207000)]
  0x000000015200a000 JavaThread "Notification Thread" daemon [_thread_blocked, id=24579, stack(0x0000000178210000,0x0000000178413000)]
  0x0000000151809400 JavaThread "QuantumRenderer-0" daemon [_thread_blocked, id=24835, stack(0x0000000178628000,0x000000017882b000)]
=>0x0000000151811e00 JavaThread "InvokeLaterDispatcher" daemon [_thread_in_native, id=28939, stack(0x0000000178834000,0x0000000178a37000)]
  0x00000001510b7000 JavaThread "JavaFX Application Thread" [_thread_in_native, id=259, stack(0x000000016d4e4000,0x000000016dce0000)]
  0x000000015191ac00 JavaThread "PulseTimer-CVDisplayLink thread" daemon [_thread_in_native, id=51459, stack(0x0000000178a40000,0x0000000178ac3000)]
  0x0000000152245600 JavaThread "JavaFX-Launcher" [_thread_blocked, id=51979, stack(0x0000000178b58000,0x0000000178d5b000)]
  0x0000000151931e00 JavaThread "Prism Font Disposer" daemon [_thread_blocked, id=58379, stack(0x00000001797a0000,0x00000001799a3000)]
  0x00000001519fc800 JavaThread "Cleaner-0" daemon [_thread_blocked, id=75787, stack(0x0000000179ac4000,0x0000000179cc7000)]
  0x00000001522bf200 JavaThread "Attach Listener" daemon [_thread_blocked, id=1323, stack(0x0000000179cd0000,0x0000000179ed3000)]

Other Threads:
  0x000000015290e0e0 VMThread "VM Thread" [stack: 0x000000016e9b4000,0x000000016ebb7000] [id=17155]
  0x0000000152806690 WatcherThread [stack: 0x000000017841c000,0x000000017861f000] [id=39683]
  0x0000000152906f60 GCTaskThread "GC Thread#0" [stack: 0x000000016df78000,0x000000016e17b000] [id=20227]
  0x0000000150f398f0 GCTaskThread "GC Thread#1" [stack: 0x0000000178d64000,0x0000000178f67000] [id=56067]
  0x0000000150e25df0 GCTaskThread "GC Thread#2" [stack: 0x0000000178f70000,0x0000000179173000] [id=75267]
  0x0000000150e26270 GCTaskThread "GC Thread#3" [stack: 0x000000017917c000,0x000000017937f000] [id=75011]
  0x0000000140e07be0 GCTaskThread "GC Thread#4" [stack: 0x0000000179388000,0x000000017958b000] [id=56579]
  0x0000000140f06130 GCTaskThread "GC Thread#5" [stack: 0x0000000179594000,0x0000000179797000] [id=74243]
  0x0000000152907610 ConcurrentGCThread "G1 Main Marker" [stack: 0x000000016e184000,0x000000016e387000] [id=19715]
  0x0000000152907e90 ConcurrentGCThread "G1 Conc#0" [stack: 0x000000016e390000,0x000000016e593000] [id=18947]
  0x0000000152909d00 ConcurrentGCThread "G1 Refine#0" [stack: 0x000000016e59c000,0x000000016e79f000] [id=13571]
  0x000000015290a5a0 ConcurrentGCThread "G1 Service" [stack: 0x000000016e7a8000,0x000000016e9ab000] [id=18691]

Threads with active compile tasks:

VM state: not at safepoint (normal execution)

VM Mutex/Monitor currently owned by a thread: None

Heap address: 0x0000000780000000, size: 2048 MB, Compressed Oops mode: Zero based, Oop shift amount: 3

CDS archive(s) mapped at: [0x0000000800000000-0x0000000800bd4000-0x0000000800bd4000), size 12402688, SharedBaseAddress: 0x0000000800000000, ArchiveRelocationMode: 0.
Compressed class space mapped at: 0x0000000800c00000-0x0000000840c00000, reserved size: 1073741824
Narrow klass base: 0x0000000800000000, Narrow klass shift: 0, Narrow klass range: 0x100000000

GC Precious Log:
 CPUs: 8 total, 8 available
 Memory: 8192M
 Large Page Support: Disabled
 NUMA Support: Disabled
 Compressed Oops: Enabled (Zero based)
 Heap Region Size: 1M
 Heap Min Capacity: 8M
 Heap Initial Capacity: 128M
 Heap Max Capacity: 2G
 Pre-touch: Disabled
 Parallel Workers: 8
 Concurrent Workers: 2
 Concurrent Refinement Workers: 8
 Periodic GC: Disabled

Heap:
 garbage-first heap   total 133120K, used 36597K [0x0000000780000000, 0x0000000800000000)
  region size 1024K, 33 young (33792K), 3 survivors (3072K)
 Metaspace       used 14561K, committed 14848K, reserved 1064960K
  class space    used 2170K, committed 2304K, reserved 1048576K

Heap Regions: E=young(eden), S=young(survivor), O=old, HS=humongous(starts), HC=humongous(continues), CS=collection set, F=free, OA=open archive, CA=closed archive, TAMS=top-at-mark-start (previous, next)
|   0|0x0000000780000000, 0x00000007800c5600, 0x0000000780100000| 77%| O|  |TAMS 0x0000000780000000, 0x0000000780000000| Untracked 
|   1|0x0000000780100000, 0x0000000780200000, 0x0000000780200000|100%|HS|  |TAMS 0x0000000780100000, 0x0000000780100000| Complete 
|   2|0x0000000780200000, 0x0000000780300000, 0x0000000780300000|100%|HC|  |TAMS 0x0000000780200000, 0x0000000780200000| Complete 
|   3|0x0000000780300000, 0x0000000780300000, 0x0000000780400000|  0%| F|  |TAMS 0x0000000780300000, 0x0000000780300000| Untracked 
|   4|0x0000000780400000, 0x0000000780400000, 0x0000000780500000|  0%| F|  |TAMS 0x0000000780400000, 0x0000000780400000| Untracked 
|   5|0x0000000780500000, 0x0000000780500000, 0x0000000780600000|  0%| F|  |TAMS 0x0000000780500000, 0x0000000780500000| Untracked 
|   6|0x0000000780600000, 0x0000000780600000, 0x0000000780700000|  0%| F|  |TAMS 0x0000000780600000, 0x0000000780600000| Untracked 
|   7|0x0000000780700000, 0x0000000780700000, 0x0000000780800000|  0%| F|  |TAMS 0x0000000780700000, 0x0000000780700000| Untracked 
|   8|0x0000000780800000, 0x0000000780800000, 0x0000000780900000|  0%| F|  |TAMS 0x0000000780800000, 0x0000000780800000| Untracked 
|   9|0x0000000780900000, 0x0000000780900000, 0x0000000780a00000|  0%| F|  |TAMS 0x0000000780900000, 0x0000000780900000| Untracked 
|  10|0x0000000780a00000, 0x0000000780a00000, 0x0000000780b00000|  0%| F|  |TAMS 0x0000000780a00000, 0x0000000780a00000| Untracked 
|  11|0x0000000780b00000, 0x0000000780b00000, 0x0000000780c00000|  0%| F|  |TAMS 0x0000000780b00000, 0x0000000780b00000| Untracked 
|  12|0x0000000780c00000, 0x0000000780c00000, 0x0000000780d00000|  0%| F|  |TAMS 0x0000000780c00000, 0x0000000780c00000| Untracked 
|  13|0x0000000780d00000, 0x0000000780d00000, 0x0000000780e00000|  0%| F|  |TAMS 0x0000000780d00000, 0x0000000780d00000| Untracked 
|  14|0x0000000780e00000, 0x0000000780e00000, 0x0000000780f00000|  0%| F|  |TAMS 0x0000000780e00000, 0x0000000780e00000| Untracked 
|  15|0x0000000780f00000, 0x0000000780f00000, 0x0000000781000000|  0%| F|  |TAMS 0x0000000780f00000, 0x0000000780f00000| Untracked 
|  16|0x0000000781000000, 0x0000000781000000, 0x0000000781100000|  0%| F|  |TAMS 0x0000000781000000, 0x0000000781000000| Untracked 
|  17|0x0000000781100000, 0x0000000781100000, 0x0000000781200000|  0%| F|  |TAMS 0x0000000781100000, 0x0000000781100000| Untracked 
|  18|0x0000000781200000, 0x0000000781200000, 0x0000000781300000|  0%| F|  |TAMS 0x0000000781200000, 0x0000000781200000| Untracked 
|  19|0x0000000781300000, 0x0000000781300000, 0x0000000781400000|  0%| F|  |TAMS 0x0000000781300000, 0x0000000781300000| Untracked 
|  20|0x0000000781400000, 0x0000000781400000, 0x0000000781500000|  0%| F|  |TAMS 0x0000000781400000, 0x0000000781400000| Untracked 
|  21|0x0000000781500000, 0x0000000781500000, 0x0000000781600000|  0%| F|  |TAMS 0x0000000781500000, 0x0000000781500000| Untracked 
|  22|0x0000000781600000, 0x0000000781600000, 0x0000000781700000|  0%| F|  |TAMS 0x0000000781600000, 0x0000000781600000| Untracked 
|  23|0x0000000781700000, 0x0000000781700000, 0x0000000781800000|  0%| F|  |TAMS 0x0000000781700000, 0x0000000781700000| Untracked 
|  24|0x0000000781800000, 0x0000000781800000, 0x0000000781900000|  0%| F|  |TAMS 0x0000000781800000, 0x0000000781800000| Untracked 
|  25|0x0000000781900000, 0x0000000781900000, 0x0000000781a00000|  0%| F|  |TAMS 0x0000000781900000, 0x0000000781900000| Untracked 
|  26|0x0000000781a00000, 0x0000000781a00000, 0x0000000781b00000|  0%| F|  |TAMS 0x0000000781a00000, 0x0000000781a00000| Untracked 
|  27|0x0000000781b00000, 0x0000000781b00000, 0x0000000781c00000|  0%| F|  |TAMS 0x0000000781b00000, 0x0000000781b00000| Untracked 
|  28|0x0000000781c00000, 0x0000000781c00000, 0x0000000781d00000|  0%| F|  |TAMS 0x0000000781c00000, 0x0000000781c00000| Untracked 
|  29|0x0000000781d00000, 0x0000000781d00000, 0x0000000781e00000|  0%| F|  |TAMS 0x0000000781d00000, 0x0000000781d00000| Untracked 
|  30|0x0000000781e00000, 0x0000000781e00000, 0x0000000781f00000|  0%| F|  |TAMS 0x0000000781e00000, 0x0000000781e00000| Untracked 
|  31|0x0000000781f00000, 0x0000000781f00000, 0x0000000782000000|  0%| F|  |TAMS 0x0000000781f00000, 0x0000000781f00000| Untracked 
|  32|0x0000000782000000, 0x0000000782000000, 0x0000000782100000|  0%| F|  |TAMS 0x0000000782000000, 0x0000000782000000| Untracked 
|  33|0x0000000782100000, 0x0000000782100000, 0x0000000782200000|  0%| F|  |TAMS 0x0000000782100000, 0x0000000782100000| Untracked 
|  34|0x0000000782200000, 0x0000000782200000, 0x0000000782300000|  0%| F|  |TAMS 0x0000000782200000, 0x0000000782200000| Untracked 
|  35|0x0000000782300000, 0x0000000782300000, 0x0000000782400000|  0%| F|  |TAMS 0x0000000782300000, 0x0000000782300000| Untracked 
|  36|0x0000000782400000, 0x0000000782400000, 0x0000000782500000|  0%| F|  |TAMS 0x0000000782400000, 0x0000000782400000| Untracked 
|  37|0x0000000782500000, 0x0000000782500000, 0x0000000782600000|  0%| F|  |TAMS 0x0000000782500000, 0x0000000782500000| Untracked 
|  38|0x0000000782600000, 0x0000000782600000, 0x0000000782700000|  0%| F|  |TAMS 0x0000000782600000, 0x0000000782600000| Untracked 
|  39|0x0000000782700000, 0x0000000782700000, 0x0000000782800000|  0%| F|  |TAMS 0x0000000782700000, 0x0000000782700000| Untracked 
|  40|0x0000000782800000, 0x0000000782800000, 0x0000000782900000|  0%| F|  |TAMS 0x0000000782800000, 0x0000000782800000| Untracked 
|  41|0x0000000782900000, 0x0000000782900000, 0x0000000782a00000|  0%| F|  |TAMS 0x0000000782900000, 0x0000000782900000| Untracked 
|  42|0x0000000782a00000, 0x0000000782a00000, 0x0000000782b00000|  0%| F|  |TAMS 0x0000000782a00000, 0x0000000782a00000| Untracked 
|  43|0x0000000782b00000, 0x0000000782b00000, 0x0000000782c00000|  0%| F|  |TAMS 0x0000000782b00000, 0x0000000782b00000| Untracked 
|  44|0x0000000782c00000, 0x0000000782c00000, 0x0000000782d00000|  0%| F|  |TAMS 0x0000000782c00000, 0x0000000782c00000| Untracked 
|  45|0x0000000782d00000, 0x0000000782d00000, 0x0000000782e00000|  0%| F|  |TAMS 0x0000000782d00000, 0x0000000782d00000| Untracked 
|  46|0x0000000782e00000, 0x0000000782e00000, 0x0000000782f00000|  0%| F|  |TAMS 0x0000000782e00000, 0x0000000782e00000| Untracked 
|  47|0x0000000782f00000, 0x0000000782f00000, 0x0000000783000000|  0%| F|  |TAMS 0x0000000782f00000, 0x0000000782f00000| Untracked 
|  48|0x0000000783000000, 0x0000000783000000, 0x0000000783100000|  0%| F|  |TAMS 0x0000000783000000, 0x0000000783000000| Untracked 
|  49|0x0000000783100000, 0x0000000783100000, 0x0000000783200000|  0%| F|  |TAMS 0x0000000783100000, 0x0000000783100000| Untracked 
|  50|0x0000000783200000, 0x0000000783200000, 0x0000000783300000|  0%| F|  |TAMS 0x0000000783200000, 0x0000000783200000| Untracked 
|  51|0x0000000783300000, 0x0000000783300000, 0x0000000783400000|  0%| F|  |TAMS 0x0000000783300000, 0x0000000783300000| Untracked 
|  52|0x0000000783400000, 0x0000000783400000, 0x0000000783500000|  0%| F|  |TAMS 0x0000000783400000, 0x0000000783400000| Untracked 
|  53|0x0000000783500000, 0x0000000783500000, 0x0000000783600000|  0%| F|  |TAMS 0x0000000783500000, 0x0000000783500000| Untracked 
|  54|0x0000000783600000, 0x0000000783600000, 0x0000000783700000|  0%| F|  |TAMS 0x0000000783600000, 0x0000000783600000| Untracked 
|  55|0x0000000783700000, 0x0000000783700000, 0x0000000783800000|  0%| F|  |TAMS 0x0000000783700000, 0x0000000783700000| Untracked 
|  56|0x0000000783800000, 0x0000000783800000, 0x0000000783900000|  0%| F|  |TAMS 0x0000000783800000, 0x0000000783800000| Untracked 
|  57|0x0000000783900000, 0x0000000783900000, 0x0000000783a00000|  0%| F|  |TAMS 0x0000000783900000, 0x0000000783900000| Untracked 
|  58|0x0000000783a00000, 0x0000000783a00000, 0x0000000783b00000|  0%| F|  |TAMS 0x0000000783a00000, 0x0000000783a00000| Untracked 
|  59|0x0000000783b00000, 0x0000000783b00000, 0x0000000783c00000|  0%| F|  |TAMS 0x0000000783b00000, 0x0000000783b00000| Untracked 
|  60|0x0000000783c00000, 0x0000000783c00000, 0x0000000783d00000|  0%| F|  |TAMS 0x0000000783c00000, 0x0000000783c00000| Untracked 
|  61|0x0000000783d00000, 0x0000000783d00000, 0x0000000783e00000|  0%| F|  |TAMS 0x0000000783d00000, 0x0000000783d00000| Untracked 
|  62|0x0000000783e00000, 0x0000000783e00000, 0x0000000783f00000|  0%| F|  |TAMS 0x0000000783e00000, 0x0000000783e00000| Untracked 
|  63|0x0000000783f00000, 0x0000000783f00000, 0x0000000784000000|  0%| F|  |TAMS 0x0000000783f00000, 0x0000000783f00000| Untracked 
|  64|0x0000000784000000, 0x0000000784000000, 0x0000000784100000|  0%| F|  |TAMS 0x0000000784000000, 0x0000000784000000| Untracked 
|  65|0x0000000784100000, 0x0000000784100000, 0x0000000784200000|  0%| F|  |TAMS 0x0000000784100000, 0x0000000784100000| Untracked 
|  66|0x0000000784200000, 0x0000000784200000, 0x0000000784300000|  0%| F|  |TAMS 0x0000000784200000, 0x0000000784200000| Untracked 
|  67|0x0000000784300000, 0x0000000784300000, 0x0000000784400000|  0%| F|  |TAMS 0x0000000784300000, 0x0000000784300000| Untracked 
|  68|0x0000000784400000, 0x0000000784400000, 0x0000000784500000|  0%| F|  |TAMS 0x0000000784400000, 0x0000000784400000| Untracked 
|  69|0x0000000784500000, 0x0000000784500000, 0x0000000784600000|  0%| F|  |TAMS 0x0000000784500000, 0x0000000784500000| Untracked 
|  70|0x0000000784600000, 0x0000000784600000, 0x0000000784700000|  0%| F|  |TAMS 0x0000000784600000, 0x0000000784600000| Untracked 
|  71|0x0000000784700000, 0x0000000784700000, 0x0000000784800000|  0%| F|  |TAMS 0x0000000784700000, 0x0000000784700000| Untracked 
|  72|0x0000000784800000, 0x0000000784800000, 0x0000000784900000|  0%| F|  |TAMS 0x0000000784800000, 0x0000000784800000| Untracked 
|  73|0x0000000784900000, 0x0000000784900000, 0x0000000784a00000|  0%| F|  |TAMS 0x0000000784900000, 0x0000000784900000| Untracked 
|  74|0x0000000784a00000, 0x0000000784a00000, 0x0000000784b00000|  0%| F|  |TAMS 0x0000000784a00000, 0x0000000784a00000| Untracked 
|  75|0x0000000784b00000, 0x0000000784b00000, 0x0000000784c00000|  0%| F|  |TAMS 0x0000000784b00000, 0x0000000784b00000| Untracked 
|  76|0x0000000784c00000, 0x0000000784c00000, 0x0000000784d00000|  0%| F|  |TAMS 0x0000000784c00000, 0x0000000784c00000| Untracked 
|  77|0x0000000784d00000, 0x0000000784d00000, 0x0000000784e00000|  0%| F|  |TAMS 0x0000000784d00000, 0x0000000784d00000| Untracked 
|  78|0x0000000784e00000, 0x0000000784e00000, 0x0000000784f00000|  0%| F|  |TAMS 0x0000000784e00000, 0x0000000784e00000| Untracked 
|  79|0x0000000784f00000, 0x0000000784f00000, 0x0000000785000000|  0%| F|  |TAMS 0x0000000784f00000, 0x0000000784f00000| Untracked 
|  80|0x0000000785000000, 0x0000000785000000, 0x0000000785100000|  0%| F|  |TAMS 0x0000000785000000, 0x0000000785000000| Untracked 
|  81|0x0000000785100000, 0x0000000785100000, 0x0000000785200000|  0%| F|  |TAMS 0x0000000785100000, 0x0000000785100000| Untracked 
|  82|0x0000000785200000, 0x0000000785200000, 0x0000000785300000|  0%| F|  |TAMS 0x0000000785200000, 0x0000000785200000| Untracked 
|  83|0x0000000785300000, 0x0000000785300000, 0x0000000785400000|  0%| F|  |TAMS 0x0000000785300000, 0x0000000785300000| Untracked 
|  84|0x0000000785400000, 0x0000000785400000, 0x0000000785500000|  0%| F|  |TAMS 0x0000000785400000, 0x0000000785400000| Untracked 
|  85|0x0000000785500000, 0x0000000785500000, 0x0000000785600000|  0%| F|  |TAMS 0x0000000785500000, 0x0000000785500000| Untracked 
|  86|0x0000000785600000, 0x0000000785600000, 0x0000000785700000|  0%| F|  |TAMS 0x0000000785600000, 0x0000000785600000| Untracked 
|  87|0x0000000785700000, 0x0000000785700000, 0x0000000785800000|  0%| F|  |TAMS 0x0000000785700000, 0x0000000785700000| Untracked 
|  88|0x0000000785800000, 0x0000000785800000, 0x0000000785900000|  0%| F|  |TAMS 0x0000000785800000, 0x0000000785800000| Untracked 
|  89|0x0000000785900000, 0x0000000785900000, 0x0000000785a00000|  0%| F|  |TAMS 0x0000000785900000, 0x0000000785900000| Untracked 
|  90|0x0000000785a00000, 0x0000000785a00000, 0x0000000785b00000|  0%| F|  |TAMS 0x0000000785a00000, 0x0000000785a00000| Untracked 
|  91|0x0000000785b00000, 0x0000000785b00000, 0x0000000785c00000|  0%| F|  |TAMS 0x0000000785b00000, 0x0000000785b00000| Untracked 
|  92|0x0000000785c00000, 0x0000000785c00000, 0x0000000785d00000|  0%| F|  |TAMS 0x0000000785c00000, 0x0000000785c00000| Untracked 
|  93|0x0000000785d00000, 0x0000000785d00000, 0x0000000785e00000|  0%| F|  |TAMS 0x0000000785d00000, 0x0000000785d00000| Untracked 
|  94|0x0000000785e00000, 0x0000000785e00000, 0x0000000785f00000|  0%| F|  |TAMS 0x0000000785e00000, 0x0000000785e00000| Untracked 
|  95|0x0000000785f00000, 0x0000000786000000, 0x0000000786000000|100%| E|  |TAMS 0x0000000785f00000, 0x0000000785f00000| Complete 
|  96|0x0000000786000000, 0x0000000786100000, 0x0000000786100000|100%| E|CS|TAMS 0x0000000786000000, 0x0000000786000000| Complete 
|  97|0x0000000786100000, 0x0000000786200000, 0x0000000786200000|100%| E|CS|TAMS 0x0000000786100000, 0x0000000786100000| Complete 
|  98|0x0000000786200000, 0x0000000786300000, 0x0000000786300000|100%| E|CS|TAMS 0x0000000786200000, 0x0000000786200000| Complete 
|  99|0x0000000786300000, 0x0000000786400000, 0x0000000786400000|100%| E|CS|TAMS 0x0000000786300000, 0x0000000786300000| Complete 
| 100|0x0000000786400000, 0x0000000786500000, 0x0000000786500000|100%| E|CS|TAMS 0x0000000786400000, 0x0000000786400000| Complete 
| 101|0x0000000786500000, 0x0000000786600000, 0x0000000786600000|100%| E|CS|TAMS 0x0000000786500000, 0x0000000786500000| Complete 
| 102|0x0000000786600000, 0x0000000786700000, 0x0000000786700000|100%| S|CS|TAMS 0x0000000786600000, 0x0000000786600000| Complete 
| 103|0x0000000786700000, 0x0000000786800000, 0x0000000786800000|100%| S|CS|TAMS 0x0000000786700000, 0x0000000786700000| Complete 
| 104|0x0000000786800000, 0x0000000786900000, 0x0000000786900000|100%| S|CS|TAMS 0x0000000786800000, 0x0000000786800000| Complete 
| 105|0x0000000786900000, 0x0000000786a00000, 0x0000000786a00000|100%| E|CS|TAMS 0x0000000786900000, 0x0000000786900000| Complete 
| 106|0x0000000786a00000, 0x0000000786b00000, 0x0000000786b00000|100%| E|CS|TAMS 0x0000000786a00000, 0x0000000786a00000| Complete 
| 107|0x0000000786b00000, 0x0000000786c00000, 0x0000000786c00000|100%| E|CS|TAMS 0x0000000786b00000, 0x0000000786b00000| Complete 
| 108|0x0000000786c00000, 0x0000000786d00000, 0x0000000786d00000|100%| E|CS|TAMS 0x0000000786c00000, 0x0000000786c00000| Complete 
| 109|0x0000000786d00000, 0x0000000786e00000, 0x0000000786e00000|100%| E|CS|TAMS 0x0000000786d00000, 0x0000000786d00000| Complete 
| 110|0x0000000786e00000, 0x0000000786f00000, 0x0000000786f00000|100%| E|CS|TAMS 0x0000000786e00000, 0x0000000786e00000| Complete 
| 111|0x0000000786f00000, 0x0000000787000000, 0x0000000787000000|100%| E|CS|TAMS 0x0000000786f00000, 0x0000000786f00000| Complete 
| 112|0x0000000787000000, 0x0000000787100000, 0x0000000787100000|100%| E|CS|TAMS 0x0000000787000000, 0x0000000787000000| Complete 
| 113|0x0000000787100000, 0x0000000787200000, 0x0000000787200000|100%| E|CS|TAMS 0x0000000787100000, 0x0000000787100000| Complete 
| 114|0x0000000787200000, 0x0000000787300000, 0x0000000787300000|100%| E|CS|TAMS 0x0000000787200000, 0x0000000787200000| Complete 
| 115|0x0000000787300000, 0x0000000787400000, 0x0000000787400000|100%| E|CS|TAMS 0x0000000787300000, 0x0000000787300000| Complete 
| 116|0x0000000787400000, 0x0000000787500000, 0x0000000787500000|100%| E|CS|TAMS 0x0000000787400000, 0x0000000787400000| Complete 
| 117|0x0000000787500000, 0x0000000787600000, 0x0000000787600000|100%| E|CS|TAMS 0x0000000787500000, 0x0000000787500000| Complete 
| 118|0x0000000787600000, 0x0000000787700000, 0x0000000787700000|100%| E|CS|TAMS 0x0000000787600000, 0x0000000787600000| Complete 
| 119|0x0000000787700000, 0x0000000787800000, 0x0000000787800000|100%| E|CS|TAMS 0x0000000787700000, 0x0000000787700000| Complete 
| 120|0x0000000787800000, 0x0000000787900000, 0x0000000787900000|100%| E|CS|TAMS 0x0000000787800000, 0x0000000787800000| Complete 
| 121|0x0000000787900000, 0x0000000787a00000, 0x0000000787a00000|100%| E|CS|TAMS 0x0000000787900000, 0x0000000787900000| Complete 
| 122|0x0000000787a00000, 0x0000000787b00000, 0x0000000787b00000|100%| E|CS|TAMS 0x0000000787a00000, 0x0000000787a00000| Complete 
| 123|0x0000000787b00000, 0x0000000787c00000, 0x0000000787c00000|100%| E|CS|TAMS 0x0000000787b00000, 0x0000000787b00000| Complete 
| 124|0x0000000787c00000, 0x0000000787d00000, 0x0000000787d00000|100%| E|CS|TAMS 0x0000000787c00000, 0x0000000787c00000| Complete 
| 125|0x0000000787d00000, 0x0000000787e00000, 0x0000000787e00000|100%| E|CS|TAMS 0x0000000787d00000, 0x0000000787d00000| Complete 
| 126|0x0000000787e00000, 0x0000000787f00000, 0x0000000787f00000|100%| E|CS|TAMS 0x0000000787e00000, 0x0000000787e00000| Complete 
| 127|0x0000000787f00000, 0x0000000788000000, 0x0000000788000000|100%| E|CS|TAMS 0x0000000787f00000, 0x0000000787f00000| Complete 
|2046|0x00000007ffe00000, 0x00000007ffe78000, 0x00000007fff00000| 46%|OA|  |TAMS 0x00000007ffe00000, 0x00000007ffe00000| Untracked 
|2047|0x00000007fff00000, 0x00000007fff80000, 0x0000000800000000| 50%|CA|  |TAMS 0x00000007fff00000, 0x00000007fff00000| Untracked 

Card table byte_map: [0x0000000102a30000,0x0000000102e30000] _byte_map_base: 0x00000000fee30000

Marking Bits (Prev, Next): (CMBitMap*) 0x0000000153039210, (CMBitMap*) 0x0000000153039250
 Prev Bits: [0x000000011a8a4000, 0x000000011c8a4000)
 Next Bits: [0x000000011c8a4000, 0x000000011e8a4000)

Polling page: 0x0000000102358000

Metaspace:

Usage:
  Non-class:     12.10 MB used.
      Class:      2.12 MB used.
       Both:     14.22 MB used.

Virtual space:
  Non-class space:       16.00 MB reserved,      12.25 MB ( 77%) committed,  2 nodes.
      Class space:        1.00 GB reserved,       2.25 MB ( <1%) committed,  1 nodes.
             Both:        1.02 GB reserved,      14.50 MB (  1%) committed. 

Chunk freelists:
   Non-Class:  3.73 MB
       Class:  1.77 MB
        Both:  5.50 MB

MaxMetaspaceSize: unlimited
CompressedClassSpaceSize: 1.00 GB
Initial GC threshold: 21.00 MB
Current GC threshold: 21.00 MB
CDS: on
MetaspaceReclaimPolicy: balanced
 - commit_granule_bytes: 65536.
 - commit_granule_words: 8192.
 - virtual_space_node_default_size: 1048576.
 - enlarge_chunks_in_place: 1.
 - new_chunks_are_fully_committed: 0.
 - uncommit_free_chunks: 1.
 - use_allocation_guard: 0.
 - handle_deallocations: 1.


Internal statistics:

num_allocs_failed_limit: 0.
num_arena_births: 190.
num_arena_deaths: 0.
num_vsnodes_births: 3.
num_vsnodes_deaths: 0.
num_space_committed: 232.
num_space_uncommitted: 0.
num_chunks_returned_to_freelist: 0.
num_chunks_taken_from_freelist: 631.
num_chunk_merges: 0.
num_chunk_splits: 435.
num_chunks_enlarged: 349.
num_purges: 0.
num_inconsistent_stats: 0.

CodeHeap 'non-profiled nmethods': size=120032Kb used=597Kb max_used=597Kb free=119434Kb
 bounds [0x000000011336c000, 0x00000001135dc000, 0x000000011a8a4000]
CodeHeap 'profiled nmethods': size=120016Kb used=3443Kb max_used=3443Kb free=116572Kb
 bounds [0x000000010be38000, 0x000000010c198000, 0x000000011336c000]
CodeHeap 'non-nmethods': size=5712Kb used=1367Kb max_used=1396Kb free=4344Kb
 bounds [0x000000010b8a4000, 0x000000010bb14000, 0x000000010be38000]
 total_blobs=2605 nmethods=1844 adapters=678
 compilation: enabled
              stopped_count=0, restarted_count=0
 full_count=0

Compilation events (20 events):
Event: 1.802 Thread 0x000000014100aa00 nmethod 1886 0x00000001133ff390 code [0x00000001133ff500, 0x00000001133ff5e8]
Event: 1.807 Thread 0x000000014100aa00 1887       3       java.util.concurrent.locks.ReentrantLock$Sync::isHeldExclusively (16 bytes)
Event: 1.808 Thread 0x000000014100aa00 nmethod 1887 0x000000010c191090 code [0x000000010c191240, 0x000000010c191428]
Event: 1.809 Thread 0x000000014100aa00 1888       1       com.sun.javafx.geom.PickRay::getDirectionNoClone (5 bytes)
Event: 1.809 Thread 0x000000014100aa00 nmethod 1888 0x00000001133ff690 code [0x00000001133ff800, 0x00000001133ff8e8]
Event: 1.817 Thread 0x000000014100aa00 1889       3       java.security.AccessController::checkContext (49 bytes)
Event: 1.818 Thread 0x000000014100aa00 nmethod 1889 0x000000010c191490 code [0x000000010c1916c0, 0x000000010c191c48]
Event: 1.826 Thread 0x000000014100aa00 1890       1       javafx.geometry.Point3D::getX (5 bytes)
Event: 1.826 Thread 0x000000014100aa00 nmethod 1890 0x00000001133ff990 code [0x00000001133ffb00, 0x00000001133ffbe8]
Event: 1.826 Thread 0x000000014100aa00 1891       1       javafx.geometry.Point3D::getY (5 bytes)
Event: 1.826 Thread 0x000000014100aa00 nmethod 1891 0x00000001133ffc90 code [0x00000001133ffe00, 0x00000001133ffee8]
Event: 1.826 Thread 0x000000014100aa00 1892       1       javafx.geometry.Point3D::getZ (5 bytes)
Event: 1.826 Thread 0x000000014100aa00 nmethod 1892 0x00000001133fff90 code [0x0000000113400100, 0x00000001134001e8]
Event: 1.834 Thread 0x000000014100aa00 1893       1       com.sun.javafx.geom.PickRay::getOriginNoClone (5 bytes)
Event: 1.834 Thread 0x000000014100aa00 nmethod 1893 0x0000000113400290 code [0x0000000113400400, 0x00000001134004e8]
Event: 1.834 Thread 0x000000014100aa00 1894       1       com.sun.javafx.event.BasicEventDispatcher::getNextDispatcher (5 bytes)
Event: 1.834 Thread 0x000000014100aa00 nmethod 1894 0x0000000113400590 code [0x0000000113400700, 0x00000001134007e8]
Event: 1.842 Thread 0x000000014100aa00 1895       3       javafx.scene.Node::getEffect (21 bytes)
Event: 1.842 Thread 0x000000014100aa00 nmethod 1895 0x000000010c191e90 code [0x000000010c192080, 0x000000010c192698]
Event: 1.842 Thread 0x000000014100aa00 1897       3       java.lang.ThreadLocal$ThreadLocalMap::getEntry (42 bytes)

GC Heap History (2 events):
Event: 0.341 GC heap before
{Heap before GC invocations=0 (full 0):
 garbage-first heap   total 133120K, used 24544K [0x0000000780000000, 0x0000000800000000)
  region size 1024K, 23 young (23552K), 0 survivors (0K)
 Metaspace       used 7727K, committed 7936K, reserved 1056768K
  class space    used 980K, committed 1088K, reserved 1048576K
}
Event: 0.346 GC heap after
{Heap after GC invocations=1 (full 0):
 garbage-first heap   total 133120K, used 4853K [0x0000000780000000, 0x0000000800000000)
  region size 1024K, 3 young (3072K), 3 survivors (3072K)
 Metaspace       used 7727K, committed 7936K, reserved 1056768K
  class space    used 980K, committed 1088K, reserved 1048576K
}

Deoptimization events (20 events):
Event: 0.605 Thread 0x00000001510b7000 Uncommon trap: trap_request=0xffffffde fr.pc=0x00000001133d76b0 relative=0x00000000000000f0
Event: 0.605 Thread 0x00000001510b7000 Uncommon trap: reason=class_check action=maybe_recompile pc=0x00000001133d76b0 method=jdk.internal.misc.Unsafe.allocateUninitializedArray(Ljava/lang/Class;I)Ljava/lang/Object; @ 51 c2
Event: 0.605 Thread 0x00000001510b7000 DEOPT PACKING pc=0x00000001133d76b0 sp=0x000000016dcd9640
Event: 0.605 Thread 0x00000001510b7000 DEOPT UNPACKING pc=0x000000010b8e2d1c sp=0x000000016dcd95d0 mode 2
Event: 0.629 Thread 0x00000001510b7000 Uncommon trap: trap_request=0xffffffbe fr.pc=0x00000001133c6ac4 relative=0x00000000000003c4
Event: 0.629 Thread 0x00000001510b7000 Uncommon trap: reason=profile_predicate action=maybe_recompile pc=0x00000001133c6ac4 method=java.lang.PublicMethods$MethodList.filter([Ljava/lang/reflect/Method;Ljava/lang/String;[Ljava/lang/Class;Z)Ljava/lang/PublicMethods$MethodList; @ 21 c2
Event: 0.629 Thread 0x00000001510b7000 DEOPT PACKING pc=0x00000001133c6ac4 sp=0x000000016dcd9740
Event: 0.629 Thread 0x00000001510b7000 DEOPT UNPACKING pc=0x000000010b8e2d1c sp=0x000000016dcd96d0 mode 2
Event: 0.636 Thread 0x00000001510b7000 Uncommon trap: trap_request=0xffffff45 fr.pc=0x00000001133bb3dc relative=0x000000000000019c
Event: 0.636 Thread 0x00000001510b7000 Uncommon trap: reason=unstable_if action=reinterpret pc=0x00000001133bb3dc method=java.io.ByteArrayInputStream.read()I @ 8 c2
Event: 0.636 Thread 0x00000001510b7000 DEOPT PACKING pc=0x00000001133bb3dc sp=0x000000016dcd91a0
Event: 0.636 Thread 0x00000001510b7000 DEOPT UNPACKING pc=0x000000010b8e2d1c sp=0x000000016dcd9120 mode 2
Event: 1.173 Thread 0x00000001522bf200 Uncommon trap: trap_request=0xffffff45 fr.pc=0x00000001133c9ee4 relative=0x0000000000000e24
Event: 1.173 Thread 0x00000001522bf200 Uncommon trap: reason=unstable_if action=reinterpret pc=0x00000001133c9ee4 method=java.util.concurrent.ConcurrentHashMap.putVal(Ljava/lang/Object;Ljava/lang/Object;Z)Ljava/lang/Object; @ 148 c2
Event: 1.173 Thread 0x00000001522bf200 DEOPT PACKING pc=0x00000001133c9ee4 sp=0x0000000179ed18e0
Event: 1.174 Thread 0x00000001522bf200 DEOPT UNPACKING pc=0x000000010b8e2d1c sp=0x0000000179ed17f0 mode 2
Event: 1.175 Thread 0x00000001522bf200 Uncommon trap: trap_request=0xffffff45 fr.pc=0x00000001133794c4 relative=0x0000000000000104
Event: 1.175 Thread 0x00000001522bf200 Uncommon trap: reason=unstable_if action=reinterpret pc=0x00000001133794c4 method=java.lang.StringLatin1.lastIndexOf([BI[BII)I @ 86 c2
Event: 1.175 Thread 0x00000001522bf200 DEOPT PACKING pc=0x00000001133794c4 sp=0x0000000179ed18d0
Event: 1.175 Thread 0x00000001522bf200 DEOPT UNPACKING pc=0x000000010b8e2d1c sp=0x0000000179ed1830 mode 2

Classes unloaded (0 events):
No events

Classes redefined (0 events):
No events

Internal exceptions (20 events):
Event: 0.325 Thread 0x00000001510b7000 Exception <a 'java/lang/NoSuchMethodError'{0x0000000786a51fa8}: 'java.lang.Object java.lang.invoke.DirectMethodHandle$Holder.invokeStatic(java.lang.Object, int, java.lang.Object)'> (0x0000000786a51fa8) 
thrown [open/src/hotspot/share/interpreter/linkResolver.cpp, line 766]
Event: 0.327 Thread 0x00000001510b7000 Exception <a 'java/lang/ClassNotFoundException'{0x0000000786a65700}: sun/util/logging/resources/spi/loggingProvider> (0x0000000786a65700) 
thrown [open/src/hotspot/share/classfile/systemDictionary.cpp, line 256]
Event: 0.340 Thread 0x00000001510b7000 Exception <a 'java/lang/NoSuchMethodError'{0x00000007869e45f8}: 'java.lang.Object java.lang.invoke.DirectMethodHandle$Holder.invokeSpecial(java.lang.Object, java.lang.Object, java.lang.Object, int, java.lang.Object)'> (0x00000007869e45f8) 
thrown [open/src/hotspot/share/interpreter/linkResolver.cpp, line 766]
Event: 0.389 Thread 0x00000001510b7000 Exception <a 'java/lang/NoSuchMethodError'{0x0000000787abaad0}: 'void java.lang.invoke.DirectMethodHandle$Holder.invokeStaticInit(java.lang.Object, java.lang.Object)'> (0x0000000787abaad0) 
thrown [open/src/hotspot/share/interpreter/linkResolver.cpp, line 766]
Event: 0.390 Thread 0x00000001510b7000 Exception <a 'java/lang/NoSuchMethodError'{0x0000000787aefed0}: 'void java.lang.invoke.DirectMethodHandle$Holder.invokeSpecial(java.lang.Object, java.lang.Object, java.lang.Object, java.lang.Object, java.lang.Object)'> (0x0000000787aefed0) 
thrown [open/src/hotspot/share/interpreter/linkResolver.cpp, line 766]
Event: 0.430 Thread 0x00000001510b7000 Implicit null exception at 0x0000000113396878 to 0x0000000113396908
Event: 0.435 Thread 0x00000001510b7000 Implicit null exception at 0x00000001133ba514 to 0x00000001133ba89c
Event: 0.435 Thread 0x00000001510b7000 Implicit null exception at 0x00000001133b75d4 to 0x00000001133b7920
Event: 0.568 Thread 0x00000001510b7000 Exception <a 'java/lang/NoSuchMethodError'{0x000000078703ade8}: 'java.lang.Object java.lang.invoke.DirectMethodHandle$Holder.invokeInterface(java.lang.Object, java.lang.Object, java.lang.Object)'> (0x000000078703ade8) 
thrown [open/src/hotspot/share/interpreter/linkResolver.cpp, line 766]
Event: 0.568 Thread 0x00000001510b7000 Exception <a 'java/lang/IncompatibleClassChangeError'{0x000000078703e770}: Found class java.lang.Object, but interface was expected> (0x000000078703e770) 
thrown [open/src/hotspot/share/interpreter/linkResolver.cpp, line 833]
Event: 0.591 Thread 0x00000001510b7000 Exception <a 'java/lang/ClassNotFoundException'{0x0000000786e38b20}: com/sun/javafx/scene/control/skin/resources/controls> (0x0000000786e38b20) 
thrown [open/src/hotspot/share/prims/jni.cpp, line 535]
Event: 0.592 Thread 0x00000001510b7000 Exception <a 'java/lang/ClassNotFoundException'{0x0000000786e46ac0}: com/sun/javafx/scene/control/skin/resources/controls_en> (0x0000000786e46ac0) 
thrown [open/src/hotspot/share/prims/jni.cpp, line 535]
Event: 0.592 Thread 0x00000001510b7000 Exception <a 'java/lang/ClassNotFoundException'{0x0000000786e47a58}: com/sun/javafx/scene/control/skin/resources/controls_en_CA> (0x0000000786e47a58) 
thrown [open/src/hotspot/share/prims/jni.cpp, line 535]
Event: 0.607 Thread 0x00000001510b7000 Exception <a 'java/lang/NoSuchMethodError'{0x0000000786c03138}: 'void java.lang.invoke.DirectMethodHandle$Holder.invokeSpecial(java.lang.Object, java.lang.Object, java.lang.Object, java.lang.Object, java.lang.Object, java.lang.Object)'> (0x0000000786c03138) 
thrown [open/src/hotspot/share/interpreter/linkResolver.cpp, line 766]
Event: 0.645 Thread 0x00000001510b7000 Exception <a 'java/lang/NoSuchMethodError'{0x0000000786576f80}: 'java.lang.Object java.lang.invoke.DirectMethodHandle$Holder.newInvokeSpecial(java.lang.Object, java.lang.Object, int)'> (0x0000000786576f80) 
thrown [open/src/hotspot/share/interpreter/linkResolver.cpp, line 766]
Event: 0.683 Thread 0x0000000151809400 Exception <a 'java/lang/NoSuchMethodError'{0x00000007864c83f8}: 'int java.lang.invoke.DirectMethodHandle$Holder.invokeStaticInit(java.lang.Object, java.lang.Object)'> (0x00000007864c83f8) 
thrown [open/src/hotspot/share/interpreter/linkResolver.cpp, line 766]
Event: 0.691 Thread 0x00000001510b7000 Exception <a 'java/lang/NoSuchMethodError'{0x00000007865d30f8}: 'long java.lang.invoke.DirectMethodHandle$Holder.invokeStatic(java.lang.Object, java.lang.Object, java.lang.Object)'> (0x00000007865d30f8) 
thrown [open/src/hotspot/share/interpreter/linkResolver.cpp, line 766]
Event: 0.691 Thread 0x00000001510b7000 Exception <a 'java/lang/NoSuchMethodError'{0x00000007865d68a0}: 'long java.lang.invoke.DirectMethodHandle$Holder.invokeStaticInit(java.lang.Object, java.lang.Object, java.lang.Object)'> (0x00000007865d68a0) 
thrown [open/src/hotspot/share/interpreter/linkResolver.cpp, line 766]
Event: 0.692 Thread 0x00000001510b7000 Exception <a 'java/lang/NoSuchMethodError'{0x00000007865ee4a8}: 'java.lang.Object java.lang.invoke.DirectMethodHandle$Holder.newInvokeSpecial(java.lang.Object, java.lang.Object, long)'> (0x00000007865ee4a8) 
thrown [open/src/hotspot/share/interpreter/linkResolver.cpp, line 766]
Event: 0.692 Thread 0x00000001510b7000 Exception <a 'java/lang/NoSuchMethodError'{0x00000007865f1d70}: 'java.lang.Object java.lang.invoke.Invokers$Holder.linkToTargetMethod(java.lang.Object, long, java.lang.Object)'> (0x00000007865f1d70) 
thrown [open/src/hotspot/share/interpreter/linkResolver.cpp, line 766]

VM Operations (18 events):
Event: 0.050 Executing VM operation: HandshakeAllThreads
Event: 0.050 Executing VM operation: HandshakeAllThreads done
Event: 0.050 Executing VM operation: HandshakeAllThreads
Event: 0.050 Executing VM operation: HandshakeAllThreads done
Event: 0.059 Executing VM operation: HandshakeAllThreads
Event: 0.059 Executing VM operation: HandshakeAllThreads done
Event: 0.239 Executing VM operation: ICBufferFull
Event: 0.239 Executing VM operation: ICBufferFull done
Event: 0.333 Executing VM operation: HandshakeAllThreads
Event: 0.333 Executing VM operation: HandshakeAllThreads done
Event: 0.341 Executing VM operation: G1CollectForAllocation
Event: 0.347 Executing VM operation: G1CollectForAllocation done
Event: 0.367 Executing VM operation: HandshakeAllThreads
Event: 0.367 Executing VM operation: HandshakeAllThreads done
Event: 0.430 Executing VM operation: ICBufferFull
Event: 0.430 Executing VM operation: ICBufferFull done
Event: 0.631 Executing VM operation: ICBufferFull
Event: 0.631 Executing VM operation: ICBufferFull done

Events (20 events):
Event: 1.172 loading class sun/util/locale/provider/TimeZoneNameProviderImpl done
Event: 1.173 loading class sun/util/cldr/CLDRTimeZoneNameProviderImpl done
Event: 1.173 loading class sun/util/locale/provider/BaseLocaleDataMetaInfo
Event: 1.173 loading class sun/util/locale/provider/BaseLocaleDataMetaInfo done
Event: 1.174 loading class sun/util/resources/cldr/TimeZoneNames
Event: 1.174 loading class sun/util/resources/TimeZoneNamesBundle
Event: 1.174 loading class sun/util/resources/OpenListResourceBundle
Event: 1.174 loading class sun/util/resources/OpenListResourceBundle done
Event: 1.174 loading class sun/util/resources/TimeZoneNamesBundle done
Event: 1.174 loading class sun/util/resources/cldr/TimeZoneNames done
Event: 1.174 loading class sun/util/resources/cldr/TimeZoneNames_en
Event: 1.175 loading class sun/util/resources/cldr/TimeZoneNames_en done
Event: 1.175 loading class sun/util/resources/cldr/TimeZoneNames_en_US
Event: 1.175 loading class sun/util/resources/cldr/TimeZoneNames_en_US done
Event: 1.503 loading class java/util/EnumMap$Values
Event: 1.503 loading class java/util/EnumMap$Values done
Event: 1.503 loading class java/util/EnumMap$ValueIterator
Event: 1.503 loading class java/util/EnumMap$EnumMapIterator
Event: 1.503 loading class java/util/EnumMap$EnumMapIterator done
Event: 1.503 loading class java/util/EnumMap$ValueIterator done


Dynamic libraries:
0x0000000102318000 	/Library/Java/JavaVirtualMachines/jdk-17.0.1.jdk/Contents/Home/lib/libjli.dylib
0x00000001cb012000 	/usr/lib/libz.1.dylib
0x00000001cb0c9000 	/usr/lib/libSystem.B.dylib
0x00000001cb0c3000 	/usr/lib/system/libcache.dylib
0x00000001cb081000 	/usr/lib/system/libcommonCrypto.dylib
0x00000001cb0aa000 	/usr/lib/system/libcompiler_rt.dylib
0x00000001cb0a1000 	/usr/lib/system/libcopyfile.dylib
0x00000001c02ef000 	/usr/lib/system/libcorecrypto.dylib
0x00000001c03a4000 	/usr/lib/system/libdispatch.dylib
0x00000001c0572000 	/usr/lib/system/libdyld.dylib
0x00000001cb0b9000 	/usr/lib/system/libkeymgr.dylib
0x00000001cb05c000 	/usr/lib/system/libmacho.dylib
0x00000001ca74c000 	/usr/lib/system/libquarantine.dylib
0x00000001cb0b6000 	/usr/lib/system/libremovefile.dylib
0x00000001c56e8000 	/usr/lib/system/libsystem_asl.dylib
0x00000001c0291000 	/usr/lib/system/libsystem_blocks.dylib
0x00000001c042c000 	/usr/lib/system/libsystem_c.dylib
0x00000001cb0ae000 	/usr/lib/system/libsystem_collections.dylib
0x00000001c9be1000 	/usr/lib/system/libsystem_configuration.dylib
0x00000001c8e3d000 	/usr/lib/system/libsystem_containermanager.dylib
0x00000001cadb9000 	/usr/lib/system/libsystem_coreservices.dylib
0x00000001c2ca2000 	/usr/lib/system/libsystem_darwin.dylib
0x00000001cb0ba000 	/usr/lib/system/libsystem_dnssd.dylib
0x00000001c0429000 	/usr/lib/system/libsystem_featureflags.dylib
0x00000001c0587000 	/usr/lib/system/libsystem_info.dylib
0x00000001cb024000 	/usr/lib/system/libsystem_m.dylib
0x00000001c0379000 	/usr/lib/system/libsystem_malloc.dylib
0x00000001c5676000 	/usr/lib/system/libsystem_networkextension.dylib
0x00000001c30fb000 	/usr/lib/system/libsystem_notify.dylib
0x00000001d141c000 	/usr/lib/system/libsystem_product_info_filter.dylib
0x00000001c9be6000 	/usr/lib/system/libsystem_sandbox.dylib
0x00000001cb0b3000 	/usr/lib/system/libsystem_secinit.dylib
0x00000001c052d000 	/usr/lib/system/libsystem_kernel.dylib
0x00000001c057f000 	/usr/lib/system/libsystem_platform.dylib
0x00000001c0565000 	/usr/lib/system/libsystem_pthread.dylib
0x00000001c6e48000 	/usr/lib/system/libsystem_symptoms.dylib
0x00000001c02d5000 	/usr/lib/system/libsystem_trace.dylib
0x00000001cb08e000 	/usr/lib/system/libunwind.dylib
0x00000001c0293000 	/usr/lib/system/libxpc.dylib
0x00000001c0515000 	/usr/lib/libc++abi.dylib
0x00000001c03eb000 	/usr/lib/libobjc.A.dylib
0x00000001cb099000 	/usr/lib/liboah.dylib
0x00000001c04ae000 	/usr/lib/libc++.1.dylib
0x00000001d6f42000 	/System/Library/Frameworks/Cocoa.framework/Versions/A/Cocoa
0x00000001c315c000 	/System/Library/Frameworks/AppKit.framework/Versions/C/AppKit
0x00000001c666f000 	/System/Library/Frameworks/CoreData.framework/Versions/A/CoreData
0x00000001c14b7000 	/System/Library/Frameworks/Foundation.framework/Versions/C/Foundation
0x00000001c4014000 	/System/Library/PrivateFrameworks/UIFoundation.framework/Versions/A/UIFoundation
0x00000001d1116000 	/System/Library/PrivateFrameworks/RemoteViewServices.framework/Versions/A/RemoteViewServices
0x00000001c9589000 	/System/Library/PrivateFrameworks/XCTTargetBootstrap.framework/Versions/A/XCTTargetBootstrap
0x00000001cce09000 	/System/Library/PrivateFrameworks/InternationalSupport.framework/Versions/A/InternationalSupport
0x00000001cce92000 	/System/Library/PrivateFrameworks/UserActivity.framework/Versions/A/UserActivity
0x00000001cc300000 	/usr/lib/libspindump.dylib
0x00000001c4285000 	/System/Library/Frameworks/UniformTypeIdentifiers.framework/Versions/A/UniformTypeIdentifiers
0x00000001c7ad3000 	/usr/lib/libapp_launch_measurement.dylib
0x00000001c6ffa000 	/System/Library/PrivateFrameworks/CoreAnalytics.framework/Versions/A/CoreAnalytics
0x00000001c7ad6000 	/System/Library/PrivateFrameworks/CoreAutoLayout.framework/Versions/A/CoreAutoLayout
0x00000001c8e7a000 	/System/Library/Frameworks/Metal.framework/Versions/A/Metal
0x00000001c9bf1000 	/usr/lib/liblangid.dylib
0x00000001c958e000 	/System/Library/PrivateFrameworks/CoreSVG.framework/Versions/A/CoreSVG
0x00000001c571c000 	/System/Library/PrivateFrameworks/SkyLight.framework/Versions/A/SkyLight
0x00000001c5af5000 	/System/Library/Frameworks/CoreGraphics.framework/Versions/A/CoreGraphics
0x00000001d17e2000 	/System/Library/Frameworks/Accelerate.framework/Versions/A/Accelerate
0x00000001cbd77000 	/System/Library/PrivateFrameworks/IconServices.framework/Versions/A/IconServices
0x00000001c8e5c000 	/System/Library/Frameworks/IOSurface.framework/Versions/A/IOSurface
0x00000001c702b000 	/usr/lib/libDiagnosticMessagesClient.dylib
0x00000001d4ce3000 	/System/Library/Frameworks/ApplicationServices.framework/Versions/A/ApplicationServices
0x00000001c9571000 	/System/Library/PrivateFrameworks/DFRFoundation.framework/Versions/A/DFRFoundation
0x00000001c29ec000 	/usr/lib/libicucore.A.dylib
0x00000001cdcb6000 	/System/Library/Frameworks/AudioToolbox.framework/Versions/A/AudioToolbox
0x00000001cce15000 	/System/Library/PrivateFrameworks/DataDetectorsCore.framework/Versions/A/DataDetectorsCore
0x00000001e380f000 	/System/Library/PrivateFrameworks/TextInput.framework/Versions/A/TextInput
0x00000001c5691000 	/usr/lib/libMobileGestalt.dylib
0x00000001c923d000 	/System/Library/Frameworks/Carbon.framework/Versions/A/Frameworks/HIToolbox.framework/Versions/A/HIToolbox
0x00000001c74ab000 	/System/Library/Frameworks/QuartzCore.framework/Versions/A/QuartzCore
0x00000001c266d000 	/System/Library/Frameworks/Security.framework/Versions/A/Security
0x00000001d1156000 	/System/Library/Frameworks/Carbon.framework/Versions/A/Frameworks/SpeechRecognition.framework/Versions/A/SpeechRecognition
0x00000001c7829000 	/System/Library/PrivateFrameworks/CoreUI.framework/Versions/A/CoreUI
0x00000001c1f49000 	/System/Library/Frameworks/CoreAudio.framework/Versions/A/CoreAudio
0x00000001c711f000 	/System/Library/Frameworks/DiskArbitration.framework/Versions/A/DiskArbitration
0x00000001cc70a000 	/System/Library/PrivateFrameworks/MultitouchSupport.framework/Versions/A/MultitouchSupport
0x00000001c568f000 	/usr/lib/libenergytrace.dylib
0x00000001c3024000 	/System/Library/Frameworks/IOKit.framework/Versions/A/IOKit
0x00000001d1545000 	/System/Library/Frameworks/CoreServices.framework/Versions/A/CoreServices
0x00000001c7a63000 	/System/Library/PrivateFrameworks/PerformanceAnalysis.framework/Versions/A/PerformanceAnalysis
0x0000000221c47000 	/System/Library/Frameworks/OpenGL.framework/Versions/A/OpenGL
0x00000001ca664000 	/System/Library/PrivateFrameworks/MobileKeyBag.framework/Versions/A/MobileKeyBag
0x00000001c6103000 	/System/Library/Frameworks/ColorSync.framework/Versions/A/ColorSync
0x00000001c05b4000 	/System/Library/Frameworks/CoreFoundation.framework/Versions/A/CoreFoundation
0x00000001c980d000 	/System/Library/Frameworks/CoreImage.framework/Versions/A/CoreImage
0x00000001c1d6d000 	/System/Library/Frameworks/CoreText.framework/Versions/A/CoreText
0x00000001c95be000 	/System/Library/Frameworks/ImageIO.framework/Versions/A/ImageIO
0x00000001cb0cf000 	/System/Library/PrivateFrameworks/SoftLinking.framework/Versions/A/SoftLinking
0x00000001c7b21000 	/usr/lib/libxml2.2.dylib
0x00000001cb368000 	/usr/lib/libcompression.dylib
0x00000001ccd65000 	/System/Library/PrivateFrameworks/TextureIO.framework/Versions/A/TextureIO
0x00000001cba90000 	/usr/lib/libate.dylib
0x00000001cb955000 	/usr/lib/liblzma.5.dylib
0x00000001c11aa000 	/System/Library/Frameworks/SystemConfiguration.framework/Versions/A/SystemConfiguration
0x00000001cb0cb000 	/usr/lib/libfakelink.dylib
0x00000001c51c1000 	/System/Library/Frameworks/CFNetwork.framework/Versions/A/CFNetwork
0x00000001cb211000 	/usr/lib/libarchive.2.dylib
0x00000001c9bed000 	/System/Library/PrivateFrameworks/AppleSystemInfo.framework/Versions/A/AppleSystemInfo
0x00000001ca777000 	/usr/lib/libbsm.0.dylib
0x00000001c472e000 	/usr/lib/libnetwork.dylib
0x00000001cb065000 	/usr/lib/system/libkxld.dylib
0x00000001ca391000 	/System/Library/PrivateFrameworks/IOMobileFramebuffer.framework/Versions/A/IOMobileFramebuffer
0x000000023f910000 	/usr/lib/libCoreEntitlements.dylib
0x00000001cad9b000 	/System/Library/PrivateFrameworks/AppleFSCompression.framework/Versions/A/AppleFSCompression
0x00000001ca75f000 	/usr/lib/libcoretls.dylib
0x00000001cb96e000 	/usr/lib/libcoretls_cfhelpers.dylib
0x00000001cb363000 	/usr/lib/libpam.2.dylib
0x00000001c6a5f000 	/usr/lib/libsqlite3.dylib
0x00000001cb9d7000 	/usr/lib/libxar.1.dylib
0x00000001cadac000 	/usr/lib/libbz2.1.0.dylib
0x00000001cb0d0000 	/usr/lib/libpcap.A.dylib
0x00000001c6e3f000 	/usr/lib/libdns_services.dylib
0x00000001cb336000 	/usr/lib/libapple_nghttp2.dylib
0x00000001cb10d000 	/usr/lib/libiconv.2.dylib
0x00000001cb05b000 	/usr/lib/libcharset.1.dylib
0x00000001c7a9f000 	/System/Library/Frameworks/CoreServices.framework/Versions/A/Frameworks/FSEvents.framework/Versions/A/FSEvents
0x00000001c2cad000 	/System/Library/Frameworks/CoreServices.framework/Versions/A/Frameworks/CarbonCore.framework/Versions/A/CarbonCore
0x00000001c707f000 	/System/Library/Frameworks/CoreServices.framework/Versions/A/Frameworks/Metadata.framework/Versions/A/Metadata
0x00000001cadbf000 	/System/Library/Frameworks/CoreServices.framework/Versions/A/Frameworks/OSServices.framework/Versions/A/OSServices
0x00000001cb297000 	/System/Library/Frameworks/CoreServices.framework/Versions/A/Frameworks/SearchKit.framework/Versions/A/SearchKit
0x00000001c6dce000 	/System/Library/Frameworks/CoreServices.framework/Versions/A/Frameworks/AE.framework/Versions/A/AE
0x00000001c0afb000 	/System/Library/Frameworks/CoreServices.framework/Versions/A/Frameworks/LaunchServices.framework/Versions/A/LaunchServices
0x00000001cb8fe000 	/System/Library/Frameworks/CoreServices.framework/Versions/A/Frameworks/DictionaryServices.framework/Versions/A/DictionaryServices
0x00000001c7aac000 	/System/Library/Frameworks/CoreServices.framework/Versions/A/Frameworks/SharedFileList.framework/Versions/A/SharedFileList
0x00000001ca74f000 	/usr/lib/libCheckFix.dylib
0x00000001c5700000 	/System/Library/PrivateFrameworks/TCC.framework/Versions/A/TCC
0x00000001c9bf3000 	/System/Library/PrivateFrameworks/CoreNLP.framework/Versions/A/CoreNLP
0x00000001c702e000 	/System/Library/PrivateFrameworks/MetadataUtilities.framework/Versions/A/MetadataUtilities
0x00000001c1264000 	/usr/lib/libmecabra.dylib
0x00000001ca788000 	/usr/lib/libmecab.dylib
0x00000001c1230000 	/usr/lib/libCRFSuite.dylib
0x00000001ca7e5000 	/usr/lib/libgermantok.dylib
0x00000001cb30f000 	/usr/lib/libThaiTokenizer.dylib
0x00000001c7127000 	/System/Library/Frameworks/Accelerate.framework/Versions/A/Frameworks/vImage.framework/Versions/A/vImage
0x00000001d151c000 	/System/Library/Frameworks/Accelerate.framework/Versions/A/Frameworks/vecLib.framework/Versions/A/vecLib
0x00000001cba1c000 	/System/Library/Frameworks/Accelerate.framework/Versions/A/Frameworks/vecLib.framework/Versions/A/libvMisc.dylib
0x00000001ca298000 	/System/Library/Frameworks/Accelerate.framework/Versions/A/Frameworks/vecLib.framework/Versions/A/libvDSP.dylib
0x00000001c0e85000 	/System/Library/Frameworks/Accelerate.framework/Versions/A/Frameworks/vecLib.framework/Versions/A/libBLAS.dylib
0x00000001cb439000 	/System/Library/Frameworks/Accelerate.framework/Versions/A/Frameworks/vecLib.framework/Versions/A/libLAPACK.dylib
0x00000001ca7e8000 	/System/Library/Frameworks/Accelerate.framework/Versions/A/Frameworks/vecLib.framework/Versions/A/libLinearAlgebra.dylib
0x00000001cb34e000 	/System/Library/Frameworks/Accelerate.framework/Versions/A/Frameworks/vecLib.framework/Versions/A/libSparseBLAS.dylib
0x00000001cb434000 	/System/Library/Frameworks/Accelerate.framework/Versions/A/Frameworks/vecLib.framework/Versions/A/libQuadrature.dylib
0x00000001c9cec000 	/System/Library/Frameworks/Accelerate.framework/Versions/A/Frameworks/vecLib.framework/Versions/A/libBNNS.dylib
0x00000001c1143000 	/System/Library/Frameworks/Accelerate.framework/Versions/A/Frameworks/vecLib.framework/Versions/A/libSparse.dylib
0x00000001c9ce4000 	/System/Library/PrivateFrameworks/LinguisticData.framework/Versions/A/LinguisticData
0x00000001c10fb000 	/System/Library/PrivateFrameworks/Lexicon.framework/Versions/A/Lexicon
0x00000001cba14000 	/usr/lib/libChineseTokenizer.dylib
0x00000001c18a9000 	/System/Library/PrivateFrameworks/LanguageModeling.framework/Versions/A/LanguageModeling
0x00000001cb311000 	/System/Library/PrivateFrameworks/AppleSauce.framework/Versions/A/AppleSauce
0x00000001ca37e000 	/System/Library/PrivateFrameworks/CoreEmoji.framework/Versions/A/CoreEmoji
0x00000001cb1ff000 	/usr/lib/libcmph.dylib
0x00000001c7a7f000 	/System/Library/Frameworks/OpenDirectory.framework/Versions/A/Frameworks/CFOpenDirectory.framework/Versions/A/CFOpenDirectory
0x00000001c7a6f000 	/System/Library/Frameworks/OpenDirectory.framework/Versions/A/OpenDirectory
0x00000001cb970000 	/System/Library/PrivateFrameworks/APFS.framework/Versions/A/APFS
0x00000001ca69f000 	/System/Library/Frameworks/SecurityFoundation.framework/Versions/A/SecurityFoundation
0x00000001cb9e6000 	/usr/lib/libutil.dylib
0x00000001c2fe6000 	/System/Library/PrivateFrameworks/CoreServicesStore.framework/Versions/A/CoreServicesStore
0x00000001cb9ea000 	/usr/lib/libxslt.1.dylib
0x00000001ca733000 	/System/Library/PrivateFrameworks/BackgroundTaskManagement.framework/Versions/A/BackgroundTaskManagement
0x00000001ccc86000 	/System/Library/Frameworks/ImageIO.framework/Versions/A/Resources/libRadiance.dylib
0x00000001ccc8f000 	/System/Library/Frameworks/ImageIO.framework/Versions/A/Resources/libJPEG.dylib
0x00000001ccbe2000 	/System/Library/Frameworks/ImageIO.framework/Versions/A/Resources/libPng.dylib
0x00000001ccc04000 	/System/Library/Frameworks/ImageIO.framework/Versions/A/Resources/libTIFF.dylib
0x00000001cccea000 	/System/Library/Frameworks/ImageIO.framework/Versions/A/Resources/libGIF.dylib
0x00000001cc61a000 	/System/Library/Frameworks/ImageIO.framework/Versions/A/Resources/libJP2.dylib
0x00000001cbd3c000 	/usr/lib/libexpat.1.dylib
0x00000001cc5d5000 	/System/Library/PrivateFrameworks/AppleJPEG.framework/Versions/A/AppleJPEG
0x00000001c90f9000 	/System/Library/PrivateFrameworks/FontServices.framework/libFontParser.dylib
0x00000001c6d73000 	/System/Library/PrivateFrameworks/RunningBoardServices.framework/Versions/A/RunningBoardServices
0x00000001d7618000 	/System/Library/PrivateFrameworks/IOSurfaceAccelerator.framework/Versions/A/IOSurfaceAccelerator
0x00000001cc706000 	/System/Library/PrivateFrameworks/WatchdogClient.framework/Versions/A/WatchdogClient
0x00000001c19a9000 	/System/Library/Frameworks/CoreDisplay.framework/Versions/A/CoreDisplay
0x00000001c8fe3000 	/System/Library/Frameworks/CoreMedia.framework/Versions/A/CoreMedia
0x00000001c8e70000 	/System/Library/PrivateFrameworks/IOAccelerator.framework/Versions/A/IOAccelerator
0x00000001c7c0f000 	/System/Library/Frameworks/CoreVideo.framework/Versions/A/CoreVideo
0x00000001cb361000 	/System/Library/Frameworks/MetalPerformanceShaders.framework/Versions/A/MetalPerformanceShaders
0x00000001cc745000 	/System/Library/Frameworks/VideoToolbox.framework/Versions/A/VideoToolbox
0x00000001c6cb7000 	/System/Library/PrivateFrameworks/BaseBoard.framework/Versions/A/BaseBoard
0x00000001c6a45000 	/System/Library/PrivateFrameworks/ProtocolBuffer.framework/Versions/A/ProtocolBuffer
0x00000001ccc81000 	/System/Library/PrivateFrameworks/GPUWrangler.framework/Versions/A/GPUWrangler
0x00000001ccc61000 	/System/Library/PrivateFrameworks/IOPresentment.framework/Versions/A/IOPresentment
0x00000001ccc89000 	/System/Library/PrivateFrameworks/DSExternalDisplay.framework/Versions/A/DSExternalDisplay
0x0000000221c3a000 	/System/Library/Frameworks/OpenGL.framework/Versions/A/Libraries/libCoreFSCache.dylib
0x000000022c400000 	/System/Library/PrivateFrameworks/GPUCompiler.framework/Versions/31001/Libraries/libGPUCompilerUtils.dylib
0x00000001cccef000 	/System/Library/PrivateFrameworks/CMCaptureCore.framework/Versions/A/CMCaptureCore
0x00000001cc2ed000 	/System/Library/PrivateFrameworks/AppServerSupport.framework/Versions/A/AppServerSupport
0x00000001ce573000 	/System/Library/PrivateFrameworks/perfdata.framework/Versions/A/perfdata
0x00000001c1ac9000 	/System/Library/PrivateFrameworks/AudioToolboxCore.framework/Versions/A/AudioToolboxCore
0x00000001c8fbc000 	/System/Library/PrivateFrameworks/caulk.framework/Versions/A/caulk
0x00000001cde68000 	/usr/lib/libAudioStatistics.dylib
0x00000001dfe67000 	/System/Library/PrivateFrameworks/SystemPolicy.framework/Versions/A/SystemPolicy
0x00000001ce0d4000 	/usr/lib/libSMC.dylib
0x00000001d6e20000 	/System/Library/Frameworks/CoreMIDI.framework/Versions/A/CoreMIDI
0x00000001ccbb0000 	/usr/lib/libAudioToolboxUtility.dylib
0x00000001dbfd7000 	/System/Library/PrivateFrameworks/OSAServicesClient.framework/Versions/A/OSAServicesClient
0x00000001ce580000 	/usr/lib/libperfcheck.dylib
0x00000001e0983000 	/usr/lib/libmis.dylib
0x0000000221c9c000 	/System/Library/Frameworks/OpenGL.framework/Versions/A/Libraries/libGLU.dylib
0x0000000221c5b000 	/System/Library/Frameworks/OpenGL.framework/Versions/A/Libraries/libGFXShared.dylib
0x0000000221e48000 	/System/Library/Frameworks/OpenGL.framework/Versions/A/Libraries/libGL.dylib
0x0000000221c64000 	/System/Library/Frameworks/OpenGL.framework/Versions/A/Libraries/libGLImage.dylib
0x0000000221c58000 	/System/Library/Frameworks/OpenGL.framework/Versions/A/Libraries/libCVMSPluginSupport.dylib
0x0000000221c41000 	/System/Library/Frameworks/OpenGL.framework/Versions/A/Libraries/libCoreVMClient.dylib
0x00000001c9b6d000 	/System/Library/Frameworks/MetalPerformanceShaders.framework/Versions/A/Frameworks/MPSCore.framework/Versions/A/MPSCore
0x00000001cad0e000 	/System/Library/Frameworks/MetalPerformanceShaders.framework/Versions/A/Frameworks/MPSImage.framework/Versions/A/MPSImage
0x00000001ca7fd000 	/System/Library/Frameworks/MetalPerformanceShaders.framework/Versions/A/Frameworks/MPSNeuralNetwork.framework/Versions/A/MPSNeuralNetwork
0x00000001cac36000 	/System/Library/Frameworks/MetalPerformanceShaders.framework/Versions/A/Frameworks/MPSMatrix.framework/Versions/A/MPSMatrix
0x00000001caa0f000 	/System/Library/Frameworks/MetalPerformanceShaders.framework/Versions/A/Frameworks/MPSRayIntersector.framework/Versions/A/MPSRayIntersector
0x00000001cac67000 	/System/Library/Frameworks/MetalPerformanceShaders.framework/Versions/A/Frameworks/MPSNDArray.framework/Versions/A/MPSNDArray
0x0000000224063000 	/System/Library/Frameworks/MetalPerformanceShaders.framework/Versions/A/Frameworks/MPSFunctions.framework/Versions/A/MPSFunctions
0x00000001c0d5c000 	/System/Library/PrivateFrameworks/MetalTools.framework/Versions/A/MetalTools
0x00000001c9beb000 	/System/Library/PrivateFrameworks/AggregateDictionary.framework/Versions/A/AggregateDictionary
0x00000001cbb21000 	/usr/lib/libIOReport.dylib
0x00000001d5e3d000 	/System/Library/PrivateFrameworks/ASEProcessing.framework/Versions/A/ASEProcessing
0x00000001cbe96000 	/System/Library/PrivateFrameworks/FaceCore.framework/Versions/A/FaceCore
0x00000001cbe88000 	/System/Library/PrivateFrameworks/GraphVisualizer.framework/Versions/A/GraphVisualizer
0x000000022c317000 	/System/Library/PrivateFrameworks/FontServices.framework/Versions/A/FontServices
0x00000001cc2a9000 	/System/Library/PrivateFrameworks/OTSVG.framework/Versions/A/OTSVG
0x00000001c77d9000 	/System/Library/Frameworks/ApplicationServices.framework/Versions/A/Frameworks/ATS.framework/Versions/A/Resources/libFontRegistry.dylib
0x00000001cc2f6000 	/System/Library/PrivateFrameworks/FontServices.framework/libhvf.dylib
0x000000022c318000 	/System/Library/PrivateFrameworks/FontServices.framework/libXTFontStaticRegistryData.dylib
0x0000000221fe9000 	/System/Library/Frameworks/OpenCL.framework/Versions/A/OpenCL
0x00000001cbcf0000 	/System/Library/PrivateFrameworks/AppleVA.framework/Versions/A/AppleVA
0x00000001cde90000 	/System/Library/Frameworks/ApplicationServices.framework/Versions/A/Frameworks/ATS.framework/Versions/A/ATS
0x00000001c6202000 	/System/Library/Frameworks/ApplicationServices.framework/Versions/A/Frameworks/HIServices.framework/Versions/A/HIServices
0x00000001cccf9000 	/System/Library/Frameworks/ApplicationServices.framework/Versions/A/Frameworks/PrintCore.framework/Versions/A/PrintCore
0x00000001ce227000 	/System/Library/Frameworks/ApplicationServices.framework/Versions/A/Frameworks/QD.framework/Versions/A/QD
0x00000001ce21f000 	/System/Library/Frameworks/ApplicationServices.framework/Versions/A/Frameworks/ColorSyncLegacy.framework/Versions/A/ColorSyncLegacy
0x00000001cde7c000 	/System/Library/Frameworks/ApplicationServices.framework/Versions/A/Frameworks/SpeechSynthesis.framework/Versions/A/SpeechSynthesis
0x00000001cccba000 	/System/Library/Frameworks/ApplicationServices.framework/Versions/A/Frameworks/ATSUI.framework/Versions/A/ATSUI
0x00000001ce1b4000 	/usr/lib/libcups.2.dylib
0x00000001ce58e000 	/System/Library/Frameworks/Kerberos.framework/Versions/A/Kerberos
0x00000001ce59f000 	/System/Library/Frameworks/GSS.framework/Versions/A/GSS
0x00000001cdf00000 	/usr/lib/libresolv.9.dylib
0x00000001cc305000 	/System/Library/PrivateFrameworks/Heimdal.framework/Versions/A/Heimdal
0x00000001d5073000 	/System/Library/Frameworks/Kerberos.framework/Versions/A/Libraries/libHeimdalProxy.dylib
0x00000001c6e51000 	/System/Library/Frameworks/Network.framework/Versions/A/Network
0x00000001cbd57000 	/usr/lib/libheimdal-asn1.dylib
0x00000001ce5ef000 	/System/Library/PrivateFrameworks/CommonAuth.framework/Versions/A/CommonAuth
0x00000001cddf6000 	/System/Library/PrivateFrameworks/AudioSession.framework/Versions/A/AudioSession
0x00000001cbde9000 	/System/Library/PrivateFrameworks/MediaExperience.framework/Versions/A/MediaExperience
0x00000001cdc7c000 	/System/Library/PrivateFrameworks/AudioSession.framework/libSessionUtility.dylib
0x00000001ce233000 	/System/Library/PrivateFrameworks/AudioResourceArbitration.framework/Versions/A/AudioResourceArbitration
0x00000001d23f9000 	/System/Library/PrivateFrameworks/PowerLog.framework/Versions/A/PowerLog
0x00000001cbd61000 	/System/Library/PrivateFrameworks/IconFoundation.framework/Versions/A/IconFoundation
0x00000001d1142000 	/System/Library/PrivateFrameworks/SpeechRecognitionCore.framework/Versions/A/SpeechRecognitionCore
0x0000000103240000 	/Library/Java/JavaVirtualMachines/jdk-17.0.1.jdk/Contents/Home/lib/server/libjvm.dylib
0x000000010236c000 	/Library/Java/JavaVirtualMachines/jdk-17.0.1.jdk/Contents/Home/lib/libjimage.dylib
0x0000000102398000 	/Library/Java/JavaVirtualMachines/jdk-17.0.1.jdk/Contents/Home/lib/libinstrument.dylib
0x00000001023e4000 	/Library/Java/JavaVirtualMachines/jdk-17.0.1.jdk/Contents/Home/lib/libjava.dylib
0x000000012090c000 	/Library/Java/JavaVirtualMachines/jdk-17.0.1.jdk/Contents/Home/lib/libnio.dylib
0x000000012092c000 	/Library/Java/JavaVirtualMachines/jdk-17.0.1.jdk/Contents/Home/lib/libnet.dylib
0x00000001023cc000 	/Library/Java/JavaVirtualMachines/jdk-17.0.1.jdk/Contents/Home/lib/libzip.dylib
0x0000000120950000 	/Users/nitinjakhar/.openjfx/cache/17.0.1/libprism_es2.dylib
0x00000001c2fa9000 	/System/Library/PrivateFrameworks/CoreServicesInternal.framework/Versions/A/CoreServicesInternal
0x0000000221e52000 	/System/Library/Frameworks/OpenGL.framework/Versions/A/Resources/GLEngine.bundle/GLEngine
0x0000000221cda000 	/System/Library/Frameworks/OpenGL.framework/Versions/A/Libraries/libGLProgrammability.dylib
0x0000000120b4c000 	/System/Library/Extensions/AppleMetalOpenGLRenderer.bundle/Contents/MacOS/AppleMetalOpenGLRenderer
0x0000000221fc1000 	/System/Library/Frameworks/OpenGL.framework/Versions/A/Resources/GLRendererFloat.bundle/GLRendererFloat
0x00000002220c1000 	/System/Library/Extensions/AGXMetal13_3.bundle/Contents/MacOS/AGXMetal13_3
0x00000001e099f000 	/System/Library/PrivateFrameworks/GPURawCounter.framework/Versions/A/GPURawCounter
0x00000001db140000 	/System/Library/PrivateFrameworks/IOGPU.framework/Versions/A/IOGPU
0x00000001238f8000 	/Users/nitinjakhar/.openjfx/cache/17.0.1/libglass.dylib
0x00000001d2651000 	/System/Library/Frameworks/FileProvider.framework/Versions/A/FileProvider
0x00000001c6c1f000 	/System/Library/Frameworks/Accounts.framework/Versions/A/Accounts
0x00000001d27d5000 	/System/Library/PrivateFrameworks/GenerationalStorage.framework/Versions/A/GenerationalStorage
0x00000001d3398000 	/System/Library/PrivateFrameworks/CoreSymbolication.framework/Versions/A/CoreSymbolication
0x00000001d23ed000 	/System/Library/PrivateFrameworks/SymptomDiagnosticReporter.framework/Versions/A/SymptomDiagnosticReporter
0x00000001c4299000 	/System/Library/PrivateFrameworks/DesktopServicesPriv.framework/Versions/A/DesktopServicesPriv
0x00000001c310b000 	/usr/lib/libsandbox.1.dylib
0x00000001c7c9d000 	/System/Library/PrivateFrameworks/UserManagement.framework/Versions/A/UserManagement
0x00000001d3355000 	/System/Library/PrivateFrameworks/DebugSymbols.framework/Versions/A/DebugSymbols
0x00000001ce212000 	/System/Library/PrivateFrameworks/NetAuth.framework/Versions/A/NetAuth
0x00000001cf133000 	/System/Library/PrivateFrameworks/Sharing.framework/Versions/A/Sharing
0x00000001c7c6d000 	/System/Library/PrivateFrameworks/login.framework/Versions/A/Frameworks/loginsupport.framework/Versions/A/loginsupport
0x00000001d458a000 	/System/Library/PrivateFrameworks/Apple80211.framework/Versions/A/Apple80211
0x00000001cadf2000 	/System/Library/PrivateFrameworks/AuthKit.framework/Versions/A/AuthKit
0x00000001ca47a000 	/System/Library/PrivateFrameworks/CoreUtils.framework/Versions/A/CoreUtils
0x00000001ca39d000 	/System/Library/Frameworks/CoreWLAN.framework/Versions/A/CoreWLAN
0x00000001cf2a3000 	/System/Library/Frameworks/IOBluetooth.framework/Versions/A/IOBluetooth
0x00000001d45ea000 	/System/Library/PrivateFrameworks/CoreWiFi.framework/Versions/A/CoreWiFi
0x00000001d2f35000 	/System/Library/PrivateFrameworks/FrontBoardServices.framework/Versions/A/FrontBoardServices
0x00000001d2fcd000 	/System/Library/PrivateFrameworks/BoardServices.framework/Versions/A/BoardServices
0x00000001ca68d000 	/System/Library/PrivateFrameworks/AssertionServices.framework/Versions/A/AssertionServices
0x00000001d4767000 	/System/Library/PrivateFrameworks/BackBoardServices.framework/Versions/A/BackBoardServices
0x00000001ce686000 	/System/Library/PrivateFrameworks/CorePhoneNumbers.framework/Versions/A/CorePhoneNumbers
0x00000001cdf2d000 	/System/Library/PrivateFrameworks/MultiverseSupport.framework/Versions/A/MultiverseSupport
0x00000001d49e8000 	/System/Library/PrivateFrameworks/RemoteServiceDiscovery.framework/Versions/A/RemoteServiceDiscovery
0x00000001d251d000 	/System/Library/PrivateFrameworks/DiskManagement.framework/Versions/A/DiskManagement
0x00000001d2420000 	/System/Library/PrivateFrameworks/AppleIDAuthSupport.framework/Versions/A/AppleIDAuthSupport
0x000000022689f000 	/System/Library/PrivateFrameworks/AAAFoundation.framework/Versions/A/AAAFoundation
0x00000001ce665000 	/System/Library/PrivateFrameworks/KeychainCircle.framework/Versions/A/KeychainCircle
0x00000001d49f8000 	/System/Library/PrivateFrameworks/RemoteXPC.framework/Versions/A/RemoteXPC
0x00000001d24e9000 	/System/Library/PrivateFrameworks/MediaKit.framework/Versions/A/MediaKit
0x00000001d242d000 	/System/Library/Frameworks/DiscRecording.framework/Versions/A/DiscRecording
0x00000001cbc6c000 	/usr/lib/libCoreStorage.dylib
0x00000001d4a64000 	/usr/lib/libcsfde.dylib
0x00000001cf378000 	/System/Library/PrivateFrameworks/ProtectedCloudStorage.framework/Versions/A/ProtectedCloudStorage
0x00000001d4a5c000 	/System/Library/PrivateFrameworks/EFILogin.framework/Versions/A/EFILogin
0x00000001d27fc000 	/System/Library/PrivateFrameworks/OctagonTrust.framework/Versions/A/OctagonTrust
0x000000022b49e000 	/System/Library/PrivateFrameworks/CoreUtilsExtras.framework/Versions/A/CoreUtilsExtras
0x00000001d2352000 	/System/Library/Frameworks/CoreBluetooth.framework/Versions/A/CoreBluetooth
0x00000001d50f8000 	/System/Library/Frameworks/AudioUnit.framework/Versions/A/AudioUnit
0x00000001cbc64000 	/usr/lib/libMatch.1.dylib
0x00000001e4e85000 	/System/Library/Frameworks/Accelerate.framework/Versions/A/Frameworks/vImage.framework/Versions/A/Libraries/libCGInterfaces.dylib
0x0000000124c6c000 	/usr/lib/libobjc-trampolines.dylib
0x00000001c7967000 	/System/Library/PrivateFrameworks/ViewBridge.framework/Versions/A/ViewBridge
0x000000023fa6d000 	/usr/lib/libRosetta.dylib
0x0000000125fbc000 	/Users/nitinjakhar/.openjfx/cache/17.0.1/libjavafx_font.dylib
0x00000001cc3c8000 	/System/Library/PrivateFrameworks/login.framework/Versions/A/login


VM Arguments:
jvm_args: -javaagent:/Applications/IntelliJ IDEA CE.app/Contents/lib/idea_rt.jar=61314:/Applications/IntelliJ IDEA CE.app/Contents/bin -Dfile.encoding=UTF-8 --module-path=/Users/nitinjakhar/.m2/repository/org/openjfx/javafx-graphics/17.0.1/javafx-graphics-17.0.1-mac-aarch64.jar:/Users/nitinjakhar/.m2/repository/org/openjfx/javafx-fxml/17.0.1/javafx-fxml-17.0.1-mac-aarch64.jar:/Users/nitinjakhar/.m2/repository/org/openjfx/javafx-controls/17.0.1/javafx-controls-17.0.1-mac-aarch64.jar:/Users/nitinjakhar/IdeaProjects/COMP1011-M2022-ICE2/target/classes:/Users/nitinjakhar/.m2/repository/org/openjfx/javafx-base/17.0.1/javafx-base-17.0.1-mac-aarch64.jar -Djdk.module.main=ca.georgiancollege.comp1011m2022ice2 
java_command: ca.georgiancollege.comp1011m2022ice2/ca.georgiancollege.comp1011m2022ice2.Main
java_class_path (initial): /Users/nitinjakhar/.m2/repository/org/openjfx/javafx-controls/17.0.1/javafx-controls-17.0.1.jar:/Users/nitinjakhar/.m2/repository/org/openjfx/javafx-graphics/17.0.1/javafx-graphics-17.0.1.jar:/Users/nitinjakhar/.m2/repository/org/openjfx/javafx-base/17.0.1/javafx-base-17.0.1.jar:/Users/nitinjakhar/.m2/repository/org/openjfx/javafx-fxml/17.0.1/javafx-fxml-17.0.1.jar
Launcher Type: SUN_STANDARD

[Global flags]
     intx CICompilerCount                          = 4                                         {product} {ergonomic}
     uint ConcGCThreads                            = 2                                         {product} {ergonomic}
     uint G1ConcRefinementThreads                  = 8                                         {product} {ergonomic}
   size_t G1HeapRegionSize                         = 1048576                                   {product} {ergonomic}
    uintx GCDrainStackTargetSize                   = 64                                        {product} {ergonomic}
   size_t InitialHeapSize                          = 134217728                                 {product} {ergonomic}
   size_t MarkStackSize                            = 4194304                                   {product} {ergonomic}
   size_t MaxHeapSize                              = 2147483648                                {product} {ergonomic}
   size_t MaxNewSize                               = 1287651328                                {product} {ergonomic}
   size_t MinHeapDeltaBytes                        = 1048576                                   {product} {ergonomic}
   size_t MinHeapSize                              = 8388608                                   {product} {ergonomic}
    uintx NonNMethodCodeHeapSize                   = 5839564                                {pd product} {ergonomic}
    uintx NonProfiledCodeHeapSize                  = 122909338                              {pd product} {ergonomic}
    uintx ProfiledCodeHeapSize                     = 122909338                              {pd product} {ergonomic}
    uintx ReservedCodeCacheSize                    = 251658240                              {pd product} {ergonomic}
     bool SegmentedCodeCache                       = true                                      {product} {ergonomic}
   size_t SoftMaxHeapSize                          = 2147483648                             {manageable} {ergonomic}
     bool UseCompressedClassPointers               = true                           {product lp64_product} {ergonomic}
     bool UseCompressedOops                        = true                           {product lp64_product} {ergonomic}
     bool UseG1GC                                  = true                                      {product} {ergonomic}
     bool UseNUMA                                  = false                                     {product} {ergonomic}
     bool UseNUMAInterleaving                      = false                                     {product} {ergonomic}

Logging:
Log output configuration:
 #0: stdout all=warning uptime,level,tags
 #1: stderr all=off uptime,level,tags

Environment Variables:
PATH=/usr/local/bin:/usr/bin:/bin:/usr/sbin:/sbin:~/.dotnet/tools:/Library/Frameworks/Mono.framework/Versions/Current/Commands
SHELL=/bin/zsh
LC_CTYPE=en_CA.UTF-8

Signal Handlers:
   SIGSEGV: _ZL13crash_handleriP9__siginfoPv in libjvm.dylib, mask=11100110000111110111111111111111, flags=SA_RESTART|SA_SIGINFO
    SIGBUS: _ZL13crash_handleriP9__siginfoPv in libjvm.dylib, mask=11100110000111110111111111111111, flags=SA_RESTART|SA_SIGINFO
    SIGFPE: _ZL13crash_handleriP9__siginfoPv in libjvm.dylib, mask=11100110000111110111111111111111, flags=SA_RESTART|SA_SIGINFO
   SIGPIPE: _ZL17javaSignalHandleriP9__siginfoPv in libjvm.dylib, mask=11100110000111110111111111111111, flags=SA_RESTART|SA_SIGINFO
   SIGXFSZ: _ZL17javaSignalHandleriP9__siginfoPv in libjvm.dylib, mask=11100110000111110111111111111111, flags=SA_RESTART|SA_SIGINFO
    SIGILL: _ZL13crash_handleriP9__siginfoPv in libjvm.dylib, mask=11100110000111110111111111111111, flags=SA_RESTART|SA_SIGINFO
   SIGUSR2: _ZL10SR_handleriP9__siginfoP17__darwin_ucontext in libjvm.dylib, mask=00100000000000000000000000000000, flags=SA_RESTART|SA_SIGINFO
    SIGHUP: _ZL11UserHandleriPvS_ in libjvm.dylib, mask=11100110000111110111111111111111, flags=SA_RESTART|SA_SIGINFO
    SIGINT: _ZL11UserHandleriPvS_ in libjvm.dylib, mask=11100110000111110111111111111111, flags=SA_RESTART|SA_SIGINFO
   SIGTERM: _ZL11UserHandleriPvS_ in libjvm.dylib, mask=11100110000111110111111111111111, flags=SA_RESTART|SA_SIGINFO
   SIGQUIT: _ZL11UserHandleriPvS_ in libjvm.dylib, mask=11100110000111110111111111111111, flags=SA_RESTART|SA_SIGINFO
   SIGTRAP: _ZL13crash_handleriP9__siginfoPv in libjvm.dylib, mask=11100110000111110111111111111111, flags=SA_RESTART|SA_SIGINFO


---------------  S Y S T E M  ---------------

OS:
uname: Darwin 21.5.0 Darwin Kernel Version 21.5.0: Tue Apr 26 21:08:29 PDT 2022; root:xnu-8020.121.3~4/RELEASE_ARM64_T8101 arm64
OS uptime: 1 days 3:54 hours
rlimit (soft/hard): STACK 8176k/65520k , CORE 0k/infinity , NPROC 1333/2000 , NOFILE 10240/infinity , AS infinity/infinity , CPU infinity/infinity , DATA infinity/infinity , FSIZE infinity/infinity , MEMLOCK infinity/infinity , RSS infinity/infinity
load average: 2.83 2.84 2.58

CPU: total 8 (initial active 8) 0x61:0x0:0x1b588bb3:0, fp, simd, crc, lse

Memory: 16k page, physical 8388608k(102352k free), swap 1048576k(1030656k free)

vm_info: Java HotSpot(TM) 64-Bit Server VM (17.0.1+12-LTS-39) for bsd-aarch64 JRE (17.0.1+12-LTS-39), built on Sep 27 2021 17:38:30 by "mach5one" with clang Apple LLVM 12.0.0 (clang-1200.0.32.29)

END.
