#
# A fatal error has been detected by the Java Runtime Environment:
#
#  SIGBUS (0xa) at pc=0x000000010a7654f0, pid=3086, tid=35083
#
# JRE version: Java(TM) SE Runtime Environment (17.0.1+12) (build 17.0.1+12-LTS-39)
# Java VM: Java HotSpot(TM) 64-Bit Server VM (17.0.1+12-LTS-39, mixed mode, sharing, tiered, compressed oops, compressed class ptrs, g1 gc, bsd-aarch64)
# Problematic frame:
# v  ~StubRoutines::SafeFetchN
#
# No core dump will be written. Core dumps have been disabled. To enable core dumping, try "ulimit -c unlimited" before starting Java again
#
# If you would like to submit a bug report, please visit:
#   https://bugreport.java.com/bugreport/crash.jsp
# The crash happened outside the Java Virtual Machine in native code.
# See problematic frame for where to report the bug.
#

---------------  S U M M A R Y ------------

Command Line: -javaagent:/Applications/IntelliJ IDEA CE.app/Contents/lib/idea_rt.jar=59345:/Applications/IntelliJ IDEA CE.app/Contents/bin -Dfile.encoding=UTF-8 --module-path=/Users/nitinjakhar/.m2/repository/org/openjfx/javafx-base/17.0.1/javafx-base-17.0.1-mac-aarch64.jar:/Users/nitinjakhar/.m2/repository/org/openjfx/javafx-fxml/17.0.1/javafx-fxml-17.0.1-mac-aarch64.jar:/Users/nitinjakhar/.m2/repository/org/openjfx/javafx-graphics/17.0.1/javafx-graphics-17.0.1-mac-aarch64.jar:/Users/nitinjakhar/IdeaProjects/COMP1011-M2022-ICE2/target/classes:/Users/nitinjakhar/.m2/repository/org/openjfx/javafx-controls/17.0.1/javafx-controls-17.0.1-mac-aarch64.jar -Djdk.module.main=ca.georgiancollege.comp1011m2022ice2 ca.georgiancollege.comp1011m2022ice2/ca.georgiancollege.comp1011m2022ice2.Main

Host: "MacBookAir10,1" arm64 1 MHz, 8 cores, 8G, Darwin 21.5.0, macOS 12.4 (21F79)
Time: Sat May 21 14:03:11 2022 EDT elapsed time: 0.269691 seconds (0d 0h 0m 0s)

---------------  T H R E A D  ---------------

Current thread (0x0000000147a3f800):  JavaThread "InvokeLaterDispatcher" daemon [_thread_in_native, id=35083, stack(0x0000000171a34000,0x0000000171c37000)]

Stack: [0x0000000171a34000,0x0000000171c37000],  sp=0x0000000171c367b0,  free space=2057k
Native frames: (J=compiled Java code, j=interpreted, Vv=VM code, C=native code)
v  ~StubRoutines::SafeFetchN
V  [libjvm.dylib+0x79e208]  OopStorage::release(oopDesc* const*)+0x20
V  [libjvm.dylib+0x4b8f30]  jni_DeleteGlobalRef+0xc4
C  [libglass.dylib+0xab08]  -[GlassRunnable dealloc]+0x34
C  [Foundation+0x85318]  -[_NSThreadPerformInfo dealloc]+0x30
C  [Foundation+0x518ac]  -[NSObject(NSThreadPerformAdditions) performSelectorOnMainThread:withObject:waitUntilDone:]+0x88
C  0xf26400010a76d8ac
j  com.sun.glass.ui.mac.MacApplication.submitForLaterInvocation(Ljava/lang/Runnable;)V+2 javafx.graphics
j  com.sun.glass.ui.InvokeLaterDispatcher.run()V+82 javafx.graphics
v  ~StubRoutines::call_stub
V  [libjvm.dylib+0x460588]  JavaCalls::call_helper(JavaValue*, methodHandle const&, JavaCallArguments*, JavaThread*)+0x38c
V  [libjvm.dylib+0x45f5a4]  JavaCalls::call_virtual(JavaValue*, Klass*, Symbol*, Symbol*, JavaCallArguments*, JavaThread*)+0x11c
V  [libjvm.dylib+0x45f670]  JavaCalls::call_virtual(JavaValue*, Handle, Klass*, Symbol*, Symbol*, JavaThread*)+0x64
V  [libjvm.dylib+0x512ef0]  thread_entry(JavaThread*, JavaThread*)+0xc4
V  [libjvm.dylib+0x8fc514]  JavaThread::thread_main_inner()+0x134
V  [libjvm.dylib+0x8fae3c]  Thread::call_run()+0x128
V  [libjvm.dylib+0x7a4df0]  thread_native_entry(Thread*)+0x158
C  [libsystem_pthread.dylib+0x726c]  _pthread_start+0x94

Java frames: (J=compiled Java code, j=interpreted, Vv=VM code)
j  com.sun.glass.ui.mac.MacApplication._submitForLaterInvocation(Ljava/lang/Runnable;)V+0 javafx.graphics
j  com.sun.glass.ui.mac.MacApplication.submitForLaterInvocation(Ljava/lang/Runnable;)V+2 javafx.graphics
j  com.sun.glass.ui.InvokeLaterDispatcher.run()V+82 javafx.graphics
v  ~StubRoutines::call_stub

siginfo: si_signo: 10 (SIGBUS), si_code: 1 (BUS_ADRALN), si_addr: 0x000000010a7654f0

Register to memory mapping:

 x0=0x0000000146e0b688 points into unknown readable memory: 0x0000000000000000 | 00 00 00 00 00 00 00 00
 x1=0x0 is NULL
 x2=0x00000007874036d8 is an oop: com.sun.glass.ui.InvokeLaterDispatcher$Future 
{0x00000007874036d8} - klass: 'com/sun/glass/ui/InvokeLaterDispatcher$Future'
 - ---- fields (total size 3 words):
 - private 'done' 'Z' @12  true
 - private final 'runnable' 'Ljava/lang/Runnable;' @16  a 'com/sun/javafx/application/PlatformImpl$$Lambda$92+0x0000000800c81f50'{0x00000007872f7d18} (f0e5efa3)
 - final synthetic 'this$0' 'Lcom/sun/glass/ui/InvokeLaterDispatcher;' @20  a 'com/sun/glass/ui/InvokeLaterDispatcher'{0x00000007876f9b70} (f0edf36e)
 x3=0x0 is NULL
 x4=0x0 is NULL
 x5=0x0 is NULL
 x6=0x0 is NULL
 x7=0x0 is NULL
 x8=0x000000010a7654ec is at begin+0 in a stub
StubRoutines::SafeFetchN [0x000000010a7654ec, 0x000000010a7654f8] (12 bytes)
 x9=0x0 is NULL
x10=0x2010000030300000 is an unknown value
x11=0x0000000000000007 is an unknown value
x12=0x0 is NULL
x13=0x000060000122fff0 points into unknown readable memory: 0x0000000000000340 | 40 03 00 00 00 00 00 00
x14=0x0000020000000000 is an unknown value
x15=0x0000000123f45f98: OBJC_CLASS_$_GlassRunnable+0 in /Users/nitinjakhar/.openjfx/cache/17.0.1/libglass.dylib at 0x0000000123f00000
x16=0x00000001c05670fc: pthread_getspecific+0 in /usr/lib/system/libsystem_pthread.dylib at 0x00000001c0565000
x17=0x0000600001826940 points into unknown readable memory: 0xfffffffffffffffe | fe ff ff ff ff ff ff ff
x18=0x0 is NULL
x19=0x0000600001720150 points into unknown readable memory: 0x0000600003e281b0 | b0 81 e2 03 00 60 00 00
x20=0x0000000146e0b480 points into unknown readable memory: 0x0000000136e095c0 | c0 95 e0 36 01 00 00 00
x21=0x0000000146e0b688 points into unknown readable memory: 0x0000000000000000 | 00 00 00 00 00 00 00 00
x22=0x0000000147a3f800 is a thread
x23=0x0000000000000001 is an unknown value
x24=0x0000000146e0b640 is a global jni handle
x25=0x0000000102c915d8: _ZN12StubRoutines17_safefetchN_entryE+0 in /Library/Java/JavaVirtualMachines/jdk-17.0.1.jdk/Contents/Home/lib/server/libjvm.dylib at 0x0000000102100000
x26=0x00000001205182c0 is pointing into metadata
x27=0x0 is NULL
x28=0x0000000147a3f800 is a thread


Registers:
 x0=0x0000000146e0b688  x1=0x0000000000000000  x2=0x00000007874036d8  x3=0x0000000000000000
 x4=0x0000000000000000  x5=0x0000000000000000  x6=0x0000000000000000  x7=0x0000000000000000
 x8=0x000000010a7654ec  x9=0x0000000000000000 x10=0x2010000030300000 x11=0x0000000000000007
x12=0x0000000000000000 x13=0x000060000122fff0 x14=0x0000020000000000 x15=0x0000000123f45f98
x16=0x00000001c05670fc x17=0x0000600001826940 x18=0x0000000000000000 x19=0x0000600001720150
x20=0x0000000146e0b480 x21=0x0000000146e0b688 x22=0x0000000147a3f800 x23=0x0000000000000001
x24=0x0000000146e0b640 x25=0x0000000102c915d8 x26=0x00000001205182c0 x27=0x0000000000000000
x28=0x0000000147a3f800  fp=0x0000000171c367f0  lr=0x000000010289cfd8  sp=0x0000000171c367b0
pc=0x000000010a7654f0 cpsr=0x0000000060001000
Top of Stack: (sp=0x0000000171c367b0)
0x0000000171c367b0:   00000001205182c0 0000000000000001
0x0000000171c367c0:   0000000171c369a8 0000600003e2d2c0
0x0000000171c367d0:   0000000000000000 0000000146e0b678
0x0000000171c367e0:   0000000146e0b678 0000600001720150
0x0000000171c367f0:   0000000171c36830 000000010289e208
0x0000000171c36800:   0000000000000001 0000000146e0b678
0x0000000171c36810:   0000000000000000 0000000146e0b678
0x0000000171c36820:   0000000000000001 0000000147a33200
0x0000000171c36830:   0000000171c36860 00000001025b8f30
0x0000000171c36840:   0000600003e2d2b0 000000020a82530c
0x0000000171c36850:   0000000000000000 0000600003e2d2b0
0x0000000171c36860:   0000000171c36890 0000000123f0ab08
0x0000000171c36870:   04ff2fac6e960091 0000000000000000
0x0000000171c36880:   0000000000000000 000060000292a340
0x0000000171c36890:   0000000171c368d0 00000001c153c318
0x0000000171c368a0:   0000000171c369a8 0000600003e2d2c0
0x0000000171c368b0:   0000600003e2d2b0 04ff2fac6e960091
0x0000000171c368c0:   0000000000000000 0000000000000000
0x0000000171c368d0:   0000000171c36910 95770001c15088ac
0x0000000171c368e0:   0000000171c369a8 000000010a76c7c0
0x0000000171c368f0:   0000000000000000 0000000102c98f90
0x0000000171c36900:   0000000171c36920 000000010a76b730
0x0000000171c36910:   0000000171c36980 f26400010a76d8ac
0x0000000171c36920:   0000000171c36920 0000000800986475
0x0000000171c36930:   0000000171c36930 0000000000000000
0x0000000171c36940:   0000000171c369a8 00000001205182c0
0x0000000171c36950:   0000000787676878 0000000000000000
0x0000000171c36960:   0000000000000000 00000001204f7138
0x0000000171c36970:   0000000000000000 0000000171c36980
0x0000000171c36980:   0000000171c36a00 000000010a769fc8
0x0000000171c36990:   0000000000000000 0000000000000000
0x0000000171c369a0:   00000007874036d8 00000007876f36a8 

Instructions: (pc=0x000000010a7654f0)
0x000000010a7653f0:   f2a058a9 f2c00029 6d425935 1e640886
0x000000010a765400:   0c402d31 1e6408c7 1f5654d0 1e6c1017
0x000000010a765410:   1f5050d0 1f504cd0 1f5048d0 1e650af6
0x000000010a765420:   1f50d8f6 1f5694d6 1f5158f6 1e762880
0x000000010a765430:   36000501 1e614000 14000026 2e251ca5
0x000000010a765440:   d29c3009 f2a058a9 f2c00029 6d425d36
0x000000010a765450:   1e600806 0c402d32 1f5758c7 1e6c101a
0x000000010a765460:   1f4754c7 1e650805 1f4750c7 d2866668
0x000000010a765470:   f2a7fa68 1f474cc7 1e6608c0 1f4748c7
0x000000010a765480:   1e6e1019 eb08007f 540000ac 1f479400
0x000000010a765490:   1f460340 1e603b20 1400000e d2a7fd29
0x000000010a7654a0:   eb09007f 540000ac 51480069 d3607d29
0x000000010a7654b0:   9e670121 14000002 1e6a5001 1f679417
0x000000010a7654c0:   1f668742 1e613b23 1e773857 1e773860
0x000000010a7654d0:   a8c17ff3 910003bf a8c17bfd d65f03c0
0x000000010a7654e0:   b9400001 aa0103e0 d65f03c0 f9400001
0x000000010a7654f0:   aa0103e0 d65f03c0 00000000 00000000
0x000000010a765500:   00000000 00000000 00000000 00000000
0x000000010a765510:   00000000 00000000 00000000 00000000
0x000000010a765520:   00000000 00000000 00000000 00000000
0x000000010a765530:   00000000 00000000 00000000 00000000
0x000000010a765540:   00000000 00000000 00000000 00000000
0x000000010a765550:   00000000 00000000 00000000 00000000
0x000000010a765560:   00000000 00000000 00000000 00000000
0x000000010a765570:   00000000 00000000 00000000 00000000
0x000000010a765580:   00000000 00000000 00000000 00000000
0x000000010a765590:   00000000 00000000 00000000 00000000
0x000000010a7655a0:   00000000 00000000 00000000 00000000
0x000000010a7655b0:   00000000 00000000 00000000 00000000
0x000000010a7655c0:   00000000 00000000 00000000 00000000
0x000000010a7655d0:   00000000 00000000 00000000 00000000
0x000000010a7655e0:   00000000 00000000 00000000 00000000 


Stack slot to memory mapping:
stack at sp + 0 slots: 0x00000001205182c0 is pointing into metadata
stack at sp + 1 slots: 0x0000000000000001 is an unknown value
stack at sp + 2 slots: 0x0000000171c369a8 is pointing into the stack for thread: 0x0000000147a3f800
stack at sp + 3 slots: 0x0000600003e2d2c0 points into unknown readable memory: 0x0100000218f36031 | 31 60 f3 18 02 00 00 01
stack at sp + 4 slots: 0x0 is NULL
stack at sp + 5 slots: 0x0000000146e0b678 is a global jni handle
stack at sp + 6 slots: 0x0000000146e0b678 is a global jni handle
stack at sp + 7 slots: 0x0000600001720150 points into unknown readable memory: 0x0000600003e281b0 | b0 81 e2 03 00 60 00 00

StubRoutines::SafeFetchN [0x000000010a7654ec, 0x000000010a7654f8] (12 bytes)
[MachCode]
  0x000000010a7654ec: 0100 40f9 | e003 01aa | c003 5fd6 
[/MachCode]

---------------  P R O C E S S  ---------------

Threads class SMR info:
_java_thread_list=0x0000600003c4fea0, length=17, elements={
0x0000000127808200, 0x000000014781b800, 0x000000011f81cc00, 0x00000001470a9800,
0x0000000127809c00, 0x000000014780fc00, 0x0000000147810200, 0x0000000122808200,
0x000000012780a200, 0x0000000137009600, 0x000000013700ba00, 0x000000012781ca00,
0x000000014780da00, 0x0000000147a3f800, 0x0000000147a33200, 0x0000000147128400,
0x0000000147a45000
}

Java Threads: ( => current thread )
  0x0000000127808200 JavaThread "main" [_thread_blocked, id=6147, stack(0x000000016f02c000,0x000000016f22f000)]
  0x000000014781b800 JavaThread "Reference Handler" daemon [_thread_blocked, id=17667, stack(0x000000016fe80000,0x0000000170083000)]
  0x000000011f81cc00 JavaThread "Finalizer" daemon [_thread_blocked, id=17411, stack(0x000000017008c000,0x000000017028f000)]
  0x00000001470a9800 JavaThread "Signal Dispatcher" daemon [_thread_blocked, id=22787, stack(0x00000001703b0000,0x00000001705b3000)]
  0x0000000127809c00 JavaThread "Service Thread" daemon [_thread_blocked, id=23043, stack(0x00000001705bc000,0x00000001707bf000)]
  0x000000014780fc00 JavaThread "Monitor Deflation Thread" daemon [_thread_blocked, id=23299, stack(0x00000001707c8000,0x00000001709cb000)]
  0x0000000147810200 JavaThread "C2 CompilerThread0" daemon [_thread_blocked, id=41731, stack(0x00000001709d4000,0x0000000170bd7000)]
  0x0000000122808200 JavaThread "C1 CompilerThread0" daemon [_thread_blocked, id=24067, stack(0x0000000170be0000,0x0000000170de3000)]
  0x000000012780a200 JavaThread "Sweeper thread" daemon [_thread_blocked, id=41475, stack(0x0000000170dec000,0x0000000170fef000)]
  0x0000000137009600 JavaThread "Common-Cleaner" daemon [_thread_blocked, id=40963, stack(0x0000000170ff8000,0x00000001711fb000)]
  0x000000013700ba00 JavaThread "Monitor Ctrl-Break" daemon [_thread_in_native, id=24579, stack(0x0000000171204000,0x0000000171407000)]
  0x000000012781ca00 JavaThread "Notification Thread" daemon [_thread_blocked, id=40451, stack(0x0000000171410000,0x0000000171613000)]
  0x000000014780da00 JavaThread "QuantumRenderer-0" daemon [_thread_blocked, id=25859, stack(0x0000000171828000,0x0000000171a2b000)]
=>0x0000000147a3f800 JavaThread "InvokeLaterDispatcher" daemon [_thread_in_native, id=35083, stack(0x0000000171a34000,0x0000000171c37000)]
  0x0000000147a33200 JavaThread "JavaFX Application Thread" [_thread_in_vm, id=259, stack(0x000000016e7a4000,0x000000016efa0000)]
  0x0000000147128400 JavaThread "JavaFX-Launcher" [_thread_blocked, id=57095, stack(0x0000000171ed8000,0x00000001720db000)]
  0x0000000147a45000 JavaThread "PulseTimer-CVDisplayLink thread" daemon [_thread_in_native, id=52227, stack(0x0000000171c40000,0x0000000171cc3000)]

Other Threads:
  0x0000000148007040 VMThread "VM Thread" [stack: 0x000000016fc74000,0x000000016fe77000] [id=15619]
  0x000000014800d2d0 WatcherThread [stack: 0x000000017161c000,0x000000017181f000] [id=25347]
  0x0000000146e078c0 GCTaskThread "GC Thread#0" [stack: 0x000000016f238000,0x000000016f43b000] [id=20483]
  0x0000000146e07f70 ConcurrentGCThread "G1 Main Marker" [stack: 0x000000016f444000,0x000000016f647000] [id=13315]
  0x0000000146e087f0 ConcurrentGCThread "G1 Conc#0" [stack: 0x000000016f650000,0x000000016f853000] [id=20227]
  0x0000000146e0a660 ConcurrentGCThread "G1 Refine#0" [stack: 0x000000016f85c000,0x000000016fa5f000] [id=19971]
  0x0000000102004080 ConcurrentGCThread "G1 Service" [stack: 0x000000016fa68000,0x000000016fc6b000] [id=15107]

Threads with active compile tasks:

VM state: not at safepoint (normal execution)

VM Mutex/Monitor currently owned by a thread: None

Heap address: 0x0000000780000000, size: 2048 MB, Compressed Oops mode: Zero based, Oop shift amount: 3

CDS archive(s) mapped at: [0x0000000800000000-0x0000000800bd4000-0x0000000800bd4000), size 12402688, SharedBaseAddress: 0x0000000800000000, ArchiveRelocationMode: 0.
Compressed class space mapped at: 0x0000000800c00000-0x0000000840c00000, reserved size: 1073741824
Narrow klass base: 0x0000000800000000, Narrow klass shift: 0, Narrow klass range: 0x100000000

GC Precious Log:
 CPUs: 8 total, 8 available
 Memory: 8192M
 Large Page Support: Disabled
 NUMA Support: Disabled
 Compressed Oops: Enabled (Zero based)
 Heap Region Size: 1M
 Heap Min Capacity: 8M
 Heap Initial Capacity: 128M
 Heap Max Capacity: 2G
 Pre-touch: Disabled
 Parallel Workers: 8
 Concurrent Workers: 2
 Concurrent Refinement Workers: 8
 Periodic GC: Disabled

Heap:
 garbage-first heap   total 133120K, used 15328K [0x0000000780000000, 0x0000000800000000)
  region size 1024K, 15 young (15360K), 0 survivors (0K)
 Metaspace       used 4283K, committed 4480K, reserved 1056768K
  class space    used 483K, committed 576K, reserved 1048576K

Heap Regions: E=young(eden), S=young(survivor), O=old, HS=humongous(starts), HC=humongous(continues), CS=collection set, F=free, OA=open archive, CA=closed archive, TAMS=top-at-mark-start (previous, next)
|   0|0x0000000780000000, 0x0000000780000000, 0x0000000780100000|  0%| F|  |TAMS 0x0000000780000000, 0x0000000780000000| Untracked 
|   1|0x0000000780100000, 0x0000000780100000, 0x0000000780200000|  0%| F|  |TAMS 0x0000000780100000, 0x0000000780100000| Untracked 
|   2|0x0000000780200000, 0x0000000780200000, 0x0000000780300000|  0%| F|  |TAMS 0x0000000780200000, 0x0000000780200000| Untracked 
|   3|0x0000000780300000, 0x0000000780300000, 0x0000000780400000|  0%| F|  |TAMS 0x0000000780300000, 0x0000000780300000| Untracked 
|   4|0x0000000780400000, 0x0000000780400000, 0x0000000780500000|  0%| F|  |TAMS 0x0000000780400000, 0x0000000780400000| Untracked 
|   5|0x0000000780500000, 0x0000000780500000, 0x0000000780600000|  0%| F|  |TAMS 0x0000000780500000, 0x0000000780500000| Untracked 
|   6|0x0000000780600000, 0x0000000780600000, 0x0000000780700000|  0%| F|  |TAMS 0x0000000780600000, 0x0000000780600000| Untracked 
|   7|0x0000000780700000, 0x0000000780700000, 0x0000000780800000|  0%| F|  |TAMS 0x0000000780700000, 0x0000000780700000| Untracked 
|   8|0x0000000780800000, 0x0000000780800000, 0x0000000780900000|  0%| F|  |TAMS 0x0000000780800000, 0x0000000780800000| Untracked 
|   9|0x0000000780900000, 0x0000000780900000, 0x0000000780a00000|  0%| F|  |TAMS 0x0000000780900000, 0x0000000780900000| Untracked 
|  10|0x0000000780a00000, 0x0000000780a00000, 0x0000000780b00000|  0%| F|  |TAMS 0x0000000780a00000, 0x0000000780a00000| Untracked 
|  11|0x0000000780b00000, 0x0000000780b00000, 0x0000000780c00000|  0%| F|  |TAMS 0x0000000780b00000, 0x0000000780b00000| Untracked 
|  12|0x0000000780c00000, 0x0000000780c00000, 0x0000000780d00000|  0%| F|  |TAMS 0x0000000780c00000, 0x0000000780c00000| Untracked 
|  13|0x0000000780d00000, 0x0000000780d00000, 0x0000000780e00000|  0%| F|  |TAMS 0x0000000780d00000, 0x0000000780d00000| Untracked 
|  14|0x0000000780e00000, 0x0000000780e00000, 0x0000000780f00000|  0%| F|  |TAMS 0x0000000780e00000, 0x0000000780e00000| Untracked 
|  15|0x0000000780f00000, 0x0000000780f00000, 0x0000000781000000|  0%| F|  |TAMS 0x0000000780f00000, 0x0000000780f00000| Untracked 
|  16|0x0000000781000000, 0x0000000781000000, 0x0000000781100000|  0%| F|  |TAMS 0x0000000781000000, 0x0000000781000000| Untracked 
|  17|0x0000000781100000, 0x0000000781100000, 0x0000000781200000|  0%| F|  |TAMS 0x0000000781100000, 0x0000000781100000| Untracked 
|  18|0x0000000781200000, 0x0000000781200000, 0x0000000781300000|  0%| F|  |TAMS 0x0000000781200000, 0x0000000781200000| Untracked 
|  19|0x0000000781300000, 0x0000000781300000, 0x0000000781400000|  0%| F|  |TAMS 0x0000000781300000, 0x0000000781300000| Untracked 
|  20|0x0000000781400000, 0x0000000781400000, 0x0000000781500000|  0%| F|  |TAMS 0x0000000781400000, 0x0000000781400000| Untracked 
|  21|0x0000000781500000, 0x0000000781500000, 0x0000000781600000|  0%| F|  |TAMS 0x0000000781500000, 0x0000000781500000| Untracked 
|  22|0x0000000781600000, 0x0000000781600000, 0x0000000781700000|  0%| F|  |TAMS 0x0000000781600000, 0x0000000781600000| Untracked 
|  23|0x0000000781700000, 0x0000000781700000, 0x0000000781800000|  0%| F|  |TAMS 0x0000000781700000, 0x0000000781700000| Untracked 
|  24|0x0000000781800000, 0x0000000781800000, 0x0000000781900000|  0%| F|  |TAMS 0x0000000781800000, 0x0000000781800000| Untracked 
|  25|0x0000000781900000, 0x0000000781900000, 0x0000000781a00000|  0%| F|  |TAMS 0x0000000781900000, 0x0000000781900000| Untracked 
|  26|0x0000000781a00000, 0x0000000781a00000, 0x0000000781b00000|  0%| F|  |TAMS 0x0000000781a00000, 0x0000000781a00000| Untracked 
|  27|0x0000000781b00000, 0x0000000781b00000, 0x0000000781c00000|  0%| F|  |TAMS 0x0000000781b00000, 0x0000000781b00000| Untracked 
|  28|0x0000000781c00000, 0x0000000781c00000, 0x0000000781d00000|  0%| F|  |TAMS 0x0000000781c00000, 0x0000000781c00000| Untracked 
|  29|0x0000000781d00000, 0x0000000781d00000, 0x0000000781e00000|  0%| F|  |TAMS 0x0000000781d00000, 0x0000000781d00000| Untracked 
|  30|0x0000000781e00000, 0x0000000781e00000, 0x0000000781f00000|  0%| F|  |TAMS 0x0000000781e00000, 0x0000000781e00000| Untracked 
|  31|0x0000000781f00000, 0x0000000781f00000, 0x0000000782000000|  0%| F|  |TAMS 0x0000000781f00000, 0x0000000781f00000| Untracked 
|  32|0x0000000782000000, 0x0000000782000000, 0x0000000782100000|  0%| F|  |TAMS 0x0000000782000000, 0x0000000782000000| Untracked 
|  33|0x0000000782100000, 0x0000000782100000, 0x0000000782200000|  0%| F|  |TAMS 0x0000000782100000, 0x0000000782100000| Untracked 
|  34|0x0000000782200000, 0x0000000782200000, 0x0000000782300000|  0%| F|  |TAMS 0x0000000782200000, 0x0000000782200000| Untracked 
|  35|0x0000000782300000, 0x0000000782300000, 0x0000000782400000|  0%| F|  |TAMS 0x0000000782300000, 0x0000000782300000| Untracked 
|  36|0x0000000782400000, 0x0000000782400000, 0x0000000782500000|  0%| F|  |TAMS 0x0000000782400000, 0x0000000782400000| Untracked 
|  37|0x0000000782500000, 0x0000000782500000, 0x0000000782600000|  0%| F|  |TAMS 0x0000000782500000, 0x0000000782500000| Untracked 
|  38|0x0000000782600000, 0x0000000782600000, 0x0000000782700000|  0%| F|  |TAMS 0x0000000782600000, 0x0000000782600000| Untracked 
|  39|0x0000000782700000, 0x0000000782700000, 0x0000000782800000|  0%| F|  |TAMS 0x0000000782700000, 0x0000000782700000| Untracked 
|  40|0x0000000782800000, 0x0000000782800000, 0x0000000782900000|  0%| F|  |TAMS 0x0000000782800000, 0x0000000782800000| Untracked 
|  41|0x0000000782900000, 0x0000000782900000, 0x0000000782a00000|  0%| F|  |TAMS 0x0000000782900000, 0x0000000782900000| Untracked 
|  42|0x0000000782a00000, 0x0000000782a00000, 0x0000000782b00000|  0%| F|  |TAMS 0x0000000782a00000, 0x0000000782a00000| Untracked 
|  43|0x0000000782b00000, 0x0000000782b00000, 0x0000000782c00000|  0%| F|  |TAMS 0x0000000782b00000, 0x0000000782b00000| Untracked 
|  44|0x0000000782c00000, 0x0000000782c00000, 0x0000000782d00000|  0%| F|  |TAMS 0x0000000782c00000, 0x0000000782c00000| Untracked 
|  45|0x0000000782d00000, 0x0000000782d00000, 0x0000000782e00000|  0%| F|  |TAMS 0x0000000782d00000, 0x0000000782d00000| Untracked 
|  46|0x0000000782e00000, 0x0000000782e00000, 0x0000000782f00000|  0%| F|  |TAMS 0x0000000782e00000, 0x0000000782e00000| Untracked 
|  47|0x0000000782f00000, 0x0000000782f00000, 0x0000000783000000|  0%| F|  |TAMS 0x0000000782f00000, 0x0000000782f00000| Untracked 
|  48|0x0000000783000000, 0x0000000783000000, 0x0000000783100000|  0%| F|  |TAMS 0x0000000783000000, 0x0000000783000000| Untracked 
|  49|0x0000000783100000, 0x0000000783100000, 0x0000000783200000|  0%| F|  |TAMS 0x0000000783100000, 0x0000000783100000| Untracked 
|  50|0x0000000783200000, 0x0000000783200000, 0x0000000783300000|  0%| F|  |TAMS 0x0000000783200000, 0x0000000783200000| Untracked 
|  51|0x0000000783300000, 0x0000000783300000, 0x0000000783400000|  0%| F|  |TAMS 0x0000000783300000, 0x0000000783300000| Untracked 
|  52|0x0000000783400000, 0x0000000783400000, 0x0000000783500000|  0%| F|  |TAMS 0x0000000783400000, 0x0000000783400000| Untracked 
|  53|0x0000000783500000, 0x0000000783500000, 0x0000000783600000|  0%| F|  |TAMS 0x0000000783500000, 0x0000000783500000| Untracked 
|  54|0x0000000783600000, 0x0000000783600000, 0x0000000783700000|  0%| F|  |TAMS 0x0000000783600000, 0x0000000783600000| Untracked 
|  55|0x0000000783700000, 0x0000000783700000, 0x0000000783800000|  0%| F|  |TAMS 0x0000000783700000, 0x0000000783700000| Untracked 
|  56|0x0000000783800000, 0x0000000783800000, 0x0000000783900000|  0%| F|  |TAMS 0x0000000783800000, 0x0000000783800000| Untracked 
|  57|0x0000000783900000, 0x0000000783900000, 0x0000000783a00000|  0%| F|  |TAMS 0x0000000783900000, 0x0000000783900000| Untracked 
|  58|0x0000000783a00000, 0x0000000783a00000, 0x0000000783b00000|  0%| F|  |TAMS 0x0000000783a00000, 0x0000000783a00000| Untracked 
|  59|0x0000000783b00000, 0x0000000783b00000, 0x0000000783c00000|  0%| F|  |TAMS 0x0000000783b00000, 0x0000000783b00000| Untracked 
|  60|0x0000000783c00000, 0x0000000783c00000, 0x0000000783d00000|  0%| F|  |TAMS 0x0000000783c00000, 0x0000000783c00000| Untracked 
|  61|0x0000000783d00000, 0x0000000783d00000, 0x0000000783e00000|  0%| F|  |TAMS 0x0000000783d00000, 0x0000000783d00000| Untracked 
|  62|0x0000000783e00000, 0x0000000783e00000, 0x0000000783f00000|  0%| F|  |TAMS 0x0000000783e00000, 0x0000000783e00000| Untracked 
|  63|0x0000000783f00000, 0x0000000783f00000, 0x0000000784000000|  0%| F|  |TAMS 0x0000000783f00000, 0x0000000783f00000| Untracked 
|  64|0x0000000784000000, 0x0000000784000000, 0x0000000784100000|  0%| F|  |TAMS 0x0000000784000000, 0x0000000784000000| Untracked 
|  65|0x0000000784100000, 0x0000000784100000, 0x0000000784200000|  0%| F|  |TAMS 0x0000000784100000, 0x0000000784100000| Untracked 
|  66|0x0000000784200000, 0x0000000784200000, 0x0000000784300000|  0%| F|  |TAMS 0x0000000784200000, 0x0000000784200000| Untracked 
|  67|0x0000000784300000, 0x0000000784300000, 0x0000000784400000|  0%| F|  |TAMS 0x0000000784300000, 0x0000000784300000| Untracked 
|  68|0x0000000784400000, 0x0000000784400000, 0x0000000784500000|  0%| F|  |TAMS 0x0000000784400000, 0x0000000784400000| Untracked 
|  69|0x0000000784500000, 0x0000000784500000, 0x0000000784600000|  0%| F|  |TAMS 0x0000000784500000, 0x0000000784500000| Untracked 
|  70|0x0000000784600000, 0x0000000784600000, 0x0000000784700000|  0%| F|  |TAMS 0x0000000784600000, 0x0000000784600000| Untracked 
|  71|0x0000000784700000, 0x0000000784700000, 0x0000000784800000|  0%| F|  |TAMS 0x0000000784700000, 0x0000000784700000| Untracked 
|  72|0x0000000784800000, 0x0000000784800000, 0x0000000784900000|  0%| F|  |TAMS 0x0000000784800000, 0x0000000784800000| Untracked 
|  73|0x0000000784900000, 0x0000000784900000, 0x0000000784a00000|  0%| F|  |TAMS 0x0000000784900000, 0x0000000784900000| Untracked 
|  74|0x0000000784a00000, 0x0000000784a00000, 0x0000000784b00000|  0%| F|  |TAMS 0x0000000784a00000, 0x0000000784a00000| Untracked 
|  75|0x0000000784b00000, 0x0000000784b00000, 0x0000000784c00000|  0%| F|  |TAMS 0x0000000784b00000, 0x0000000784b00000| Untracked 
|  76|0x0000000784c00000, 0x0000000784c00000, 0x0000000784d00000|  0%| F|  |TAMS 0x0000000784c00000, 0x0000000784c00000| Untracked 
|  77|0x0000000784d00000, 0x0000000784d00000, 0x0000000784e00000|  0%| F|  |TAMS 0x0000000784d00000, 0x0000000784d00000| Untracked 
|  78|0x0000000784e00000, 0x0000000784e00000, 0x0000000784f00000|  0%| F|  |TAMS 0x0000000784e00000, 0x0000000784e00000| Untracked 
|  79|0x0000000784f00000, 0x0000000784f00000, 0x0000000785000000|  0%| F|  |TAMS 0x0000000784f00000, 0x0000000784f00000| Untracked 
|  80|0x0000000785000000, 0x0000000785000000, 0x0000000785100000|  0%| F|  |TAMS 0x0000000785000000, 0x0000000785000000| Untracked 
|  81|0x0000000785100000, 0x0000000785100000, 0x0000000785200000|  0%| F|  |TAMS 0x0000000785100000, 0x0000000785100000| Untracked 
|  82|0x0000000785200000, 0x0000000785200000, 0x0000000785300000|  0%| F|  |TAMS 0x0000000785200000, 0x0000000785200000| Untracked 
|  83|0x0000000785300000, 0x0000000785300000, 0x0000000785400000|  0%| F|  |TAMS 0x0000000785300000, 0x0000000785300000| Untracked 
|  84|0x0000000785400000, 0x0000000785400000, 0x0000000785500000|  0%| F|  |TAMS 0x0000000785400000, 0x0000000785400000| Untracked 
|  85|0x0000000785500000, 0x0000000785500000, 0x0000000785600000|  0%| F|  |TAMS 0x0000000785500000, 0x0000000785500000| Untracked 
|  86|0x0000000785600000, 0x0000000785600000, 0x0000000785700000|  0%| F|  |TAMS 0x0000000785600000, 0x0000000785600000| Untracked 
|  87|0x0000000785700000, 0x0000000785700000, 0x0000000785800000|  0%| F|  |TAMS 0x0000000785700000, 0x0000000785700000| Untracked 
|  88|0x0000000785800000, 0x0000000785800000, 0x0000000785900000|  0%| F|  |TAMS 0x0000000785800000, 0x0000000785800000| Untracked 
|  89|0x0000000785900000, 0x0000000785900000, 0x0000000785a00000|  0%| F|  |TAMS 0x0000000785900000, 0x0000000785900000| Untracked 
|  90|0x0000000785a00000, 0x0000000785a00000, 0x0000000785b00000|  0%| F|  |TAMS 0x0000000785a00000, 0x0000000785a00000| Untracked 
|  91|0x0000000785b00000, 0x0000000785b00000, 0x0000000785c00000|  0%| F|  |TAMS 0x0000000785b00000, 0x0000000785b00000| Untracked 
|  92|0x0000000785c00000, 0x0000000785c00000, 0x0000000785d00000|  0%| F|  |TAMS 0x0000000785c00000, 0x0000000785c00000| Untracked 
|  93|0x0000000785d00000, 0x0000000785d00000, 0x0000000785e00000|  0%| F|  |TAMS 0x0000000785d00000, 0x0000000785d00000| Untracked 
|  94|0x0000000785e00000, 0x0000000785e00000, 0x0000000785f00000|  0%| F|  |TAMS 0x0000000785e00000, 0x0000000785e00000| Untracked 
|  95|0x0000000785f00000, 0x0000000785f00000, 0x0000000786000000|  0%| F|  |TAMS 0x0000000785f00000, 0x0000000785f00000| Untracked 
|  96|0x0000000786000000, 0x0000000786000000, 0x0000000786100000|  0%| F|  |TAMS 0x0000000786000000, 0x0000000786000000| Untracked 
|  97|0x0000000786100000, 0x0000000786100000, 0x0000000786200000|  0%| F|  |TAMS 0x0000000786100000, 0x0000000786100000| Untracked 
|  98|0x0000000786200000, 0x0000000786200000, 0x0000000786300000|  0%| F|  |TAMS 0x0000000786200000, 0x0000000786200000| Untracked 
|  99|0x0000000786300000, 0x0000000786300000, 0x0000000786400000|  0%| F|  |TAMS 0x0000000786300000, 0x0000000786300000| Untracked 
| 100|0x0000000786400000, 0x0000000786400000, 0x0000000786500000|  0%| F|  |TAMS 0x0000000786400000, 0x0000000786400000| Untracked 
| 101|0x0000000786500000, 0x0000000786500000, 0x0000000786600000|  0%| F|  |TAMS 0x0000000786500000, 0x0000000786500000| Untracked 
| 102|0x0000000786600000, 0x0000000786600000, 0x0000000786700000|  0%| F|  |TAMS 0x0000000786600000, 0x0000000786600000| Untracked 
| 103|0x0000000786700000, 0x0000000786700000, 0x0000000786800000|  0%| F|  |TAMS 0x0000000786700000, 0x0000000786700000| Untracked 
| 104|0x0000000786800000, 0x0000000786800000, 0x0000000786900000|  0%| F|  |TAMS 0x0000000786800000, 0x0000000786800000| Untracked 
| 105|0x0000000786900000, 0x0000000786900000, 0x0000000786a00000|  0%| F|  |TAMS 0x0000000786900000, 0x0000000786900000| Untracked 
| 106|0x0000000786a00000, 0x0000000786a00000, 0x0000000786b00000|  0%| F|  |TAMS 0x0000000786a00000, 0x0000000786a00000| Untracked 
| 107|0x0000000786b00000, 0x0000000786b00000, 0x0000000786c00000|  0%| F|  |TAMS 0x0000000786b00000, 0x0000000786b00000| Untracked 
| 108|0x0000000786c00000, 0x0000000786c00000, 0x0000000786d00000|  0%| F|  |TAMS 0x0000000786c00000, 0x0000000786c00000| Untracked 
| 109|0x0000000786d00000, 0x0000000786d00000, 0x0000000786e00000|  0%| F|  |TAMS 0x0000000786d00000, 0x0000000786d00000| Untracked 
| 110|0x0000000786e00000, 0x0000000786e00000, 0x0000000786f00000|  0%| F|  |TAMS 0x0000000786e00000, 0x0000000786e00000| Untracked 
| 111|0x0000000786f00000, 0x0000000786f00000, 0x0000000787000000|  0%| F|  |TAMS 0x0000000786f00000, 0x0000000786f00000| Untracked 
| 112|0x0000000787000000, 0x0000000787000000, 0x0000000787100000|  0%| F|  |TAMS 0x0000000787000000, 0x0000000787000000| Untracked 
| 113|0x0000000787100000, 0x0000000787100800, 0x0000000787200000|  0%| E|  |TAMS 0x0000000787100000, 0x0000000787100000| Complete 
| 114|0x0000000787200000, 0x0000000787300000, 0x0000000787300000|100%| E|CS|TAMS 0x0000000787200000, 0x0000000787200000| Complete 
| 115|0x0000000787300000, 0x0000000787400000, 0x0000000787400000|100%| E|CS|TAMS 0x0000000787300000, 0x0000000787300000| Complete 
| 116|0x0000000787400000, 0x0000000787500000, 0x0000000787500000|100%| E|CS|TAMS 0x0000000787400000, 0x0000000787400000| Complete 
| 117|0x0000000787500000, 0x0000000787600000, 0x0000000787600000|100%| E|CS|TAMS 0x0000000787500000, 0x0000000787500000| Complete 
| 118|0x0000000787600000, 0x0000000787700000, 0x0000000787700000|100%| E|CS|TAMS 0x0000000787600000, 0x0000000787600000| Complete 
| 119|0x0000000787700000, 0x0000000787800000, 0x0000000787800000|100%| E|CS|TAMS 0x0000000787700000, 0x0000000787700000| Complete 
| 120|0x0000000787800000, 0x0000000787900000, 0x0000000787900000|100%| E|CS|TAMS 0x0000000787800000, 0x0000000787800000| Complete 
| 121|0x0000000787900000, 0x0000000787a00000, 0x0000000787a00000|100%| E|CS|TAMS 0x0000000787900000, 0x0000000787900000| Complete 
| 122|0x0000000787a00000, 0x0000000787b00000, 0x0000000787b00000|100%| E|CS|TAMS 0x0000000787a00000, 0x0000000787a00000| Complete 
| 123|0x0000000787b00000, 0x0000000787c00000, 0x0000000787c00000|100%| E|CS|TAMS 0x0000000787b00000, 0x0000000787b00000| Complete 
| 124|0x0000000787c00000, 0x0000000787d00000, 0x0000000787d00000|100%| E|CS|TAMS 0x0000000787c00000, 0x0000000787c00000| Complete 
| 125|0x0000000787d00000, 0x0000000787e00000, 0x0000000787e00000|100%| E|CS|TAMS 0x0000000787d00000, 0x0000000787d00000| Complete 
| 126|0x0000000787e00000, 0x0000000787f00000, 0x0000000787f00000|100%| E|CS|TAMS 0x0000000787e00000, 0x0000000787e00000| Complete 
| 127|0x0000000787f00000, 0x0000000788000000, 0x0000000788000000|100%| E|CS|TAMS 0x0000000787f00000, 0x0000000787f00000| Complete 
|2046|0x00000007ffe00000, 0x00000007ffe78000, 0x00000007fff00000| 46%|OA|  |TAMS 0x00000007ffe00000, 0x00000007ffe00000| Untracked 
|2047|0x00000007fff00000, 0x00000007fff80000, 0x0000000800000000| 50%|CA|  |TAMS 0x00000007fff00000, 0x00000007fff00000| Untracked 

Card table byte_map: [0x00000001017ec000,0x0000000101bec000] _byte_map_base: 0x00000000fdbec000

Marking Bits (Prev, Next): (CMBitMap*) 0x0000000147010810, (CMBitMap*) 0x0000000147010850
 Prev Bits: [0x0000000119764000, 0x000000011b764000)
 Next Bits: [0x000000011b764000, 0x000000011d764000)

Polling page: 0x0000000100fe4000

Metaspace:

Usage:
  Non-class:      3.71 MB used.
      Class:    483.65 KB used.
       Both:      4.18 MB used.

Virtual space:
  Non-class space:        8.00 MB reserved,       3.81 MB ( 48%) committed,  1 nodes.
      Class space:        1.00 GB reserved,     576.00 KB ( <1%) committed,  1 nodes.
             Both:        1.01 GB reserved,       4.38 MB ( <1%) committed. 

Chunk freelists:
   Non-Class:  2.29 MB
       Class:  3.48 MB
        Both:  5.77 MB

MaxMetaspaceSize: unlimited
CompressedClassSpaceSize: 1.00 GB
Initial GC threshold: 21.00 MB
Current GC threshold: 21.00 MB
CDS: on
MetaspaceReclaimPolicy: balanced
 - commit_granule_bytes: 65536.
 - commit_granule_words: 8192.
 - virtual_space_node_default_size: 1048576.
 - enlarge_chunks_in_place: 1.
 - new_chunks_are_fully_committed: 0.
 - uncommit_free_chunks: 1.
 - use_allocation_guard: 0.
 - handle_deallocations: 1.


Internal statistics:

num_allocs_failed_limit: 0.
num_arena_births: 84.
num_arena_deaths: 0.
num_vsnodes_births: 2.
num_vsnodes_deaths: 0.
num_space_committed: 70.
num_space_uncommitted: 0.
num_chunks_returned_to_freelist: 0.
num_chunks_taken_from_freelist: 183.
num_chunk_merges: 0.
num_chunk_splits: 122.
num_chunks_enlarged: 92.
num_purges: 0.
num_inconsistent_stats: 0.

CodeHeap 'non-profiled nmethods': size=120032Kb used=230Kb max_used=230Kb free=119801Kb
 bounds [0x000000011222c000, 0x000000011249c000, 0x0000000119764000]
CodeHeap 'profiled nmethods': size=120016Kb used=1259Kb max_used=1259Kb free=118756Kb
 bounds [0x000000010acf8000, 0x000000010af68000, 0x000000011222c000]
CodeHeap 'non-nmethods': size=5712Kb used=1169Kb max_used=1199Kb free=4542Kb
 bounds [0x000000010a764000, 0x000000010a9d4000, 0x000000010acf8000]
 total_blobs=1241 nmethods=736 adapters=422
 compilation: enabled
              stopped_count=0, restarted_count=0
 full_count=0

Compilation events (20 events):
Event: 0.265 Thread 0x0000000122808200 nmethod 745 0x0000000112262d10 code [0x0000000112262e80, 0x0000000112262f68]
Event: 0.266 Thread 0x0000000122808200  747       3       java.util.Collections$UnmodifiableCollection$1::hasNext (10 bytes)
Event: 0.266 Thread 0x0000000147810200 nmethod 737 0x0000000112263010 code [0x0000000112263240, 0x0000000112263830]
Event: 0.266 Thread 0x0000000147810200  741       4       java.util.ImmutableCollections$SetN::contains (26 bytes)
Event: 0.266 Thread 0x0000000122808200 nmethod 747 0x000000010ae2a590 code [0x000000010ae2a740, 0x000000010ae2a998]
Event: 0.266 Thread 0x0000000122808200  748       3       java.util.Collections$UnmodifiableCollection$1::next (10 bytes)
Event: 0.267 Thread 0x0000000122808200 nmethod 748 0x000000010ae2aa90 code [0x000000010ae2ac40, 0x000000010ae2ae58]
Event: 0.267 Thread 0x0000000122808200  749       3       java.lang.invoke.MethodHandleNatives::isCallerSensitive (29 bytes)
Event: 0.267 Thread 0x0000000122808200 nmethod 749 0x000000010ae2af10 code [0x000000010ae2b140, 0x000000010ae2b6d8]
Event: 0.267 Thread 0x0000000122808200  751       3       java.lang.Class::descriptorString (170 bytes)
Event: 0.268 Thread 0x0000000122808200 nmethod 751 0x000000010ae2b910 code [0x000000010ae2bfc0, 0x000000010ae2dfc8]
Event: 0.268 Thread 0x0000000122808200  754       3       jdk.internal.org.objectweb.asm.Type::<init> (26 bytes)
Event: 0.268 Thread 0x0000000122808200 nmethod 754 0x000000010ae2eb10 code [0x000000010ae2ecc0, 0x000000010ae2eee8]
Event: 0.268 Thread 0x0000000122808200  757       3       jdk.internal.org.objectweb.asm.ClassWriter::visitMethod (57 bytes)
Event: 0.268 Thread 0x0000000122808200 nmethod 757 0x000000010ae2ef90 code [0x000000010ae2f140, 0x000000010ae2f518]
Event: 0.268 Thread 0x0000000122808200  759       3       jdk.internal.org.objectweb.asm.MethodWriter::visitFieldInsn (258 bytes)
Event: 0.268 Thread 0x0000000122808200 nmethod 759 0x000000010ae2f690 code [0x000000010ae2f980, 0x000000010ae30518]
Event: 0.268 Thread 0x0000000122808200  760       3       sun.invoke.util.VerifyAccess::isTypeVisible (47 bytes)
Event: 0.269 Thread 0x0000000122808200 nmethod 760 0x000000010ae30990 code [0x000000010ae30bc0, 0x000000010ae31048]
Event: 0.269 Thread 0x0000000122808200  758       3       java.lang.invoke.MethodHandles$Lookup::checkSecurityManager (97 bytes)

GC Heap History (0 events):
No events

Deoptimization events (20 events):
Event: 0.072 Thread 0x0000000127808200 DEOPT PACKING pc=0x000000010ad2ca9c sp=0x000000016f229e10
Event: 0.072 Thread 0x0000000127808200 DEOPT UNPACKING pc=0x000000010a7a2b7c sp=0x000000016f229a80 mode 0
Event: 0.113 Thread 0x000000014780da00 Uncommon trap: trap_request=0xffffff45 fr.pc=0x000000011223c0d8 relative=0x0000000000000518
Event: 0.113 Thread 0x000000014780da00 Uncommon trap: reason=unstable_if action=reinterpret pc=0x000000011223c0d8 method=jdk.internal.module.Checks.isJavaIdentifier(Ljava/lang/String;)Z @ 4 c2
Event: 0.113 Thread 0x000000014780da00 DEOPT PACKING pc=0x000000011223c0d8 sp=0x0000000171a29b60
Event: 0.113 Thread 0x000000014780da00 DEOPT UNPACKING pc=0x000000010a7a2d1c sp=0x0000000171a29af0 mode 2
Event: 0.119 Thread 0x000000014780da00 Uncommon trap: trap_request=0xffffff45 fr.pc=0x0000000112243870 relative=0x0000000000000a30
Event: 0.119 Thread 0x000000014780da00 Uncommon trap: reason=unstable_if action=reinterpret pc=0x0000000112243870 method=java.util.HashMap.putVal(ILjava/lang/Object;Ljava/lang/Object;ZZ)Ljava/lang/Object; @ 193 c2
Event: 0.119 Thread 0x000000014780da00 DEOPT PACKING pc=0x0000000112243870 sp=0x0000000171a29760
Event: 0.119 Thread 0x000000014780da00 DEOPT UNPACKING pc=0x000000010a7a2d1c sp=0x0000000171a296b0 mode 2
Event: 0.235 Thread 0x0000000147a33200 Uncommon trap: trap_request=0xffffff45 fr.pc=0x000000011225bd24 relative=0x0000000000000164
Event: 0.235 Thread 0x0000000147a33200 Uncommon trap: reason=unstable_if action=reinterpret pc=0x000000011225bd24 method=java.lang.invoke.VarHandle.checkExactAccessMode(Ljava/lang/invoke/VarHandle$AccessDescriptor;)V @ 4 c2
Event: 0.235 Thread 0x0000000147a33200 DEOPT PACKING pc=0x000000011225bd24 sp=0x000000016ef9b9b0
Event: 0.235 Thread 0x0000000147a33200 DEOPT UNPACKING pc=0x000000010a7a2d1c sp=0x000000016ef9b8e0 mode 2
Event: 0.241 Thread 0x000000014780da00 DEOPT PACKING pc=0x000000010ad1dc64 sp=0x0000000171a25e00
Event: 0.241 Thread 0x000000014780da00 DEOPT UNPACKING pc=0x000000010a7a2b7c sp=0x0000000171a25aa0 mode 0
Event: 0.261 Thread 0x0000000147a33200 Uncommon trap: trap_request=0xffffff45 fr.pc=0x000000011225b33c relative=0x000000000000007c
Event: 0.261 Thread 0x0000000147a33200 Uncommon trap: reason=unstable_if action=reinterpret pc=0x000000011225b33c method=jdk.internal.misc.Unsafe.convEndian(ZI)I @ 4 c2
Event: 0.261 Thread 0x0000000147a33200 DEOPT PACKING pc=0x000000011225b33c sp=0x000000016ef9a1f0
Event: 0.261 Thread 0x0000000147a33200 DEOPT UNPACKING pc=0x000000010a7a2d1c sp=0x000000016ef9a120 mode 2

Classes unloaded (0 events):
No events

Classes redefined (0 events):
No events

Internal exceptions (11 events):
Event: 0.045 Thread 0x0000000127808200 Exception <a 'java/lang/NoSuchMethodError'{0x0000000787ef97c8}: 'void java.lang.invoke.DirectMethodHandle$Holder.invokeVirtual(java.lang.Object, java.lang.Object)'> (0x0000000787ef97c8) 
thrown [open/src/hotspot/share/interpreter/linkResolver.cpp, line 766]
Event: 0.068 Thread 0x000000013700ba00 Exception <a 'java/lang/NoSuchMethodError'{0x0000000787ceee78}: 'java.lang.Object java.lang.invoke.DirectMethodHandle$Holder.invokeStaticInit(java.lang.Object)'> (0x0000000787ceee78) 
thrown [open/src/hotspot/share/interpreter/linkResolver.cpp, line 766]
Event: 0.069 Thread 0x0000000127808200 Exception <a 'java/lang/NoSuchMethodError'{0x0000000787b5c358}: 'void java.lang.invoke.DirectMethodHandle$Holder.invokeStatic(java.lang.Object, java.lang.Object)'> (0x0000000787b5c358) 
thrown [open/src/hotspot/share/interpreter/linkResolver.cpp, line 766]
Event: 0.071 Thread 0x000000013700ba00 Exception <a 'java/lang/ClassNotFoundException'{0x0000000787cf9d98}: jdk/net/ExtendedSocketOptions> (0x0000000787cf9d98) 
thrown [open/src/hotspot/share/classfile/systemDictionary.cpp, line 256]
Event: 0.094 Thread 0x0000000127808200 Exception <a 'java/lang/NoSuchMethodError'{0x000000078786d0e0}: 'void java.lang.invoke.DirectMethodHandle$Holder.invokeSpecial(java.lang.Object, java.lang.Object, java.lang.Object)'> (0x000000078786d0e0) 
thrown [open/src/hotspot/share/interpreter/linkResolver.cpp, line 766]
Event: 0.100 Thread 0x0000000127808200 Exception <a 'java/lang/NoSuchMethodError'{0x00000007878a9718}: 'void java.lang.invoke.DirectMethodHandle$Holder.invokeStatic(java.lang.Object, java.lang.Object, java.lang.Object)'> (0x00000007878a9718) 
thrown [open/src/hotspot/share/interpreter/linkResolver.cpp, line 766]
Event: 0.153 Thread 0x0000000127808200 Exception <a 'java/lang/NoSuchMethodError'{0x00000007878c6270}: 'int java.lang.invoke.DirectMethodHandle$Holder.invokeStaticInit(java.lang.Object, java.lang.Object, java.lang.Object)'> (0x00000007878c6270) 
thrown [open/src/hotspot/share/interpreter/linkResolver.cpp, line 766]
Event: 0.253 Thread 0x0000000147a33200 Exception <a 'java/lang/NoSuchMethodError'{0x000000078722e730}: 'void java.lang.invoke.DirectMethodHandle$Holder.invokeStaticInit(java.lang.Object)'> (0x000000078722e730) 
thrown [open/src/hotspot/share/interpreter/linkResolver.cpp, line 766]
Event: 0.255 Thread 0x0000000127808200 Exception <a 'java/lang/NoSuchMethodError'{0x0000000787509d60}: 'java.lang.Object java.lang.invoke.DirectMethodHandle$Holder.newInvokeSpecial(java.lang.Object, java.lang.Object, java.lang.Object, java.lang.Object, java.lang.Object, java.lang.Object)'> (0x0000000787509d60) 
thrown [open/src/hotspot/share/interpreter/linkResolver.cpp, line 766]
Event: 0.267 Thread 0x0000000127808200 Exception <a 'java/lang/NoSuchMethodError'{0x000000078753acd0}: 'java.lang.Object java.lang.invoke.DirectMethodHandle$Holder.newInvokeSpecial(java.lang.Object, java.lang.Object, java.lang.Object, java.lang.Object, java.lang.Object)'> (0x000000078753acd0) 
thrown [open/src/hotspot/share/interpreter/linkResolver.cpp, line 766]
Event: 0.268 Thread 0x0000000147128400 Exception <a 'java/lang/NoSuchMethodError'{0x00000007872f1810}: 'void java.lang.invoke.DirectMethodHandle$Holder.invokeStatic(java.lang.Object, java.lang.Object, java.lang.Object, java.lang.Object)'> (0x00000007872f1810) 
thrown [open/src/hotspot/share/interpreter/linkResolver.cpp, line 766]

VM Operations (8 events):
Event: 0.053 Executing VM operation: HandshakeAllThreads
Event: 0.053 Executing VM operation: HandshakeAllThreads done
Event: 0.053 Executing VM operation: HandshakeAllThreads
Event: 0.053 Executing VM operation: HandshakeAllThreads done
Event: 0.066 Executing VM operation: HandshakeAllThreads
Event: 0.066 Executing VM operation: HandshakeAllThreads done
Event: 0.163 Executing VM operation: ICBufferFull
Event: 0.163 Executing VM operation: ICBufferFull done

Events (20 events):
Event: 0.261 loading class jdk/internal/org/objectweb/asm/Edge
Event: 0.261 loading class jdk/internal/org/objectweb/asm/Edge done
Event: 0.261 loading class java/lang/reflect/Proxy$ProxyBuilder$1
Event: 0.261 loading class java/lang/reflect/Proxy$ProxyBuilder$1 done
Event: 0.261 loading class java/lang/annotation/Target
Event: 0.261 loading class java/lang/annotation/Target done
Event: 0.262 loading class sun/reflect/generics/repository/ClassRepository
Event: 0.262 loading class sun/reflect/generics/repository/GenericDeclRepository
Event: 0.262 loading class sun/reflect/generics/repository/AbstractRepository
Event: 0.262 loading class sun/reflect/generics/repository/AbstractRepository done
Event: 0.262 loading class sun/reflect/generics/repository/GenericDeclRepository done
Event: 0.262 loading class sun/reflect/generics/repository/ClassRepository done
Event: 0.262 loading class java/lang/Class$EnclosingMethodInfo
Event: 0.262 loading class java/lang/Class$EnclosingMethodInfo done
Event: 0.262 loading class java/lang/Class$AnnotationData
Event: 0.262 loading class java/lang/Class$AnnotationData done
Event: 0.266 loading class java/lang/StackTraceElement$HashedModules
Event: 0.266 loading class java/lang/StackTraceElement$HashedModules done
Event: 0.267 Thread 0x0000000147128400 Thread added: 0x0000000147128400
Event: 0.268 Protecting memory [0x0000000171ed8000,0x0000000171ee4000] with protection modes 0


Dynamic libraries:
0x0000000100f94000 	/Library/Java/JavaVirtualMachines/jdk-17.0.1.jdk/Contents/Home/lib/libjli.dylib
0x00000001cb012000 	/usr/lib/libz.1.dylib
0x00000001cb0c9000 	/usr/lib/libSystem.B.dylib
0x00000001cb0c3000 	/usr/lib/system/libcache.dylib
0x00000001cb081000 	/usr/lib/system/libcommonCrypto.dylib
0x00000001cb0aa000 	/usr/lib/system/libcompiler_rt.dylib
0x00000001cb0a1000 	/usr/lib/system/libcopyfile.dylib
0x00000001c02ef000 	/usr/lib/system/libcorecrypto.dylib
0x00000001c03a4000 	/usr/lib/system/libdispatch.dylib
0x00000001c0572000 	/usr/lib/system/libdyld.dylib
0x00000001cb0b9000 	/usr/lib/system/libkeymgr.dylib
0x00000001cb05c000 	/usr/lib/system/libmacho.dylib
0x00000001ca74c000 	/usr/lib/system/libquarantine.dylib
0x00000001cb0b6000 	/usr/lib/system/libremovefile.dylib
0x00000001c56e8000 	/usr/lib/system/libsystem_asl.dylib
0x00000001c0291000 	/usr/lib/system/libsystem_blocks.dylib
0x00000001c042c000 	/usr/lib/system/libsystem_c.dylib
0x00000001cb0ae000 	/usr/lib/system/libsystem_collections.dylib
0x00000001c9be1000 	/usr/lib/system/libsystem_configuration.dylib
0x00000001c8e3d000 	/usr/lib/system/libsystem_containermanager.dylib
0x00000001cadb9000 	/usr/lib/system/libsystem_coreservices.dylib
0x00000001c2ca2000 	/usr/lib/system/libsystem_darwin.dylib
0x00000001cb0ba000 	/usr/lib/system/libsystem_dnssd.dylib
0x00000001c0429000 	/usr/lib/system/libsystem_featureflags.dylib
0x00000001c0587000 	/usr/lib/system/libsystem_info.dylib
0x00000001cb024000 	/usr/lib/system/libsystem_m.dylib
0x00000001c0379000 	/usr/lib/system/libsystem_malloc.dylib
0x00000001c5676000 	/usr/lib/system/libsystem_networkextension.dylib
0x00000001c30fb000 	/usr/lib/system/libsystem_notify.dylib
0x00000001d141c000 	/usr/lib/system/libsystem_product_info_filter.dylib
0x00000001c9be6000 	/usr/lib/system/libsystem_sandbox.dylib
0x00000001cb0b3000 	/usr/lib/system/libsystem_secinit.dylib
0x00000001c052d000 	/usr/lib/system/libsystem_kernel.dylib
0x00000001c057f000 	/usr/lib/system/libsystem_platform.dylib
0x00000001c0565000 	/usr/lib/system/libsystem_pthread.dylib
0x00000001c6e48000 	/usr/lib/system/libsystem_symptoms.dylib
0x00000001c02d5000 	/usr/lib/system/libsystem_trace.dylib
0x00000001cb08e000 	/usr/lib/system/libunwind.dylib
0x00000001c0293000 	/usr/lib/system/libxpc.dylib
0x00000001c0515000 	/usr/lib/libc++abi.dylib
0x00000001c03eb000 	/usr/lib/libobjc.A.dylib
0x00000001cb099000 	/usr/lib/liboah.dylib
0x00000001c04ae000 	/usr/lib/libc++.1.dylib
0x00000001d6f42000 	/System/Library/Frameworks/Cocoa.framework/Versions/A/Cocoa
0x00000001c315c000 	/System/Library/Frameworks/AppKit.framework/Versions/C/AppKit
0x00000001c666f000 	/System/Library/Frameworks/CoreData.framework/Versions/A/CoreData
0x00000001c14b7000 	/System/Library/Frameworks/Foundation.framework/Versions/C/Foundation
0x00000001c4014000 	/System/Library/PrivateFrameworks/UIFoundation.framework/Versions/A/UIFoundation
0x00000001d1116000 	/System/Library/PrivateFrameworks/RemoteViewServices.framework/Versions/A/RemoteViewServices
0x00000001c9589000 	/System/Library/PrivateFrameworks/XCTTargetBootstrap.framework/Versions/A/XCTTargetBootstrap
0x00000001cce09000 	/System/Library/PrivateFrameworks/InternationalSupport.framework/Versions/A/InternationalSupport
0x00000001cce92000 	/System/Library/PrivateFrameworks/UserActivity.framework/Versions/A/UserActivity
0x00000001cc300000 	/usr/lib/libspindump.dylib
0x00000001c4285000 	/System/Library/Frameworks/UniformTypeIdentifiers.framework/Versions/A/UniformTypeIdentifiers
0x00000001c7ad3000 	/usr/lib/libapp_launch_measurement.dylib
0x00000001c6ffa000 	/System/Library/PrivateFrameworks/CoreAnalytics.framework/Versions/A/CoreAnalytics
0x00000001c7ad6000 	/System/Library/PrivateFrameworks/CoreAutoLayout.framework/Versions/A/CoreAutoLayout
0x00000001c8e7a000 	/System/Library/Frameworks/Metal.framework/Versions/A/Metal
0x00000001c9bf1000 	/usr/lib/liblangid.dylib
0x00000001c958e000 	/System/Library/PrivateFrameworks/CoreSVG.framework/Versions/A/CoreSVG
0x00000001c571c000 	/System/Library/PrivateFrameworks/SkyLight.framework/Versions/A/SkyLight
0x00000001c5af5000 	/System/Library/Frameworks/CoreGraphics.framework/Versions/A/CoreGraphics
0x00000001d17e2000 	/System/Library/Frameworks/Accelerate.framework/Versions/A/Accelerate
0x00000001cbd77000 	/System/Library/PrivateFrameworks/IconServices.framework/Versions/A/IconServices
0x00000001c8e5c000 	/System/Library/Frameworks/IOSurface.framework/Versions/A/IOSurface
0x00000001c702b000 	/usr/lib/libDiagnosticMessagesClient.dylib
0x00000001d4ce3000 	/System/Library/Frameworks/ApplicationServices.framework/Versions/A/ApplicationServices
0x00000001c9571000 	/System/Library/PrivateFrameworks/DFRFoundation.framework/Versions/A/DFRFoundation
0x00000001c29ec000 	/usr/lib/libicucore.A.dylib
0x00000001cdcb6000 	/System/Library/Frameworks/AudioToolbox.framework/Versions/A/AudioToolbox
0x00000001cce15000 	/System/Library/PrivateFrameworks/DataDetectorsCore.framework/Versions/A/DataDetectorsCore
0x00000001e380f000 	/System/Library/PrivateFrameworks/TextInput.framework/Versions/A/TextInput
0x00000001c5691000 	/usr/lib/libMobileGestalt.dylib
0x00000001c923d000 	/System/Library/Frameworks/Carbon.framework/Versions/A/Frameworks/HIToolbox.framework/Versions/A/HIToolbox
0x00000001c74ab000 	/System/Library/Frameworks/QuartzCore.framework/Versions/A/QuartzCore
0x00000001c266d000 	/System/Library/Frameworks/Security.framework/Versions/A/Security
0x00000001d1156000 	/System/Library/Frameworks/Carbon.framework/Versions/A/Frameworks/SpeechRecognition.framework/Versions/A/SpeechRecognition
0x00000001c7829000 	/System/Library/PrivateFrameworks/CoreUI.framework/Versions/A/CoreUI
0x00000001c1f49000 	/System/Library/Frameworks/CoreAudio.framework/Versions/A/CoreAudio
0x00000001c711f000 	/System/Library/Frameworks/DiskArbitration.framework/Versions/A/DiskArbitration
0x00000001cc70a000 	/System/Library/PrivateFrameworks/MultitouchSupport.framework/Versions/A/MultitouchSupport
0x00000001c568f000 	/usr/lib/libenergytrace.dylib
0x00000001c3024000 	/System/Library/Frameworks/IOKit.framework/Versions/A/IOKit
0x00000001d1545000 	/System/Library/Frameworks/CoreServices.framework/Versions/A/CoreServices
0x00000001c7a63000 	/System/Library/PrivateFrameworks/PerformanceAnalysis.framework/Versions/A/PerformanceAnalysis
0x0000000221c47000 	/System/Library/Frameworks/OpenGL.framework/Versions/A/OpenGL
0x00000001ca664000 	/System/Library/PrivateFrameworks/MobileKeyBag.framework/Versions/A/MobileKeyBag
0x00000001c6103000 	/System/Library/Frameworks/ColorSync.framework/Versions/A/ColorSync
0x00000001c05b4000 	/System/Library/Frameworks/CoreFoundation.framework/Versions/A/CoreFoundation
0x00000001c980d000 	/System/Library/Frameworks/CoreImage.framework/Versions/A/CoreImage
0x00000001c1d6d000 	/System/Library/Frameworks/CoreText.framework/Versions/A/CoreText
0x00000001c95be000 	/System/Library/Frameworks/ImageIO.framework/Versions/A/ImageIO
0x00000001cb0cf000 	/System/Library/PrivateFrameworks/SoftLinking.framework/Versions/A/SoftLinking
0x00000001c7b21000 	/usr/lib/libxml2.2.dylib
0x00000001cb368000 	/usr/lib/libcompression.dylib
0x00000001ccd65000 	/System/Library/PrivateFrameworks/TextureIO.framework/Versions/A/TextureIO
0x00000001cba90000 	/usr/lib/libate.dylib
0x00000001cb955000 	/usr/lib/liblzma.5.dylib
0x00000001c11aa000 	/System/Library/Frameworks/SystemConfiguration.framework/Versions/A/SystemConfiguration
0x00000001cb0cb000 	/usr/lib/libfakelink.dylib
0x00000001c51c1000 	/System/Library/Frameworks/CFNetwork.framework/Versions/A/CFNetwork
0x00000001cb211000 	/usr/lib/libarchive.2.dylib
0x00000001c9bed000 	/System/Library/PrivateFrameworks/AppleSystemInfo.framework/Versions/A/AppleSystemInfo
0x00000001ca777000 	/usr/lib/libbsm.0.dylib
0x00000001c472e000 	/usr/lib/libnetwork.dylib
0x00000001cb065000 	/usr/lib/system/libkxld.dylib
0x00000001ca391000 	/System/Library/PrivateFrameworks/IOMobileFramebuffer.framework/Versions/A/IOMobileFramebuffer
0x000000023f910000 	/usr/lib/libCoreEntitlements.dylib
0x00000001cad9b000 	/System/Library/PrivateFrameworks/AppleFSCompression.framework/Versions/A/AppleFSCompression
0x00000001ca75f000 	/usr/lib/libcoretls.dylib
0x00000001cb96e000 	/usr/lib/libcoretls_cfhelpers.dylib
0x00000001cb363000 	/usr/lib/libpam.2.dylib
0x00000001c6a5f000 	/usr/lib/libsqlite3.dylib
0x00000001cb9d7000 	/usr/lib/libxar.1.dylib
0x00000001cadac000 	/usr/lib/libbz2.1.0.dylib
0x00000001cb0d0000 	/usr/lib/libpcap.A.dylib
0x00000001c6e3f000 	/usr/lib/libdns_services.dylib
0x00000001cb336000 	/usr/lib/libapple_nghttp2.dylib
0x00000001cb10d000 	/usr/lib/libiconv.2.dylib
0x00000001cb05b000 	/usr/lib/libcharset.1.dylib
0x00000001c7a9f000 	/System/Library/Frameworks/CoreServices.framework/Versions/A/Frameworks/FSEvents.framework/Versions/A/FSEvents
0x00000001c2cad000 	/System/Library/Frameworks/CoreServices.framework/Versions/A/Frameworks/CarbonCore.framework/Versions/A/CarbonCore
0x00000001c707f000 	/System/Library/Frameworks/CoreServices.framework/Versions/A/Frameworks/Metadata.framework/Versions/A/Metadata
0x00000001cadbf000 	/System/Library/Frameworks/CoreServices.framework/Versions/A/Frameworks/OSServices.framework/Versions/A/OSServices
0x00000001cb297000 	/System/Library/Frameworks/CoreServices.framework/Versions/A/Frameworks/SearchKit.framework/Versions/A/SearchKit
0x00000001c6dce000 	/System/Library/Frameworks/CoreServices.framework/Versions/A/Frameworks/AE.framework/Versions/A/AE
0x00000001c0afb000 	/System/Library/Frameworks/CoreServices.framework/Versions/A/Frameworks/LaunchServices.framework/Versions/A/LaunchServices
0x00000001cb8fe000 	/System/Library/Frameworks/CoreServices.framework/Versions/A/Frameworks/DictionaryServices.framework/Versions/A/DictionaryServices
0x00000001c7aac000 	/System/Library/Frameworks/CoreServices.framework/Versions/A/Frameworks/SharedFileList.framework/Versions/A/SharedFileList
0x00000001ca74f000 	/usr/lib/libCheckFix.dylib
0x00000001c5700000 	/System/Library/PrivateFrameworks/TCC.framework/Versions/A/TCC
0x00000001c9bf3000 	/System/Library/PrivateFrameworks/CoreNLP.framework/Versions/A/CoreNLP
0x00000001c702e000 	/System/Library/PrivateFrameworks/MetadataUtilities.framework/Versions/A/MetadataUtilities
0x00000001c1264000 	/usr/lib/libmecabra.dylib
0x00000001ca788000 	/usr/lib/libmecab.dylib
0x00000001c1230000 	/usr/lib/libCRFSuite.dylib
0x00000001ca7e5000 	/usr/lib/libgermantok.dylib
0x00000001cb30f000 	/usr/lib/libThaiTokenizer.dylib
0x00000001c7127000 	/System/Library/Frameworks/Accelerate.framework/Versions/A/Frameworks/vImage.framework/Versions/A/vImage
0x00000001d151c000 	/System/Library/Frameworks/Accelerate.framework/Versions/A/Frameworks/vecLib.framework/Versions/A/vecLib
0x00000001cba1c000 	/System/Library/Frameworks/Accelerate.framework/Versions/A/Frameworks/vecLib.framework/Versions/A/libvMisc.dylib
0x00000001ca298000 	/System/Library/Frameworks/Accelerate.framework/Versions/A/Frameworks/vecLib.framework/Versions/A/libvDSP.dylib
0x00000001c0e85000 	/System/Library/Frameworks/Accelerate.framework/Versions/A/Frameworks/vecLib.framework/Versions/A/libBLAS.dylib
0x00000001cb439000 	/System/Library/Frameworks/Accelerate.framework/Versions/A/Frameworks/vecLib.framework/Versions/A/libLAPACK.dylib
0x00000001ca7e8000 	/System/Library/Frameworks/Accelerate.framework/Versions/A/Frameworks/vecLib.framework/Versions/A/libLinearAlgebra.dylib
0x00000001cb34e000 	/System/Library/Frameworks/Accelerate.framework/Versions/A/Frameworks/vecLib.framework/Versions/A/libSparseBLAS.dylib
0x00000001cb434000 	/System/Library/Frameworks/Accelerate.framework/Versions/A/Frameworks/vecLib.framework/Versions/A/libQuadrature.dylib
0x00000001c9cec000 	/System/Library/Frameworks/Accelerate.framework/Versions/A/Frameworks/vecLib.framework/Versions/A/libBNNS.dylib
0x00000001c1143000 	/System/Library/Frameworks/Accelerate.framework/Versions/A/Frameworks/vecLib.framework/Versions/A/libSparse.dylib
0x00000001c9ce4000 	/System/Library/PrivateFrameworks/LinguisticData.framework/Versions/A/LinguisticData
0x00000001c10fb000 	/System/Library/PrivateFrameworks/Lexicon.framework/Versions/A/Lexicon
0x00000001cba14000 	/usr/lib/libChineseTokenizer.dylib
0x00000001c18a9000 	/System/Library/PrivateFrameworks/LanguageModeling.framework/Versions/A/LanguageModeling
0x00000001cb311000 	/System/Library/PrivateFrameworks/AppleSauce.framework/Versions/A/AppleSauce
0x00000001ca37e000 	/System/Library/PrivateFrameworks/CoreEmoji.framework/Versions/A/CoreEmoji
0x00000001cb1ff000 	/usr/lib/libcmph.dylib
0x00000001c7a7f000 	/System/Library/Frameworks/OpenDirectory.framework/Versions/A/Frameworks/CFOpenDirectory.framework/Versions/A/CFOpenDirectory
0x00000001c7a6f000 	/System/Library/Frameworks/OpenDirectory.framework/Versions/A/OpenDirectory
0x00000001cb970000 	/System/Library/PrivateFrameworks/APFS.framework/Versions/A/APFS
0x00000001ca69f000 	/System/Library/Frameworks/SecurityFoundation.framework/Versions/A/SecurityFoundation
0x00000001cb9e6000 	/usr/lib/libutil.dylib
0x00000001c2fe6000 	/System/Library/PrivateFrameworks/CoreServicesStore.framework/Versions/A/CoreServicesStore
0x00000001cb9ea000 	/usr/lib/libxslt.1.dylib
0x00000001ca733000 	/System/Library/PrivateFrameworks/BackgroundTaskManagement.framework/Versions/A/BackgroundTaskManagement
0x00000001ccc86000 	/System/Library/Frameworks/ImageIO.framework/Versions/A/Resources/libRadiance.dylib
0x00000001ccc8f000 	/System/Library/Frameworks/ImageIO.framework/Versions/A/Resources/libJPEG.dylib
0x00000001ccbe2000 	/System/Library/Frameworks/ImageIO.framework/Versions/A/Resources/libPng.dylib
0x00000001ccc04000 	/System/Library/Frameworks/ImageIO.framework/Versions/A/Resources/libTIFF.dylib
0x00000001cccea000 	/System/Library/Frameworks/ImageIO.framework/Versions/A/Resources/libGIF.dylib
0x00000001cc61a000 	/System/Library/Frameworks/ImageIO.framework/Versions/A/Resources/libJP2.dylib
0x00000001cbd3c000 	/usr/lib/libexpat.1.dylib
0x00000001cc5d5000 	/System/Library/PrivateFrameworks/AppleJPEG.framework/Versions/A/AppleJPEG
0x00000001c90f9000 	/System/Library/PrivateFrameworks/FontServices.framework/libFontParser.dylib
0x00000001c6d73000 	/System/Library/PrivateFrameworks/RunningBoardServices.framework/Versions/A/RunningBoardServices
0x00000001d7618000 	/System/Library/PrivateFrameworks/IOSurfaceAccelerator.framework/Versions/A/IOSurfaceAccelerator
0x00000001cc706000 	/System/Library/PrivateFrameworks/WatchdogClient.framework/Versions/A/WatchdogClient
0x00000001c19a9000 	/System/Library/Frameworks/CoreDisplay.framework/Versions/A/CoreDisplay
0x00000001c8fe3000 	/System/Library/Frameworks/CoreMedia.framework/Versions/A/CoreMedia
0x00000001c8e70000 	/System/Library/PrivateFrameworks/IOAccelerator.framework/Versions/A/IOAccelerator
0x00000001c7c0f000 	/System/Library/Frameworks/CoreVideo.framework/Versions/A/CoreVideo
0x00000001cb361000 	/System/Library/Frameworks/MetalPerformanceShaders.framework/Versions/A/MetalPerformanceShaders
0x00000001cc745000 	/System/Library/Frameworks/VideoToolbox.framework/Versions/A/VideoToolbox
0x00000001c6cb7000 	/System/Library/PrivateFrameworks/BaseBoard.framework/Versions/A/BaseBoard
0x00000001c6a45000 	/System/Library/PrivateFrameworks/ProtocolBuffer.framework/Versions/A/ProtocolBuffer
0x00000001ccc81000 	/System/Library/PrivateFrameworks/GPUWrangler.framework/Versions/A/GPUWrangler
0x00000001ccc61000 	/System/Library/PrivateFrameworks/IOPresentment.framework/Versions/A/IOPresentment
0x00000001ccc89000 	/System/Library/PrivateFrameworks/DSExternalDisplay.framework/Versions/A/DSExternalDisplay
0x0000000221c3a000 	/System/Library/Frameworks/OpenGL.framework/Versions/A/Libraries/libCoreFSCache.dylib
0x000000022c400000 	/System/Library/PrivateFrameworks/GPUCompiler.framework/Versions/31001/Libraries/libGPUCompilerUtils.dylib
0x00000001cccef000 	/System/Library/PrivateFrameworks/CMCaptureCore.framework/Versions/A/CMCaptureCore
0x00000001cc2ed000 	/System/Library/PrivateFrameworks/AppServerSupport.framework/Versions/A/AppServerSupport
0x00000001ce573000 	/System/Library/PrivateFrameworks/perfdata.framework/Versions/A/perfdata
0x00000001c1ac9000 	/System/Library/PrivateFrameworks/AudioToolboxCore.framework/Versions/A/AudioToolboxCore
0x00000001c8fbc000 	/System/Library/PrivateFrameworks/caulk.framework/Versions/A/caulk
0x00000001cde68000 	/usr/lib/libAudioStatistics.dylib
0x00000001dfe67000 	/System/Library/PrivateFrameworks/SystemPolicy.framework/Versions/A/SystemPolicy
0x00000001ce0d4000 	/usr/lib/libSMC.dylib
0x00000001d6e20000 	/System/Library/Frameworks/CoreMIDI.framework/Versions/A/CoreMIDI
0x00000001ccbb0000 	/usr/lib/libAudioToolboxUtility.dylib
0x00000001dbfd7000 	/System/Library/PrivateFrameworks/OSAServicesClient.framework/Versions/A/OSAServicesClient
0x00000001ce580000 	/usr/lib/libperfcheck.dylib
0x00000001e0983000 	/usr/lib/libmis.dylib
0x0000000221c9c000 	/System/Library/Frameworks/OpenGL.framework/Versions/A/Libraries/libGLU.dylib
0x0000000221c5b000 	/System/Library/Frameworks/OpenGL.framework/Versions/A/Libraries/libGFXShared.dylib
0x0000000221e48000 	/System/Library/Frameworks/OpenGL.framework/Versions/A/Libraries/libGL.dylib
0x0000000221c64000 	/System/Library/Frameworks/OpenGL.framework/Versions/A/Libraries/libGLImage.dylib
0x0000000221c58000 	/System/Library/Frameworks/OpenGL.framework/Versions/A/Libraries/libCVMSPluginSupport.dylib
0x0000000221c41000 	/System/Library/Frameworks/OpenGL.framework/Versions/A/Libraries/libCoreVMClient.dylib
0x00000001c9b6d000 	/System/Library/Frameworks/MetalPerformanceShaders.framework/Versions/A/Frameworks/MPSCore.framework/Versions/A/MPSCore
0x00000001cad0e000 	/System/Library/Frameworks/MetalPerformanceShaders.framework/Versions/A/Frameworks/MPSImage.framework/Versions/A/MPSImage
0x00000001ca7fd000 	/System/Library/Frameworks/MetalPerformanceShaders.framework/Versions/A/Frameworks/MPSNeuralNetwork.framework/Versions/A/MPSNeuralNetwork
0x00000001cac36000 	/System/Library/Frameworks/MetalPerformanceShaders.framework/Versions/A/Frameworks/MPSMatrix.framework/Versions/A/MPSMatrix
0x00000001caa0f000 	/System/Library/Frameworks/MetalPerformanceShaders.framework/Versions/A/Frameworks/MPSRayIntersector.framework/Versions/A/MPSRayIntersector
0x00000001cac67000 	/System/Library/Frameworks/MetalPerformanceShaders.framework/Versions/A/Frameworks/MPSNDArray.framework/Versions/A/MPSNDArray
0x0000000224063000 	/System/Library/Frameworks/MetalPerformanceShaders.framework/Versions/A/Frameworks/MPSFunctions.framework/Versions/A/MPSFunctions
0x00000001c0d5c000 	/System/Library/PrivateFrameworks/MetalTools.framework/Versions/A/MetalTools
0x00000001c9beb000 	/System/Library/PrivateFrameworks/AggregateDictionary.framework/Versions/A/AggregateDictionary
0x00000001cbb21000 	/usr/lib/libIOReport.dylib
0x00000001d5e3d000 	/System/Library/PrivateFrameworks/ASEProcessing.framework/Versions/A/ASEProcessing
0x00000001cbe96000 	/System/Library/PrivateFrameworks/FaceCore.framework/Versions/A/FaceCore
0x00000001cbe88000 	/System/Library/PrivateFrameworks/GraphVisualizer.framework/Versions/A/GraphVisualizer
0x000000022c317000 	/System/Library/PrivateFrameworks/FontServices.framework/Versions/A/FontServices
0x00000001cc2a9000 	/System/Library/PrivateFrameworks/OTSVG.framework/Versions/A/OTSVG
0x00000001c77d9000 	/System/Library/Frameworks/ApplicationServices.framework/Versions/A/Frameworks/ATS.framework/Versions/A/Resources/libFontRegistry.dylib
0x00000001cc2f6000 	/System/Library/PrivateFrameworks/FontServices.framework/libhvf.dylib
0x000000022c318000 	/System/Library/PrivateFrameworks/FontServices.framework/libXTFontStaticRegistryData.dylib
0x0000000221fe9000 	/System/Library/Frameworks/OpenCL.framework/Versions/A/OpenCL
0x00000001cbcf0000 	/System/Library/PrivateFrameworks/AppleVA.framework/Versions/A/AppleVA
0x00000001cde90000 	/System/Library/Frameworks/ApplicationServices.framework/Versions/A/Frameworks/ATS.framework/Versions/A/ATS
0x00000001c6202000 	/System/Library/Frameworks/ApplicationServices.framework/Versions/A/Frameworks/HIServices.framework/Versions/A/HIServices
0x00000001cccf9000 	/System/Library/Frameworks/ApplicationServices.framework/Versions/A/Frameworks/PrintCore.framework/Versions/A/PrintCore
0x00000001ce227000 	/System/Library/Frameworks/ApplicationServices.framework/Versions/A/Frameworks/QD.framework/Versions/A/QD
0x00000001ce21f000 	/System/Library/Frameworks/ApplicationServices.framework/Versions/A/Frameworks/ColorSyncLegacy.framework/Versions/A/ColorSyncLegacy
0x00000001cde7c000 	/System/Library/Frameworks/ApplicationServices.framework/Versions/A/Frameworks/SpeechSynthesis.framework/Versions/A/SpeechSynthesis
0x00000001cccba000 	/System/Library/Frameworks/ApplicationServices.framework/Versions/A/Frameworks/ATSUI.framework/Versions/A/ATSUI
0x00000001ce1b4000 	/usr/lib/libcups.2.dylib
0x00000001ce58e000 	/System/Library/Frameworks/Kerberos.framework/Versions/A/Kerberos
0x00000001ce59f000 	/System/Library/Frameworks/GSS.framework/Versions/A/GSS
0x00000001cdf00000 	/usr/lib/libresolv.9.dylib
0x00000001cc305000 	/System/Library/PrivateFrameworks/Heimdal.framework/Versions/A/Heimdal
0x00000001d5073000 	/System/Library/Frameworks/Kerberos.framework/Versions/A/Libraries/libHeimdalProxy.dylib
0x00000001c6e51000 	/System/Library/Frameworks/Network.framework/Versions/A/Network
0x00000001cbd57000 	/usr/lib/libheimdal-asn1.dylib
0x00000001ce5ef000 	/System/Library/PrivateFrameworks/CommonAuth.framework/Versions/A/CommonAuth
0x00000001cddf6000 	/System/Library/PrivateFrameworks/AudioSession.framework/Versions/A/AudioSession
0x00000001cbde9000 	/System/Library/PrivateFrameworks/MediaExperience.framework/Versions/A/MediaExperience
0x00000001cdc7c000 	/System/Library/PrivateFrameworks/AudioSession.framework/libSessionUtility.dylib
0x00000001ce233000 	/System/Library/PrivateFrameworks/AudioResourceArbitration.framework/Versions/A/AudioResourceArbitration
0x00000001d23f9000 	/System/Library/PrivateFrameworks/PowerLog.framework/Versions/A/PowerLog
0x00000001cbd61000 	/System/Library/PrivateFrameworks/IconFoundation.framework/Versions/A/IconFoundation
0x00000001d1142000 	/System/Library/PrivateFrameworks/SpeechRecognitionCore.framework/Versions/A/SpeechRecognitionCore
0x0000000102100000 	/Library/Java/JavaVirtualMachines/jdk-17.0.1.jdk/Contents/Home/lib/server/libjvm.dylib
0x0000000100ff8000 	/Library/Java/JavaVirtualMachines/jdk-17.0.1.jdk/Contents/Home/lib/libjimage.dylib
0x0000000101024000 	/Library/Java/JavaVirtualMachines/jdk-17.0.1.jdk/Contents/Home/lib/libinstrument.dylib
0x0000000101070000 	/Library/Java/JavaVirtualMachines/jdk-17.0.1.jdk/Contents/Home/lib/libjava.dylib
0x000000011f764000 	/Library/Java/JavaVirtualMachines/jdk-17.0.1.jdk/Contents/Home/lib/libnio.dylib
0x000000011f784000 	/Library/Java/JavaVirtualMachines/jdk-17.0.1.jdk/Contents/Home/lib/libnet.dylib
0x0000000101058000 	/Library/Java/JavaVirtualMachines/jdk-17.0.1.jdk/Contents/Home/lib/libzip.dylib
0x000000011f7a8000 	/Users/nitinjakhar/.openjfx/cache/17.0.1/libprism_es2.dylib
0x00000001c2fa9000 	/System/Library/PrivateFrameworks/CoreServicesInternal.framework/Versions/A/CoreServicesInternal
0x0000000221e52000 	/System/Library/Frameworks/OpenGL.framework/Versions/A/Resources/GLEngine.bundle/GLEngine
0x0000000221cda000 	/System/Library/Frameworks/OpenGL.framework/Versions/A/Libraries/libGLProgrammability.dylib
0x0000000123fbc000 	/System/Library/Extensions/AppleMetalOpenGLRenderer.bundle/Contents/MacOS/AppleMetalOpenGLRenderer
0x0000000221fc1000 	/System/Library/Frameworks/OpenGL.framework/Versions/A/Resources/GLRendererFloat.bundle/GLRendererFloat
0x00000002220c1000 	/System/Library/Extensions/AGXMetal13_3.bundle/Contents/MacOS/AGXMetal13_3
0x00000001e099f000 	/System/Library/PrivateFrameworks/GPURawCounter.framework/Versions/A/GPURawCounter
0x00000001db140000 	/System/Library/PrivateFrameworks/IOGPU.framework/Versions/A/IOGPU
0x0000000123f00000 	/Users/nitinjakhar/.openjfx/cache/17.0.1/libglass.dylib
0x00000001d2651000 	/System/Library/Frameworks/FileProvider.framework/Versions/A/FileProvider
0x00000001c6c1f000 	/System/Library/Frameworks/Accounts.framework/Versions/A/Accounts
0x00000001d27d5000 	/System/Library/PrivateFrameworks/GenerationalStorage.framework/Versions/A/GenerationalStorage
0x00000001d3398000 	/System/Library/PrivateFrameworks/CoreSymbolication.framework/Versions/A/CoreSymbolication
0x00000001d23ed000 	/System/Library/PrivateFrameworks/SymptomDiagnosticReporter.framework/Versions/A/SymptomDiagnosticReporter
0x00000001c4299000 	/System/Library/PrivateFrameworks/DesktopServicesPriv.framework/Versions/A/DesktopServicesPriv
0x00000001c310b000 	/usr/lib/libsandbox.1.dylib
0x00000001c7c9d000 	/System/Library/PrivateFrameworks/UserManagement.framework/Versions/A/UserManagement
0x00000001d3355000 	/System/Library/PrivateFrameworks/DebugSymbols.framework/Versions/A/DebugSymbols
0x00000001ce212000 	/System/Library/PrivateFrameworks/NetAuth.framework/Versions/A/NetAuth
0x00000001cf133000 	/System/Library/PrivateFrameworks/Sharing.framework/Versions/A/Sharing
0x00000001c7c6d000 	/System/Library/PrivateFrameworks/login.framework/Versions/A/Frameworks/loginsupport.framework/Versions/A/loginsupport
0x00000001d458a000 	/System/Library/PrivateFrameworks/Apple80211.framework/Versions/A/Apple80211
0x00000001cadf2000 	/System/Library/PrivateFrameworks/AuthKit.framework/Versions/A/AuthKit
0x00000001ca47a000 	/System/Library/PrivateFrameworks/CoreUtils.framework/Versions/A/CoreUtils
0x00000001ca39d000 	/System/Library/Frameworks/CoreWLAN.framework/Versions/A/CoreWLAN
0x00000001cf2a3000 	/System/Library/Frameworks/IOBluetooth.framework/Versions/A/IOBluetooth
0x00000001d45ea000 	/System/Library/PrivateFrameworks/CoreWiFi.framework/Versions/A/CoreWiFi
0x00000001d2f35000 	/System/Library/PrivateFrameworks/FrontBoardServices.framework/Versions/A/FrontBoardServices
0x00000001d2fcd000 	/System/Library/PrivateFrameworks/BoardServices.framework/Versions/A/BoardServices
0x00000001ca68d000 	/System/Library/PrivateFrameworks/AssertionServices.framework/Versions/A/AssertionServices
0x00000001d4767000 	/System/Library/PrivateFrameworks/BackBoardServices.framework/Versions/A/BackBoardServices
0x00000001ce686000 	/System/Library/PrivateFrameworks/CorePhoneNumbers.framework/Versions/A/CorePhoneNumbers
0x00000001cdf2d000 	/System/Library/PrivateFrameworks/MultiverseSupport.framework/Versions/A/MultiverseSupport
0x00000001d49e8000 	/System/Library/PrivateFrameworks/RemoteServiceDiscovery.framework/Versions/A/RemoteServiceDiscovery
0x00000001d251d000 	/System/Library/PrivateFrameworks/DiskManagement.framework/Versions/A/DiskManagement
0x00000001d2420000 	/System/Library/PrivateFrameworks/AppleIDAuthSupport.framework/Versions/A/AppleIDAuthSupport
0x000000022689f000 	/System/Library/PrivateFrameworks/AAAFoundation.framework/Versions/A/AAAFoundation
0x00000001ce665000 	/System/Library/PrivateFrameworks/KeychainCircle.framework/Versions/A/KeychainCircle
0x00000001d49f8000 	/System/Library/PrivateFrameworks/RemoteXPC.framework/Versions/A/RemoteXPC
0x00000001d24e9000 	/System/Library/PrivateFrameworks/MediaKit.framework/Versions/A/MediaKit
0x00000001d242d000 	/System/Library/Frameworks/DiscRecording.framework/Versions/A/DiscRecording
0x00000001cbc6c000 	/usr/lib/libCoreStorage.dylib
0x00000001d4a64000 	/usr/lib/libcsfde.dylib
0x00000001cf378000 	/System/Library/PrivateFrameworks/ProtectedCloudStorage.framework/Versions/A/ProtectedCloudStorage
0x00000001d4a5c000 	/System/Library/PrivateFrameworks/EFILogin.framework/Versions/A/EFILogin
0x00000001d27fc000 	/System/Library/PrivateFrameworks/OctagonTrust.framework/Versions/A/OctagonTrust
0x000000022b49e000 	/System/Library/PrivateFrameworks/CoreUtilsExtras.framework/Versions/A/CoreUtilsExtras
0x00000001d2352000 	/System/Library/Frameworks/CoreBluetooth.framework/Versions/A/CoreBluetooth
0x00000001d50f8000 	/System/Library/Frameworks/AudioUnit.framework/Versions/A/AudioUnit
0x00000001cbc64000 	/usr/lib/libMatch.1.dylib
0x00000001e4e85000 	/System/Library/Frameworks/Accelerate.framework/Versions/A/Frameworks/vImage.framework/Versions/A/Libraries/libCGInterfaces.dylib
0x00000001254ac000 	/usr/lib/libobjc-trampolines.dylib
0x00000001c7967000 	/System/Library/PrivateFrameworks/ViewBridge.framework/Versions/A/ViewBridge
0x000000023fa6d000 	/usr/lib/libRosetta.dylib


VM Arguments:
jvm_args: -javaagent:/Applications/IntelliJ IDEA CE.app/Contents/lib/idea_rt.jar=59345:/Applications/IntelliJ IDEA CE.app/Contents/bin -Dfile.encoding=UTF-8 --module-path=/Users/nitinjakhar/.m2/repository/org/openjfx/javafx-base/17.0.1/javafx-base-17.0.1-mac-aarch64.jar:/Users/nitinjakhar/.m2/repository/org/openjfx/javafx-fxml/17.0.1/javafx-fxml-17.0.1-mac-aarch64.jar:/Users/nitinjakhar/.m2/repository/org/openjfx/javafx-graphics/17.0.1/javafx-graphics-17.0.1-mac-aarch64.jar:/Users/nitinjakhar/IdeaProjects/COMP1011-M2022-ICE2/target/classes:/Users/nitinjakhar/.m2/repository/org/openjfx/javafx-controls/17.0.1/javafx-controls-17.0.1-mac-aarch64.jar -Djdk.module.main=ca.georgiancollege.comp1011m2022ice2 
java_command: ca.georgiancollege.comp1011m2022ice2/ca.georgiancollege.comp1011m2022ice2.Main
java_class_path (initial): /Users/nitinjakhar/.m2/repository/org/openjfx/javafx-controls/17.0.1/javafx-controls-17.0.1.jar:/Users/nitinjakhar/.m2/repository/org/openjfx/javafx-graphics/17.0.1/javafx-graphics-17.0.1.jar:/Users/nitinjakhar/.m2/repository/org/openjfx/javafx-base/17.0.1/javafx-base-17.0.1.jar:/Users/nitinjakhar/.m2/repository/org/openjfx/javafx-fxml/17.0.1/javafx-fxml-17.0.1.jar
Launcher Type: SUN_STANDARD

[Global flags]
     intx CICompilerCount                          = 4                                         {product} {ergonomic}
     uint ConcGCThreads                            = 2                                         {product} {ergonomic}
     uint G1ConcRefinementThreads                  = 8                                         {product} {ergonomic}
   size_t G1HeapRegionSize                         = 1048576                                   {product} {ergonomic}
    uintx GCDrainStackTargetSize                   = 64                                        {product} {ergonomic}
   size_t InitialHeapSize                          = 134217728                                 {product} {ergonomic}
   size_t MarkStackSize                            = 4194304                                   {product} {ergonomic}
   size_t MaxHeapSize                              = 2147483648                                {product} {ergonomic}
   size_t MaxNewSize                               = 1287651328                                {product} {ergonomic}
   size_t MinHeapDeltaBytes                        = 1048576                                   {product} {ergonomic}
   size_t MinHeapSize                              = 8388608                                   {product} {ergonomic}
    uintx NonNMethodCodeHeapSize                   = 5839564                                {pd product} {ergonomic}
    uintx NonProfiledCodeHeapSize                  = 122909338                              {pd product} {ergonomic}
    uintx ProfiledCodeHeapSize                     = 122909338                              {pd product} {ergonomic}
    uintx ReservedCodeCacheSize                    = 251658240                              {pd product} {ergonomic}
     bool SegmentedCodeCache                       = true                                      {product} {ergonomic}
   size_t SoftMaxHeapSize                          = 2147483648                             {manageable} {ergonomic}
     bool UseCompressedClassPointers               = true                           {product lp64_product} {ergonomic}
     bool UseCompressedOops                        = true                           {product lp64_product} {ergonomic}
     bool UseG1GC                                  = true                                      {product} {ergonomic}
     bool UseNUMA                                  = false                                     {product} {ergonomic}
     bool UseNUMAInterleaving                      = false                                     {product} {ergonomic}

Logging:
Log output configuration:
 #0: stdout all=warning uptime,level,tags
 #1: stderr all=off uptime,level,tags

Environment Variables:
PATH=/usr/local/bin:/usr/bin:/bin:/usr/sbin:/sbin:~/.dotnet/tools:/Library/Frameworks/Mono.framework/Versions/Current/Commands
SHELL=/bin/zsh
LC_CTYPE=en_CA.UTF-8

Signal Handlers:
   SIGSEGV: crash_handler in libjvm.dylib, mask=11100110000111110111111111111111, flags=SA_RESTART|SA_SIGINFO
    SIGBUS: crash_handler in libjvm.dylib, mask=11100110000111110111111111111111, flags=SA_RESTART|SA_SIGINFO
    SIGFPE: crash_handler in libjvm.dylib, mask=11100110000111110111111111111111, flags=SA_RESTART|SA_SIGINFO
   SIGPIPE: javaSignalHandler in libjvm.dylib, mask=11100110000111110111111111111111, flags=SA_RESTART|SA_SIGINFO
   SIGXFSZ: javaSignalHandler in libjvm.dylib, mask=11100110000111110111111111111111, flags=SA_RESTART|SA_SIGINFO
    SIGILL: crash_handler in libjvm.dylib, mask=11100110000111110111111111111111, flags=SA_RESTART|SA_SIGINFO
   SIGUSR2: SR_handler in libjvm.dylib, mask=00100000000000000000000000000000, flags=SA_RESTART|SA_SIGINFO
    SIGHUP: UserHandler in libjvm.dylib, mask=11100110000111110111111111111111, flags=SA_RESTART|SA_SIGINFO
    SIGINT: UserHandler in libjvm.dylib, mask=11100110000111110111111111111111, flags=SA_RESTART|SA_SIGINFO
   SIGTERM: UserHandler in libjvm.dylib, mask=11100110000111110111111111111111, flags=SA_RESTART|SA_SIGINFO
   SIGQUIT: UserHandler in libjvm.dylib, mask=11100110000111110111111111111111, flags=SA_RESTART|SA_SIGINFO
   SIGTRAP: crash_handler in libjvm.dylib, mask=11100110000111110111111111111111, flags=SA_RESTART|SA_SIGINFO


---------------  S Y S T E M  ---------------

OS:
uname: Darwin 21.5.0 Darwin Kernel Version 21.5.0: Tue Apr 26 21:08:29 PDT 2022; root:xnu-8020.121.3~4/RELEASE_ARM64_T8101 arm64
OS uptime: 1 days 3:38 hours
rlimit (soft/hard): STACK 8176k/65520k , CORE 0k/infinity , NPROC 1333/2000 , NOFILE 10240/infinity , AS infinity/infinity , CPU infinity/infinity , DATA infinity/infinity , FSIZE infinity/infinity , MEMLOCK infinity/infinity , RSS infinity/infinity
load average: 1.69 1.99 2.17

CPU: total 8 (initial active 8) 0x61:0x0:0x1b588bb3:0, fp, simd, crc, lse

Memory: 16k page, physical 8388608k(97504k free), swap 1048576k(1030656k free)

vm_info: Java HotSpot(TM) 64-Bit Server VM (17.0.1+12-LTS-39) for bsd-aarch64 JRE (17.0.1+12-LTS-39), built on Sep 27 2021 17:38:30 by "mach5one" with clang Apple LLVM 12.0.0 (clang-1200.0.32.29)

END.
