#
# A fatal error has been detected by the Java Runtime Environment:
#
#  SIGBUS (0xa) at pc=0x00000001280014f0, pid=2903, tid=29959
#
# JRE version: Java(TM) SE Runtime Environment (17.0.1+12) (build 17.0.1+12-LTS-39)
# Java VM: Java HotSpot(TM) 64-Bit Server VM (17.0.1+12-LTS-39, mixed mode, sharing, tiered, compressed oops, compressed class ptrs, g1 gc, bsd-aarch64)
# Problematic frame:
# v  ~StubRoutines::SafeFetchN
#
# No core dump will be written. Core dumps have been disabled. To enable core dumping, try "ulimit -c unlimited" before starting Java again
#
# If you would like to submit a bug report, please visit:
#   https://bugreport.java.com/bugreport/crash.jsp
# The crash happened outside the Java Virtual Machine in native code.
# See problematic frame for where to report the bug.
#

---------------  S U M M A R Y ------------

Command Line: -javaagent:/Applications/IntelliJ IDEA CE.app/Contents/lib/idea_rt.jar=58662:/Applications/IntelliJ IDEA CE.app/Contents/bin -Dfile.encoding=UTF-8 --module-path=/Users/nitinjakhar/.m2/repository/org/openjfx/javafx-base/17.0.1/javafx-base-17.0.1-mac-aarch64.jar:/Users/nitinjakhar/.m2/repository/org/openjfx/javafx-fxml/17.0.1/javafx-fxml-17.0.1-mac-aarch64.jar:/Users/nitinjakhar/.m2/repository/org/openjfx/javafx-graphics/17.0.1/javafx-graphics-17.0.1-mac-aarch64.jar:/Users/nitinjakhar/IdeaProjects/COMP1011-M2022-ICE2/target/classes:/Users/nitinjakhar/.m2/repository/org/openjfx/javafx-controls/17.0.1/javafx-controls-17.0.1-mac-aarch64.jar -Djdk.module.main=ca.georgiancollege.comp1011m2022ice2 ca.georgiancollege.comp1011m2022ice2/ca.georgiancollege.comp1011m2022ice2.Main

Host: "MacBookAir10,1" arm64 1 MHz, 8 cores, 8G, Darwin 21.5.0, macOS 12.4 (21F79)
Time: Sat May 21 13:58:15 2022 EDT elapsed time: 28.512245 seconds (0d 0h 0m 28s)

---------------  T H R E A D  ---------------

Current thread (0x000000011e0cde00):  JavaThread "InvokeLaterDispatcher" daemon [_thread_in_native, id=29959, stack(0x000000016dd14000,0x000000016df17000)]

Stack: [0x000000016dd14000,0x000000016df17000],  sp=0x000000016df167d0,  free space=2057k
Native frames: (J=compiled Java code, j=interpreted, Vv=VM code, C=native code)
v  ~StubRoutines::SafeFetchN
V  [libjvm.dylib+0x79e208]  _ZN10OopStorage7releaseEPKP7oopDesc+0x20
V  [libjvm.dylib+0x4b8f30]  jni_DeleteGlobalRef+0xc4
C  [libglass.dylib+0xab08]  -[GlassRunnable dealloc]+0x34
C  [Foundation+0x85318]  -[_NSThreadPerformInfo dealloc]+0x30
C  [Foundation+0x518ac]  -[NSObject(NSThreadPerformAdditions) performSelectorOnMainThread:withObject:waitUntilDone:]+0x88
C  0xf60800012fb724cc
J 2114 c1 com.sun.glass.ui.mac.MacApplication.submitForLaterInvocation(Ljava/lang/Runnable;)V javafx.graphics (6 bytes) @ 0x00000001289804d8 [0x0000000128980440+0x0000000000000098]
C  0x0000000786815708

Java frames: (J=compiled Java code, j=interpreted, Vv=VM code)
J 2152  com.sun.glass.ui.mac.MacApplication._submitForLaterInvocation(Ljava/lang/Runnable;)V javafx.graphics (0 bytes) @ 0x000000012fb724cc [0x000000012fb72440+0x000000000000008c]
J 2114 c1 com.sun.glass.ui.mac.MacApplication.submitForLaterInvocation(Ljava/lang/Runnable;)V javafx.graphics (6 bytes) @ 0x00000001289804d8 [0x0000000128980440+0x0000000000000098]
j  com.sun.glass.ui.InvokeLaterDispatcher.run()V+82 javafx.graphics
v  ~StubRoutines::call_stub

siginfo: si_signo: 10 (SIGBUS), si_code: 1 (BUS_ADRALN), si_addr: 0x00000001280014f0

Register to memory mapping:

 x0=0x000000010e704288 is a global jni handle
 x1=0x0 is NULL
 x2=0x000000078658fb90 is an oop: com.sun.glass.ui.InvokeLaterDispatcher$Future 
{0x000000078658fb90} - klass: 'com/sun/glass/ui/InvokeLaterDispatcher$Future'
 - ---- fields (total size 3 words):
 - private 'done' 'Z' @12  true
 - private final 'runnable' 'Ljava/lang/Runnable;' @16  a 'com/sun/javafx/tk/quantum/QuantumToolkit$$Lambda$85+0x0000000800c39b78'{0x00000007866cef20} (f0cd9de4)
 - final synthetic 'this$0' 'Lcom/sun/glass/ui/InvokeLaterDispatcher;' @20  a 'com/sun/glass/ui/InvokeLaterDispatcher'{0x0000000786815708} (f0d02ae1)
 x3=0x0 is NULL
 x4=0x00000000000130a8 is an unknown value
 x5=0x0 is NULL
 x6=0x0 is NULL
 x7=0x0 is NULL
 x8=0x00000001280014ec is at begin+0 in a stub
StubRoutines::SafeFetchN [0x00000001280014ec, 0x00000001280014f8] (12 bytes)
 x9=0x0 is NULL
x10=0x2010000030300000 is an unknown value
x11=0x0000000000000007 is an unknown value
x12=0x0 is NULL
x13=0x0000600000ad9670 points into unknown readable memory: 0x0000000000000000 | 00 00 00 00 00 00 00 00
x14=0x0000350000000000 is an unknown value
x15=0x000000011c41df98: OBJC_CLASS_$_GlassRunnable+0 in /Users/nitinjakhar/.openjfx/cache/17.0.1/libglass.dylib at 0x000000011c3d8000
x16=0x00000001c05670fc: pthread_getspecific+0 in /usr/lib/system/libsystem_pthread.dylib at 0x00000001c0565000
x17=0x00006000000e3780 points into unknown readable memory: 0xfffffffffffffffe | fe ff ff ff ff ff ff ff
x18=0x0 is NULL
x19=0x0000600000ff11f0 points into unknown readable memory: 0x00006000026f4320 | 20 43 6f 02 00 60 00 00
x20=0x000000010e704080 points into unknown readable memory: 0x0000000000000000 | 00 00 00 00 00 00 00 00
x21=0x000000010e704288 is a global jni handle
x22=0x000000011e0cde00 is a thread
x23=0x0000000000000001 is an unknown value
x24=0x000000010e704240 is a global jni handle
x25=0x000000010687d5d8: _ZN12StubRoutines17_safefetchN_entryE+0 in /Library/Java/JavaVirtualMachines/jdk-17.0.1.jdk/Contents/Home/lib/server/libjvm.dylib at 0x0000000105cec000
x26=0x000000010f51b138 is pointing into metadata
x27=0x0 is NULL
x28=0x000000011e0cde00 is a thread


Registers:
 x0=0x000000010e704288  x1=0x0000000000000000  x2=0x000000078658fb90  x3=0x0000000000000000
 x4=0x00000000000130a8  x5=0x0000000000000000  x6=0x0000000000000000  x7=0x0000000000000000
 x8=0x00000001280014ec  x9=0x0000000000000000 x10=0x2010000030300000 x11=0x0000000000000007
x12=0x0000000000000000 x13=0x0000600000ad9670 x14=0x0000350000000000 x15=0x000000011c41df98
x16=0x00000001c05670fc x17=0x00006000000e3780 x18=0x0000000000000000 x19=0x0000600000ff11f0
x20=0x000000010e704080 x21=0x000000010e704288 x22=0x000000011e0cde00 x23=0x0000000000000001
x24=0x000000010e704240 x25=0x000000010687d5d8 x26=0x000000010f51b138 x27=0x0000000000000000
x28=0x000000011e0cde00  fp=0x000000016df16810  lr=0x0000000106488fd8  sp=0x000000016df167d0
pc=0x00000001280014f0 cpsr=0x0000000060001000
Top of Stack: (sp=0x000000016df167d0)
0x000000016df167d0:   000000010f51b138 0000000000000001
0x000000016df167e0:   0000000800c2b880 00006000026ec730
0x000000016df167f0:   0000000000000000 000000010e704270
0x000000016df16800:   000000010e704270 0000600000ff11f0
0x000000016df16810:   000000016df16850 000000010648a208
0x000000016df16820:   0000000000000001 000000010e704270
0x000000016df16830:   0000000000000000 000000010e704270
0x000000016df16840:   0000000000000001 000000010f81c600
0x000000016df16850:   000000016df16880 00000001061a4f30
0x000000016df16860:   00006000026ec7c0 000000020a82530c
0x000000016df16870:   0000000000000000 00006000026ec7c0
0x000000016df16880:   000000016df168b0 000000011c3e2b08
0x000000016df16890:   371f2e6505a00006 0000000000000000
0x000000016df168a0:   0000000000000000 00006000031303c0
0x000000016df168b0:   000000016df168f0 00000001c153c318
0x000000016df168c0:   0000000800c2b880 00006000026ec730
0x000000016df168d0:   00006000026ec7c0 371f2e6505a00006
0x000000016df168e0:   0000000000000000 0000000000000000
0x000000016df168f0:   000000016df16930 e0608001c15088ac
0x000000016df16900:   0000000800c2b880 00000001280087c0
0x000000016df16910:   000000010f51ab72 0000000106884f90
0x000000016df16920:   000000016df16a10 00000000000000b9
0x000000016df16930:   000000016df16990 f60800012fb724cc
0x000000016df16940:   0000000786821538 000000078658fb90
0x000000016df16950:   000000016df16ab8 00000001c0573630
0x000000016df16960:   000000011e0cde00 0000000106861db0
0x000000016df16970:   000000016df16a20 0000000000000001
0x000000016df16980:   000000016df169c0 000000078674ecd8
0x000000016df16990:   000000016df16a80 00000001289804d8
0x000000016df169a0:   000000078658fb90 00000007866cef20
0x000000016df169b0:   000000016df16a20 00000000000000b6
0x000000016df169c0:   000000016df16a80 0000000128012a54 

Instructions: (pc=0x00000001280014f0)
0x00000001280013f0:   f2a0d089 f2c00029 6d425935 1e640886
0x0000000128001400:   0c402d31 1e6408c7 1f5654d0 1e6c1017
0x0000000128001410:   1f5050d0 1f504cd0 1f5048d0 1e650af6
0x0000000128001420:   1f50d8f6 1f5694d6 1f5158f6 1e762880
0x0000000128001430:   36000501 1e614000 14000026 2e251ca5
0x0000000128001440:   d2943009 f2a0d089 f2c00029 6d425d36
0x0000000128001450:   1e600806 0c402d32 1f5758c7 1e6c101a
0x0000000128001460:   1f4754c7 1e650805 1f4750c7 d2866668
0x0000000128001470:   f2a7fa68 1f474cc7 1e6608c0 1f4748c7
0x0000000128001480:   1e6e1019 eb08007f 540000ac 1f479400
0x0000000128001490:   1f460340 1e603b20 1400000e d2a7fd29
0x00000001280014a0:   eb09007f 540000ac 51480069 d3607d29
0x00000001280014b0:   9e670121 14000002 1e6a5001 1f679417
0x00000001280014c0:   1f668742 1e613b23 1e773857 1e773860
0x00000001280014d0:   a8c17ff3 910003bf a8c17bfd d65f03c0
0x00000001280014e0:   b9400001 aa0103e0 d65f03c0 f9400001
0x00000001280014f0:   aa0103e0 d65f03c0 00000000 00000000
0x0000000128001500:   00000000 00000000 00000000 00000000
0x0000000128001510:   00000000 00000000 00000000 00000000
0x0000000128001520:   00000000 00000000 00000000 00000000
0x0000000128001530:   00000000 00000000 00000000 00000000
0x0000000128001540:   00000000 00000000 00000000 00000000
0x0000000128001550:   00000000 00000000 00000000 00000000
0x0000000128001560:   00000000 00000000 00000000 00000000
0x0000000128001570:   00000000 00000000 00000000 00000000
0x0000000128001580:   00000000 00000000 00000000 00000000
0x0000000128001590:   00000000 00000000 00000000 00000000
0x00000001280015a0:   00000000 00000000 00000000 00000000
0x00000001280015b0:   00000000 00000000 00000000 00000000
0x00000001280015c0:   00000000 00000000 00000000 00000000
0x00000001280015d0:   00000000 00000000 00000000 00000000
0x00000001280015e0:   00000000 00000000 00000000 00000000 


Stack slot to memory mapping:
stack at sp + 0 slots: 0x000000010f51b138 is pointing into metadata
stack at sp + 1 slots: 0x0000000000000001 is an unknown value
stack at sp + 2 slots: 0x0000000800c2b880 is a pointer to class: 
com.sun.glass.ui.mac.MacApplication {0x0000000800c2b880}
 - instance size:     5
 - klass size:        136
 - access:            final synchronized 
 - state:             fully_initialized
 - name:              'com/sun/glass/ui/mac/MacApplication'
 - super:             'com/sun/glass/ui/Application'
 - sub:               
 - arrays:            NULL
 - methods:           Array<T>(0x000000010f4efc58)
 - method ordering:   Array<T>(0x0000000800918908)
 - default_methods:   Array<T>(0x0000000000000000)
 - local interfaces:  Array<T>(0x000000010f4f5168)
 - trans. interfaces: Array<T>(0x000000010f4f5168)
 - constants:         constant pool [548]/operands[69] {0x000000010f4f4000} for 'com/sun/glass/ui/mac/MacApplication' cache=0x000000010f518ad0
 - class loader data:  loader data: 0x00006000015fc1e0 for instance a 'jdk/internal/loader/ClassLoaders$AppClassLoader'{0x000000078680ac80}
 - source file:       'MacApplication.java'
 - class annotations:       Array<T>(0x0000000000000000)
 - class type annotations:  Array<T>(0x0000000000000000)
 - field annotations:       Array<T>(0x0000000000000000)
 - field type annotations:  Array<T>(0x0000000000000000)
 - inner classes:     Array<T>(0x000000010f4f7fa0)
 - nest members:     Array<T>(0x000000010f4f2090)
 - permitted subclasses:     Array<T>(0x00000008005c37e0)
 - java mirror:       a 'java/lang/Class'{0x00000007868214c0} = 'com/sun/glass/ui/mac/MacApplication'
 - vtable length      72  (start addr: 0x0000000800c2ba50)
 - itable length      5 (start addr: 0x0000000800c2bc90)
 - ---- static fields (1 words):
 - static final 'BROWSER_PARENT_ID' 'J' @112 
 - ---- non-static fields (7 words):
 - private 'initialActiveEventReceived' 'Z' @12 
 - private 'terminateWhenLastWindowClosed' 'Z' @13 
 - protected 'name' 'Ljava/lang/String;' @16 
 - private 'eventHandler' 'Lcom/sun/glass/ui/Application$EventHandler;' @20 
 - private 'initialOpenedFiles' '[Ljava/lang/String;' @24 
 - private 'isTaskbarApplication' 'Z' @14 
 - private 'firstDidResignActive' 'Z' @15 
 - private final 'invokeLaterDispatcher' 'Lcom/sun/glass/ui/InvokeLaterDispatcher;' @28 
 - private 'appleMenu' 'Lcom/sun/glass/ui/Menu;' @32 
 - private final 'reactivationLatch' 'Ljava/util/concurrent/CountDownLatch;' @36 
 - non-static oop maps: 16-36 
stack at sp + 3 slots: 0x00006000026ec730 points into unknown readable memory: 0x0100000218f36031 | 31 60 f3 18 02 00 00 01
stack at sp + 4 slots: 0x0 is NULL
stack at sp + 5 slots: 0x000000010e704270 is a global jni handle
stack at sp + 6 slots: 0x000000010e704270 is a global jni handle
stack at sp + 7 slots: 0x0000600000ff11f0 points into unknown readable memory: 0x00006000026f4320 | 20 43 6f 02 00 60 00 00

StubRoutines::SafeFetchN [0x00000001280014ec, 0x00000001280014f8] (12 bytes)
[MachCode]
  0x00000001280014ec: 0100 40f9 | e003 01aa | c003 5fd6 
[/MachCode]

---------------  P R O C E S S  ---------------

Threads class SMR info:
_java_thread_list=0x000060000242a6e0, length=20, elements={
0x000000011d008800, 0x000000011d008e00, 0x000000011d014e00, 0x000000010e808c00,
0x000000011d017a00, 0x000000010f80ae00, 0x000000010f80b400, 0x000000010f80ba00,
0x000000010f814000, 0x000000011c88c600, 0x000000011c88cc00, 0x000000011c882800,
0x000000010e845a00, 0x000000011e0cde00, 0x000000010f81c600, 0x000000011e0dac00,
0x000000011e12b000, 0x000000010ea08e00, 0x000000010ea1b800, 0x000000011cb4a400
}

Java Threads: ( => current thread )
  0x000000011d008800 JavaThread "main" [_thread_blocked, id=9987, stack(0x000000016b30c000,0x000000016b50f000)]
  0x000000011d008e00 JavaThread "Reference Handler" daemon [_thread_blocked, id=15363, stack(0x000000016c160000,0x000000016c363000)]
  0x000000011d014e00 JavaThread "Finalizer" daemon [_thread_blocked, id=14851, stack(0x000000016c36c000,0x000000016c56f000)]
  0x000000010e808c00 JavaThread "Signal Dispatcher" daemon [_thread_blocked, id=22531, stack(0x000000016c690000,0x000000016c893000)]
  0x000000011d017a00 JavaThread "Service Thread" daemon [_thread_blocked, id=22787, stack(0x000000016c89c000,0x000000016ca9f000)]
  0x000000010f80ae00 JavaThread "Monitor Deflation Thread" daemon [_thread_blocked, id=41731, stack(0x000000016caa8000,0x000000016ccab000)]
  0x000000010f80b400 JavaThread "C2 CompilerThread0" daemon [_thread_blocked, id=41475, stack(0x000000016ccb4000,0x000000016ceb7000)]
  0x000000010f80ba00 JavaThread "C1 CompilerThread0" daemon [_thread_blocked, id=23555, stack(0x000000016cec0000,0x000000016d0c3000)]
  0x000000010f814000 JavaThread "Sweeper thread" daemon [_thread_blocked, id=24067, stack(0x000000016d0cc000,0x000000016d2cf000)]
  0x000000011c88c600 JavaThread "Common-Cleaner" daemon [_thread_blocked, id=24579, stack(0x000000016d2d8000,0x000000016d4db000)]
  0x000000011c88cc00 JavaThread "Monitor Ctrl-Break" daemon [_thread_in_native, id=24835, stack(0x000000016d4e4000,0x000000016d6e7000)]
  0x000000011c882800 JavaThread "Notification Thread" daemon [_thread_blocked, id=25347, stack(0x000000016d6f0000,0x000000016d8f3000)]
  0x000000010e845a00 JavaThread "QuantumRenderer-0" daemon [_thread_blocked, id=40451, stack(0x000000016db08000,0x000000016dd0b000)]
=>0x000000011e0cde00 JavaThread "InvokeLaterDispatcher" daemon [_thread_in_native, id=29959, stack(0x000000016dd14000,0x000000016df17000)]
  0x000000010f81c600 JavaThread "JavaFX Application Thread" [_thread_in_native, id=259, stack(0x000000016aa84000,0x000000016b280000)]
  0x000000011e0dac00 JavaThread "JavaFX-Launcher" [_thread_blocked, id=54531, stack(0x000000016e1b8000,0x000000016e3bb000)]
  0x000000011e12b000 JavaThread "Prism Font Disposer" daemon [_thread_blocked, id=72459, stack(0x000000016ee00000,0x000000016f003000)]
  0x000000010ea08e00 JavaThread "Cleaner-0" daemon [_thread_blocked, id=67335, stack(0x000000016f00c000,0x000000016f20f000)]
  0x000000010ea1b800 JavaThread "Attach Listener" daemon [_thread_blocked, id=62735, stack(0x000000016f218000,0x000000016f41b000)]
  0x000000011cb4a400 JavaThread "PulseTimer-CVDisplayLink thread" daemon [_thread_in_native, id=63499, stack(0x000000016df20000,0x000000016dfa3000)]

Other Threads:
  0x000000011d8056b0 VMThread "VM Thread" [stack: 0x000000016bf54000,0x000000016c157000] [id=13827]
  0x000000010e505180 WatcherThread [stack: 0x000000016d8fc000,0x000000016daff000] [id=25603]
  0x000000011d906430 GCTaskThread "GC Thread#0" [stack: 0x000000016b518000,0x000000016b71b000] [id=19715]
  0x000000011c62f3f0 GCTaskThread "GC Thread#1" [stack: 0x000000016e3c4000,0x000000016e5c7000] [id=75267]
  0x000000011c62f870 GCTaskThread "GC Thread#2" [stack: 0x000000016e5d0000,0x000000016e7d3000] [id=55299]
  0x000000011d81ddb0 GCTaskThread "GC Thread#3" [stack: 0x000000016e7dc000,0x000000016e9df000] [id=55811]
  0x000000011d81e620 GCTaskThread "GC Thread#4" [stack: 0x000000016e9e8000,0x000000016ebeb000] [id=56067]
  0x000000011d81ee90 GCTaskThread "GC Thread#5" [stack: 0x000000016ebf4000,0x000000016edf7000] [id=56579]
  0x000000011d906ae0 ConcurrentGCThread "G1 Main Marker" [stack: 0x000000016b724000,0x000000016b927000] [id=19203]
  0x000000011d907360 ConcurrentGCThread "G1 Conc#0" [stack: 0x000000016b930000,0x000000016bb33000] [id=12547]
  0x000000011c606960 ConcurrentGCThread "G1 Refine#0" [stack: 0x000000016bb3c000,0x000000016bd3f000] [id=18179]
  0x000000011c607200 ConcurrentGCThread "G1 Service" [stack: 0x000000016bd48000,0x000000016bf4b000] [id=17667]

Threads with active compile tasks:

VM state: not at safepoint (normal execution)

VM Mutex/Monitor currently owned by a thread: None

Heap address: 0x0000000780000000, size: 2048 MB, Compressed Oops mode: Zero based, Oop shift amount: 3

CDS archive(s) mapped at: [0x0000000800000000-0x0000000800bd4000-0x0000000800bd4000), size 12402688, SharedBaseAddress: 0x0000000800000000, ArchiveRelocationMode: 0.
Compressed class space mapped at: 0x0000000800c00000-0x0000000840c00000, reserved size: 1073741824
Narrow klass base: 0x0000000800000000, Narrow klass shift: 0, Narrow klass range: 0x100000000

GC Precious Log:
 CPUs: 8 total, 8 available
 Memory: 8192M
 Large Page Support: Disabled
 NUMA Support: Disabled
 Compressed Oops: Enabled (Zero based)
 Heap Region Size: 1M
 Heap Min Capacity: 8M
 Heap Initial Capacity: 128M
 Heap Max Capacity: 2G
 Pre-touch: Disabled
 Parallel Workers: 8
 Concurrent Workers: 2
 Concurrent Refinement Workers: 8
 Periodic GC: Disabled

Heap:
 garbage-first heap   total 133120K, used 38521K [0x0000000780000000, 0x0000000800000000)
  region size 1024K, 35 young (35840K), 3 survivors (3072K)
 Metaspace       used 14955K, committed 15232K, reserved 1064960K
  class space    used 2175K, committed 2304K, reserved 1048576K

Heap Regions: E=young(eden), S=young(survivor), O=old, HS=humongous(starts), HC=humongous(continues), CS=collection set, F=free, OA=open archive, CA=closed archive, TAMS=top-at-mark-start (previous, next)
|   0|0x0000000780000000, 0x00000007800a6600, 0x0000000780100000| 64%| O|  |TAMS 0x0000000780000000, 0x0000000780000000| Untracked 
|   1|0x0000000780100000, 0x0000000780200000, 0x0000000780200000|100%|HS|  |TAMS 0x0000000780100000, 0x0000000780100000| Complete 
|   2|0x0000000780200000, 0x0000000780300000, 0x0000000780300000|100%|HC|  |TAMS 0x0000000780200000, 0x0000000780200000| Complete 
|   3|0x0000000780300000, 0x0000000780300000, 0x0000000780400000|  0%| F|  |TAMS 0x0000000780300000, 0x0000000780300000| Untracked 
|   4|0x0000000780400000, 0x0000000780400000, 0x0000000780500000|  0%| F|  |TAMS 0x0000000780400000, 0x0000000780400000| Untracked 
|   5|0x0000000780500000, 0x0000000780500000, 0x0000000780600000|  0%| F|  |TAMS 0x0000000780500000, 0x0000000780500000| Untracked 
|   6|0x0000000780600000, 0x0000000780600000, 0x0000000780700000|  0%| F|  |TAMS 0x0000000780600000, 0x0000000780600000| Untracked 
|   7|0x0000000780700000, 0x0000000780700000, 0x0000000780800000|  0%| F|  |TAMS 0x0000000780700000, 0x0000000780700000| Untracked 
|   8|0x0000000780800000, 0x0000000780800000, 0x0000000780900000|  0%| F|  |TAMS 0x0000000780800000, 0x0000000780800000| Untracked 
|   9|0x0000000780900000, 0x0000000780900000, 0x0000000780a00000|  0%| F|  |TAMS 0x0000000780900000, 0x0000000780900000| Untracked 
|  10|0x0000000780a00000, 0x0000000780a00000, 0x0000000780b00000|  0%| F|  |TAMS 0x0000000780a00000, 0x0000000780a00000| Untracked 
|  11|0x0000000780b00000, 0x0000000780b00000, 0x0000000780c00000|  0%| F|  |TAMS 0x0000000780b00000, 0x0000000780b00000| Untracked 
|  12|0x0000000780c00000, 0x0000000780c00000, 0x0000000780d00000|  0%| F|  |TAMS 0x0000000780c00000, 0x0000000780c00000| Untracked 
|  13|0x0000000780d00000, 0x0000000780d00000, 0x0000000780e00000|  0%| F|  |TAMS 0x0000000780d00000, 0x0000000780d00000| Untracked 
|  14|0x0000000780e00000, 0x0000000780e00000, 0x0000000780f00000|  0%| F|  |TAMS 0x0000000780e00000, 0x0000000780e00000| Untracked 
|  15|0x0000000780f00000, 0x0000000780f00000, 0x0000000781000000|  0%| F|  |TAMS 0x0000000780f00000, 0x0000000780f00000| Untracked 
|  16|0x0000000781000000, 0x0000000781000000, 0x0000000781100000|  0%| F|  |TAMS 0x0000000781000000, 0x0000000781000000| Untracked 
|  17|0x0000000781100000, 0x0000000781100000, 0x0000000781200000|  0%| F|  |TAMS 0x0000000781100000, 0x0000000781100000| Untracked 
|  18|0x0000000781200000, 0x0000000781200000, 0x0000000781300000|  0%| F|  |TAMS 0x0000000781200000, 0x0000000781200000| Untracked 
|  19|0x0000000781300000, 0x0000000781300000, 0x0000000781400000|  0%| F|  |TAMS 0x0000000781300000, 0x0000000781300000| Untracked 
|  20|0x0000000781400000, 0x0000000781400000, 0x0000000781500000|  0%| F|  |TAMS 0x0000000781400000, 0x0000000781400000| Untracked 
|  21|0x0000000781500000, 0x0000000781500000, 0x0000000781600000|  0%| F|  |TAMS 0x0000000781500000, 0x0000000781500000| Untracked 
|  22|0x0000000781600000, 0x0000000781600000, 0x0000000781700000|  0%| F|  |TAMS 0x0000000781600000, 0x0000000781600000| Untracked 
|  23|0x0000000781700000, 0x0000000781700000, 0x0000000781800000|  0%| F|  |TAMS 0x0000000781700000, 0x0000000781700000| Untracked 
|  24|0x0000000781800000, 0x0000000781800000, 0x0000000781900000|  0%| F|  |TAMS 0x0000000781800000, 0x0000000781800000| Untracked 
|  25|0x0000000781900000, 0x0000000781900000, 0x0000000781a00000|  0%| F|  |TAMS 0x0000000781900000, 0x0000000781900000| Untracked 
|  26|0x0000000781a00000, 0x0000000781a00000, 0x0000000781b00000|  0%| F|  |TAMS 0x0000000781a00000, 0x0000000781a00000| Untracked 
|  27|0x0000000781b00000, 0x0000000781b00000, 0x0000000781c00000|  0%| F|  |TAMS 0x0000000781b00000, 0x0000000781b00000| Untracked 
|  28|0x0000000781c00000, 0x0000000781c00000, 0x0000000781d00000|  0%| F|  |TAMS 0x0000000781c00000, 0x0000000781c00000| Untracked 
|  29|0x0000000781d00000, 0x0000000781d00000, 0x0000000781e00000|  0%| F|  |TAMS 0x0000000781d00000, 0x0000000781d00000| Untracked 
|  30|0x0000000781e00000, 0x0000000781e00000, 0x0000000781f00000|  0%| F|  |TAMS 0x0000000781e00000, 0x0000000781e00000| Untracked 
|  31|0x0000000781f00000, 0x0000000781f00000, 0x0000000782000000|  0%| F|  |TAMS 0x0000000781f00000, 0x0000000781f00000| Untracked 
|  32|0x0000000782000000, 0x0000000782000000, 0x0000000782100000|  0%| F|  |TAMS 0x0000000782000000, 0x0000000782000000| Untracked 
|  33|0x0000000782100000, 0x0000000782100000, 0x0000000782200000|  0%| F|  |TAMS 0x0000000782100000, 0x0000000782100000| Untracked 
|  34|0x0000000782200000, 0x0000000782200000, 0x0000000782300000|  0%| F|  |TAMS 0x0000000782200000, 0x0000000782200000| Untracked 
|  35|0x0000000782300000, 0x0000000782300000, 0x0000000782400000|  0%| F|  |TAMS 0x0000000782300000, 0x0000000782300000| Untracked 
|  36|0x0000000782400000, 0x0000000782400000, 0x0000000782500000|  0%| F|  |TAMS 0x0000000782400000, 0x0000000782400000| Untracked 
|  37|0x0000000782500000, 0x0000000782500000, 0x0000000782600000|  0%| F|  |TAMS 0x0000000782500000, 0x0000000782500000| Untracked 
|  38|0x0000000782600000, 0x0000000782600000, 0x0000000782700000|  0%| F|  |TAMS 0x0000000782600000, 0x0000000782600000| Untracked 
|  39|0x0000000782700000, 0x0000000782700000, 0x0000000782800000|  0%| F|  |TAMS 0x0000000782700000, 0x0000000782700000| Untracked 
|  40|0x0000000782800000, 0x0000000782800000, 0x0000000782900000|  0%| F|  |TAMS 0x0000000782800000, 0x0000000782800000| Untracked 
|  41|0x0000000782900000, 0x0000000782900000, 0x0000000782a00000|  0%| F|  |TAMS 0x0000000782900000, 0x0000000782900000| Untracked 
|  42|0x0000000782a00000, 0x0000000782a00000, 0x0000000782b00000|  0%| F|  |TAMS 0x0000000782a00000, 0x0000000782a00000| Untracked 
|  43|0x0000000782b00000, 0x0000000782b00000, 0x0000000782c00000|  0%| F|  |TAMS 0x0000000782b00000, 0x0000000782b00000| Untracked 
|  44|0x0000000782c00000, 0x0000000782c00000, 0x0000000782d00000|  0%| F|  |TAMS 0x0000000782c00000, 0x0000000782c00000| Untracked 
|  45|0x0000000782d00000, 0x0000000782d00000, 0x0000000782e00000|  0%| F|  |TAMS 0x0000000782d00000, 0x0000000782d00000| Untracked 
|  46|0x0000000782e00000, 0x0000000782e00000, 0x0000000782f00000|  0%| F|  |TAMS 0x0000000782e00000, 0x0000000782e00000| Untracked 
|  47|0x0000000782f00000, 0x0000000782f00000, 0x0000000783000000|  0%| F|  |TAMS 0x0000000782f00000, 0x0000000782f00000| Untracked 
|  48|0x0000000783000000, 0x0000000783000000, 0x0000000783100000|  0%| F|  |TAMS 0x0000000783000000, 0x0000000783000000| Untracked 
|  49|0x0000000783100000, 0x0000000783100000, 0x0000000783200000|  0%| F|  |TAMS 0x0000000783100000, 0x0000000783100000| Untracked 
|  50|0x0000000783200000, 0x0000000783200000, 0x0000000783300000|  0%| F|  |TAMS 0x0000000783200000, 0x0000000783200000| Untracked 
|  51|0x0000000783300000, 0x0000000783300000, 0x0000000783400000|  0%| F|  |TAMS 0x0000000783300000, 0x0000000783300000| Untracked 
|  52|0x0000000783400000, 0x0000000783400000, 0x0000000783500000|  0%| F|  |TAMS 0x0000000783400000, 0x0000000783400000| Untracked 
|  53|0x0000000783500000, 0x0000000783500000, 0x0000000783600000|  0%| F|  |TAMS 0x0000000783500000, 0x0000000783500000| Untracked 
|  54|0x0000000783600000, 0x0000000783600000, 0x0000000783700000|  0%| F|  |TAMS 0x0000000783600000, 0x0000000783600000| Untracked 
|  55|0x0000000783700000, 0x0000000783700000, 0x0000000783800000|  0%| F|  |TAMS 0x0000000783700000, 0x0000000783700000| Untracked 
|  56|0x0000000783800000, 0x0000000783800000, 0x0000000783900000|  0%| F|  |TAMS 0x0000000783800000, 0x0000000783800000| Untracked 
|  57|0x0000000783900000, 0x0000000783900000, 0x0000000783a00000|  0%| F|  |TAMS 0x0000000783900000, 0x0000000783900000| Untracked 
|  58|0x0000000783a00000, 0x0000000783a00000, 0x0000000783b00000|  0%| F|  |TAMS 0x0000000783a00000, 0x0000000783a00000| Untracked 
|  59|0x0000000783b00000, 0x0000000783b00000, 0x0000000783c00000|  0%| F|  |TAMS 0x0000000783b00000, 0x0000000783b00000| Untracked 
|  60|0x0000000783c00000, 0x0000000783c00000, 0x0000000783d00000|  0%| F|  |TAMS 0x0000000783c00000, 0x0000000783c00000| Untracked 
|  61|0x0000000783d00000, 0x0000000783d00000, 0x0000000783e00000|  0%| F|  |TAMS 0x0000000783d00000, 0x0000000783d00000| Untracked 
|  62|0x0000000783e00000, 0x0000000783e00000, 0x0000000783f00000|  0%| F|  |TAMS 0x0000000783e00000, 0x0000000783e00000| Untracked 
|  63|0x0000000783f00000, 0x0000000783f00000, 0x0000000784000000|  0%| F|  |TAMS 0x0000000783f00000, 0x0000000783f00000| Untracked 
|  64|0x0000000784000000, 0x0000000784000000, 0x0000000784100000|  0%| F|  |TAMS 0x0000000784000000, 0x0000000784000000| Untracked 
|  65|0x0000000784100000, 0x0000000784100000, 0x0000000784200000|  0%| F|  |TAMS 0x0000000784100000, 0x0000000784100000| Untracked 
|  66|0x0000000784200000, 0x0000000784200000, 0x0000000784300000|  0%| F|  |TAMS 0x0000000784200000, 0x0000000784200000| Untracked 
|  67|0x0000000784300000, 0x0000000784300000, 0x0000000784400000|  0%| F|  |TAMS 0x0000000784300000, 0x0000000784300000| Untracked 
|  68|0x0000000784400000, 0x0000000784400000, 0x0000000784500000|  0%| F|  |TAMS 0x0000000784400000, 0x0000000784400000| Untracked 
|  69|0x0000000784500000, 0x0000000784500000, 0x0000000784600000|  0%| F|  |TAMS 0x0000000784500000, 0x0000000784500000| Untracked 
|  70|0x0000000784600000, 0x0000000784600000, 0x0000000784700000|  0%| F|  |TAMS 0x0000000784600000, 0x0000000784600000| Untracked 
|  71|0x0000000784700000, 0x0000000784700000, 0x0000000784800000|  0%| F|  |TAMS 0x0000000784700000, 0x0000000784700000| Untracked 
|  72|0x0000000784800000, 0x0000000784800000, 0x0000000784900000|  0%| F|  |TAMS 0x0000000784800000, 0x0000000784800000| Untracked 
|  73|0x0000000784900000, 0x0000000784900000, 0x0000000784a00000|  0%| F|  |TAMS 0x0000000784900000, 0x0000000784900000| Untracked 
|  74|0x0000000784a00000, 0x0000000784a00000, 0x0000000784b00000|  0%| F|  |TAMS 0x0000000784a00000, 0x0000000784a00000| Untracked 
|  75|0x0000000784b00000, 0x0000000784b00000, 0x0000000784c00000|  0%| F|  |TAMS 0x0000000784b00000, 0x0000000784b00000| Untracked 
|  76|0x0000000784c00000, 0x0000000784c00000, 0x0000000784d00000|  0%| F|  |TAMS 0x0000000784c00000, 0x0000000784c00000| Untracked 
|  77|0x0000000784d00000, 0x0000000784d00000, 0x0000000784e00000|  0%| F|  |TAMS 0x0000000784d00000, 0x0000000784d00000| Untracked 
|  78|0x0000000784e00000, 0x0000000784e00000, 0x0000000784f00000|  0%| F|  |TAMS 0x0000000784e00000, 0x0000000784e00000| Untracked 
|  79|0x0000000784f00000, 0x0000000784f00000, 0x0000000785000000|  0%| F|  |TAMS 0x0000000784f00000, 0x0000000784f00000| Untracked 
|  80|0x0000000785000000, 0x0000000785000000, 0x0000000785100000|  0%| F|  |TAMS 0x0000000785000000, 0x0000000785000000| Untracked 
|  81|0x0000000785100000, 0x0000000785100000, 0x0000000785200000|  0%| F|  |TAMS 0x0000000785100000, 0x0000000785100000| Untracked 
|  82|0x0000000785200000, 0x0000000785200000, 0x0000000785300000|  0%| F|  |TAMS 0x0000000785200000, 0x0000000785200000| Untracked 
|  83|0x0000000785300000, 0x0000000785300000, 0x0000000785400000|  0%| F|  |TAMS 0x0000000785300000, 0x0000000785300000| Untracked 
|  84|0x0000000785400000, 0x0000000785400000, 0x0000000785500000|  0%| F|  |TAMS 0x0000000785400000, 0x0000000785400000| Untracked 
|  85|0x0000000785500000, 0x0000000785500000, 0x0000000785600000|  0%| F|  |TAMS 0x0000000785500000, 0x0000000785500000| Untracked 
|  86|0x0000000785600000, 0x0000000785600000, 0x0000000785700000|  0%| F|  |TAMS 0x0000000785600000, 0x0000000785600000| Untracked 
|  87|0x0000000785700000, 0x0000000785700000, 0x0000000785800000|  0%| F|  |TAMS 0x0000000785700000, 0x0000000785700000| Untracked 
|  88|0x0000000785800000, 0x0000000785800000, 0x0000000785900000|  0%| F|  |TAMS 0x0000000785800000, 0x0000000785800000| Untracked 
|  89|0x0000000785900000, 0x0000000785900000, 0x0000000785a00000|  0%| F|  |TAMS 0x0000000785900000, 0x0000000785900000| Untracked 
|  90|0x0000000785a00000, 0x0000000785a00000, 0x0000000785b00000|  0%| F|  |TAMS 0x0000000785a00000, 0x0000000785a00000| Untracked 
|  91|0x0000000785b00000, 0x0000000785b00000, 0x0000000785c00000|  0%| F|  |TAMS 0x0000000785b00000, 0x0000000785b00000| Untracked 
|  92|0x0000000785c00000, 0x0000000785c00000, 0x0000000785d00000|  0%| F|  |TAMS 0x0000000785c00000, 0x0000000785c00000| Untracked 
|  93|0x0000000785d00000, 0x0000000785d826c8, 0x0000000785e00000| 50%| E|  |TAMS 0x0000000785d00000, 0x0000000785d00000| Complete 
|  94|0x0000000785e00000, 0x0000000785f00000, 0x0000000785f00000|100%| E|CS|TAMS 0x0000000785e00000, 0x0000000785e00000| Complete 
|  95|0x0000000785f00000, 0x0000000786000000, 0x0000000786000000|100%| E|CS|TAMS 0x0000000785f00000, 0x0000000785f00000| Complete 
|  96|0x0000000786000000, 0x0000000786100000, 0x0000000786100000|100%| E|CS|TAMS 0x0000000786000000, 0x0000000786000000| Complete 
|  97|0x0000000786100000, 0x0000000786200000, 0x0000000786200000|100%| E|CS|TAMS 0x0000000786100000, 0x0000000786100000| Complete 
|  98|0x0000000786200000, 0x0000000786300000, 0x0000000786300000|100%| E|CS|TAMS 0x0000000786200000, 0x0000000786200000| Complete 
|  99|0x0000000786300000, 0x0000000786400000, 0x0000000786400000|100%| E|CS|TAMS 0x0000000786300000, 0x0000000786300000| Complete 
| 100|0x0000000786400000, 0x0000000786500000, 0x0000000786500000|100%| E|CS|TAMS 0x0000000786400000, 0x0000000786400000| Complete 
| 101|0x0000000786500000, 0x0000000786600000, 0x0000000786600000|100%| E|CS|TAMS 0x0000000786500000, 0x0000000786500000| Complete 
| 102|0x0000000786600000, 0x0000000786700000, 0x0000000786700000|100%| S|CS|TAMS 0x0000000786600000, 0x0000000786600000| Complete 
| 103|0x0000000786700000, 0x0000000786800000, 0x0000000786800000|100%| S|CS|TAMS 0x0000000786700000, 0x0000000786700000| Complete 
| 104|0x0000000786800000, 0x0000000786900000, 0x0000000786900000|100%| S|CS|TAMS 0x0000000786800000, 0x0000000786800000| Complete 
| 105|0x0000000786900000, 0x0000000786a00000, 0x0000000786a00000|100%| E|CS|TAMS 0x0000000786900000, 0x0000000786900000| Complete 
| 106|0x0000000786a00000, 0x0000000786b00000, 0x0000000786b00000|100%| E|CS|TAMS 0x0000000786a00000, 0x0000000786a00000| Complete 
| 107|0x0000000786b00000, 0x0000000786c00000, 0x0000000786c00000|100%| E|CS|TAMS 0x0000000786b00000, 0x0000000786b00000| Complete 
| 108|0x0000000786c00000, 0x0000000786d00000, 0x0000000786d00000|100%| E|CS|TAMS 0x0000000786c00000, 0x0000000786c00000| Complete 
| 109|0x0000000786d00000, 0x0000000786e00000, 0x0000000786e00000|100%| E|CS|TAMS 0x0000000786d00000, 0x0000000786d00000| Complete 
| 110|0x0000000786e00000, 0x0000000786f00000, 0x0000000786f00000|100%| E|CS|TAMS 0x0000000786e00000, 0x0000000786e00000| Complete 
| 111|0x0000000786f00000, 0x0000000787000000, 0x0000000787000000|100%| E|CS|TAMS 0x0000000786f00000, 0x0000000786f00000| Complete 
| 112|0x0000000787000000, 0x0000000787100000, 0x0000000787100000|100%| E|CS|TAMS 0x0000000787000000, 0x0000000787000000| Complete 
| 113|0x0000000787100000, 0x0000000787200000, 0x0000000787200000|100%| E|CS|TAMS 0x0000000787100000, 0x0000000787100000| Complete 
| 114|0x0000000787200000, 0x0000000787300000, 0x0000000787300000|100%| E|CS|TAMS 0x0000000787200000, 0x0000000787200000| Complete 
| 115|0x0000000787300000, 0x0000000787400000, 0x0000000787400000|100%| E|CS|TAMS 0x0000000787300000, 0x0000000787300000| Complete 
| 116|0x0000000787400000, 0x0000000787500000, 0x0000000787500000|100%| E|CS|TAMS 0x0000000787400000, 0x0000000787400000| Complete 
| 117|0x0000000787500000, 0x0000000787600000, 0x0000000787600000|100%| E|CS|TAMS 0x0000000787500000, 0x0000000787500000| Complete 
| 118|0x0000000787600000, 0x0000000787700000, 0x0000000787700000|100%| E|CS|TAMS 0x0000000787600000, 0x0000000787600000| Complete 
| 119|0x0000000787700000, 0x0000000787800000, 0x0000000787800000|100%| E|CS|TAMS 0x0000000787700000, 0x0000000787700000| Complete 
| 120|0x0000000787800000, 0x0000000787900000, 0x0000000787900000|100%| E|CS|TAMS 0x0000000787800000, 0x0000000787800000| Complete 
| 121|0x0000000787900000, 0x0000000787a00000, 0x0000000787a00000|100%| E|CS|TAMS 0x0000000787900000, 0x0000000787900000| Complete 
| 122|0x0000000787a00000, 0x0000000787b00000, 0x0000000787b00000|100%| E|CS|TAMS 0x0000000787a00000, 0x0000000787a00000| Complete 
| 123|0x0000000787b00000, 0x0000000787c00000, 0x0000000787c00000|100%| E|CS|TAMS 0x0000000787b00000, 0x0000000787b00000| Complete 
| 124|0x0000000787c00000, 0x0000000787d00000, 0x0000000787d00000|100%| E|CS|TAMS 0x0000000787c00000, 0x0000000787c00000| Complete 
| 125|0x0000000787d00000, 0x0000000787e00000, 0x0000000787e00000|100%| E|CS|TAMS 0x0000000787d00000, 0x0000000787d00000| Complete 
| 126|0x0000000787e00000, 0x0000000787f00000, 0x0000000787f00000|100%| E|CS|TAMS 0x0000000787e00000, 0x0000000787e00000| Complete 
| 127|0x0000000787f00000, 0x0000000788000000, 0x0000000788000000|100%| E|CS|TAMS 0x0000000787f00000, 0x0000000787f00000| Complete 
|2046|0x00000007ffe00000, 0x00000007ffe78000, 0x00000007fff00000| 46%|OA|  |TAMS 0x00000007ffe00000, 0x00000007ffe00000| Untracked 
|2047|0x00000007fff00000, 0x00000007fff80000, 0x0000000800000000| 50%|CA|  |TAMS 0x00000007fff00000, 0x00000007fff00000| Untracked 

Card table byte_map: [0x0000000105498000,0x0000000105898000] _byte_map_base: 0x0000000101898000

Marking Bits (Prev, Next): (CMBitMap*) 0x000000011e036810, (CMBitMap*) 0x000000011e036850
 Prev Bits: [0x0000000118000000, 0x000000011a000000)
 Next Bits: [0x000000011a000000, 0x000000011c000000)

Polling page: 0x0000000104d04000

Metaspace:

Usage:
  Non-class:     12.48 MB used.
      Class:      2.12 MB used.
       Both:     14.61 MB used.

Virtual space:
  Non-class space:       16.00 MB reserved,      12.62 MB ( 79%) committed,  2 nodes.
      Class space:        1.00 GB reserved,       2.25 MB ( <1%) committed,  1 nodes.
             Both:        1.02 GB reserved,      14.88 MB (  1%) committed. 

Chunk freelists:
   Non-Class:  2.52 MB
       Class:  1.77 MB
        Both:  4.28 MB

MaxMetaspaceSize: unlimited
CompressedClassSpaceSize: 1.00 GB
Initial GC threshold: 21.00 MB
Current GC threshold: 21.00 MB
CDS: on
MetaspaceReclaimPolicy: balanced
 - commit_granule_bytes: 65536.
 - commit_granule_words: 8192.
 - virtual_space_node_default_size: 1048576.
 - enlarge_chunks_in_place: 1.
 - new_chunks_are_fully_committed: 0.
 - uncommit_free_chunks: 1.
 - use_allocation_guard: 0.
 - handle_deallocations: 1.


Internal statistics:

num_allocs_failed_limit: 0.
num_arena_births: 192.
num_arena_deaths: 0.
num_vsnodes_births: 3.
num_vsnodes_deaths: 0.
num_space_committed: 238.
num_space_uncommitted: 0.
num_chunks_returned_to_freelist: 0.
num_chunks_taken_from_freelist: 655.
num_chunk_merges: 0.
num_chunk_splits: 452.
num_chunks_enlarged: 356.
num_purges: 0.
num_inconsistent_stats: 0.

CodeHeap 'non-profiled nmethods': size=120032Kb used=809Kb max_used=809Kb free=119222Kb
 bounds [0x000000012fac8000, 0x000000012fd38000, 0x0000000137000000]
CodeHeap 'profiled nmethods': size=120016Kb used=4672Kb max_used=4672Kb free=115343Kb
 bounds [0x0000000128594000, 0x0000000128a34000, 0x000000012fac8000]
CodeHeap 'non-nmethods': size=5712Kb used=1374Kb max_used=1425Kb free=4338Kb
 bounds [0x0000000128000000, 0x0000000128270000, 0x0000000128594000]
 total_blobs=3137 nmethods=2370 adapters=683
 compilation: enabled
              stopped_count=0, restarted_count=0
 full_count=0

Compilation events (20 events):
Event: 28.433 Thread 0x000000010f80ba00 nmethod 2417 0x0000000128a20810 code [0x0000000128a209c0, 0x0000000128a20c28]
Event: 28.433 Thread 0x000000010f80ba00 2419       3       javafx.scene.layout.ColumnConstraints::getMaxWidth (21 bytes)
Event: 28.433 Thread 0x000000010f80ba00 nmethod 2419 0x0000000128a20d10 code [0x0000000128a20f00, 0x0000000128a21358]
Event: 28.433 Thread 0x000000010f80ba00 2421       3       javafx.scene.layout.Region::maxHeight (52 bytes)
Event: 28.434 Thread 0x000000010f80ba00 nmethod 2421 0x0000000128a21490 code [0x0000000128a21700, 0x0000000128a21eb8]
Event: 28.434 Thread 0x000000010f80ba00 2422       3       javafx.scene.layout.Region::getMaxHeight (22 bytes)
Event: 28.434 Thread 0x000000010f80ba00 nmethod 2422 0x0000000128a22090 code [0x0000000128a22280, 0x0000000128a22698]
Event: 28.434 Thread 0x000000010f80ba00 2423       3       com.sun.javafx.geom.transform.GeneralTransform3D::isAffine (63 bytes)
Event: 28.434 Thread 0x000000010f80ba00 nmethod 2423 0x0000000128a22810 code [0x0000000128a22ac0, 0x0000000128a23258]
Event: 28.435 Thread 0x000000010f80ba00 2425       3       com.sun.javafx.geom.Path2D::lineTo (78 bytes)
Event: 28.435 Thread 0x000000010f80ba00 nmethod 2425 0x0000000128a23410 code [0x0000000128a235c0, 0x0000000128a23858]
Event: 28.435 Thread 0x000000010f80ba00 2424       1       javafx.scene.layout.Background::getImages (5 bytes)
Event: 28.435 Thread 0x000000010f80ba00 nmethod 2424 0x000000012fb91090 code [0x000000012fb91200, 0x000000012fb912e8]
Event: 28.436 Thread 0x000000010f80ba00 2427       3       com.sun.prism.es2.GLContext::getBoundTexture (7 bytes)
Event: 28.436 Thread 0x000000010f80ba00 nmethod 2427 0x0000000128a23990 code [0x0000000128a23b40, 0x0000000128a23ca8]
Event: 28.436 Thread 0x000000010f80ba00 2428       1       com.sun.prism.paint.Color::getIntArgbPre (5 bytes)
Event: 28.436 Thread 0x000000010f80ba00 nmethod 2428 0x000000012fb91710 code [0x000000012fb91880, 0x000000012fb91968]
Event: 28.437 Thread 0x000000010f80ba00 2429       1       com.sun.prism.impl.ps.BaseShaderContext$MaskType::isNewPaintStyle (5 bytes)
Event: 28.437 Thread 0x000000010f80ba00 nmethod 2429 0x000000012fb91a10 code [0x000000012fb91b80, 0x000000012fb91c68]
Event: 28.442 Thread 0x000000010f80b400 nmethod 2413 0x000000012fb91d10 code [0x000000012fb91f00, 0x000000012fb92530]

GC Heap History (2 events):
Event: 0.391 GC heap before
{Heap before GC invocations=0 (full 0):
 garbage-first heap   total 133120K, used 23520K [0x0000000780000000, 0x0000000800000000)
  region size 1024K, 23 young (23552K), 0 survivors (0K)
 Metaspace       used 7839K, committed 8000K, reserved 1056768K
  class space    used 1019K, committed 1088K, reserved 1048576K
}
Event: 0.393 GC heap after
{Heap after GC invocations=1 (full 0):
 garbage-first heap   total 133120K, used 4729K [0x0000000780000000, 0x0000000800000000)
  region size 1024K, 3 young (3072K), 3 survivors (3072K)
 Metaspace       used 7839K, committed 8000K, reserved 1056768K
  class space    used 1019K, committed 1088K, reserved 1048576K
}

Deoptimization events (20 events):
Event: 0.642 Thread 0x000000010f81c600 Uncommon trap: trap_request=0xffffff45 fr.pc=0x000000012fb1dc5c relative=0x000000000000019c
Event: 0.642 Thread 0x000000010f81c600 Uncommon trap: reason=unstable_if action=reinterpret pc=0x000000012fb1dc5c method=java.io.ByteArrayInputStream.read()I @ 8 c2
Event: 0.642 Thread 0x000000010f81c600 DEOPT PACKING pc=0x000000012fb1dc5c sp=0x000000016b2791a0
Event: 0.642 Thread 0x000000010f81c600 DEOPT UNPACKING pc=0x000000012803ed1c sp=0x000000016b279120 mode 2
Event: 1.156 Thread 0x000000010ea1b800 Uncommon trap: trap_request=0xffffff45 fr.pc=0x000000012fb0d7a4 relative=0x0000000000000ee4
Event: 1.157 Thread 0x000000010ea1b800 Uncommon trap: reason=unstable_if action=reinterpret pc=0x000000012fb0d7a4 method=java.util.concurrent.ConcurrentHashMap.putVal(Ljava/lang/Object;Ljava/lang/Object;Z)Ljava/lang/Object; @ 148 c2
Event: 1.157 Thread 0x000000010ea1b800 DEOPT PACKING pc=0x000000012fb0d7a4 sp=0x000000016f4198e0
Event: 1.157 Thread 0x000000010ea1b800 DEOPT UNPACKING pc=0x000000012803ed1c sp=0x000000016f4197f0 mode 2
Event: 1.158 Thread 0x000000010ea1b800 Uncommon trap: trap_request=0xffffff45 fr.pc=0x000000012fad9a44 relative=0x0000000000000104
Event: 1.158 Thread 0x000000010ea1b800 Uncommon trap: reason=unstable_if action=reinterpret pc=0x000000012fad9a44 method=java.lang.StringLatin1.lastIndexOf([BI[BII)I @ 86 c2
Event: 1.158 Thread 0x000000010ea1b800 DEOPT PACKING pc=0x000000012fad9a44 sp=0x000000016f4198d0
Event: 1.158 Thread 0x000000010ea1b800 DEOPT UNPACKING pc=0x000000012803ed1c sp=0x000000016f419830 mode 2
Event: 5.280 Thread 0x000000010e845a00 DEOPT PACKING pc=0x00000001288d02b8 sp=0x000000016dd08eb0
Event: 5.280 Thread 0x000000010e845a00 DEOPT UNPACKING pc=0x000000012803eb7c sp=0x000000016dd08b10 mode 0
Event: 12.479 Thread 0x000000010e845a00 DEOPT PACKING pc=0x00000001288ddd58 sp=0x000000016dd08d50
Event: 12.479 Thread 0x000000010e845a00 DEOPT UNPACKING pc=0x000000012803eb7c sp=0x000000016dd08900 mode 0
Event: 13.980 Thread 0x000000010e845a00 DEOPT PACKING pc=0x00000001289075d4 sp=0x000000016dd08f90
Event: 13.980 Thread 0x000000010e845a00 DEOPT UNPACKING pc=0x000000012803eb7c sp=0x000000016dd08bb0 mode 0
Event: 14.479 Thread 0x000000010e845a00 DEOPT PACKING pc=0x0000000128975f00 sp=0x000000016dd08e70
Event: 14.479 Thread 0x000000010e845a00 DEOPT UNPACKING pc=0x000000012803eb7c sp=0x000000016dd08a70 mode 0

Classes unloaded (0 events):
No events

Classes redefined (0 events):
No events

Internal exceptions (20 events):
Event: 0.371 Thread 0x000000010f81c600 Exception <a 'java/lang/NoSuchMethodError'{0x0000000786bcda88}: 'java.lang.Object java.lang.invoke.DirectMethodHandle$Holder.invokeStatic(java.lang.Object, int, java.lang.Object)'> (0x0000000786bcda88) 
thrown [open/src/hotspot/share/interpreter/linkResolver.cpp, line 766]
Event: 0.373 Thread 0x000000010f81c600 Exception <a 'java/lang/ClassNotFoundException'{0x0000000786be11e0}: sun/util/logging/resources/spi/loggingProvider> (0x0000000786be11e0) 
thrown [open/src/hotspot/share/classfile/systemDictionary.cpp, line 256]
Event: 0.385 Thread 0x000000010f81c600 Exception <a 'java/lang/NoSuchMethodError'{0x0000000786962488}: 'java.lang.Object java.lang.invoke.DirectMethodHandle$Holder.invokeSpecial(java.lang.Object, java.lang.Object, java.lang.Object, int, java.lang.Object)'> (0x0000000786962488) 
thrown [open/src/hotspot/share/interpreter/linkResolver.cpp, line 766]
Event: 0.425 Thread 0x000000010f81c600 Exception <a 'java/lang/NoSuchMethodError'{0x0000000787a9bc60}: 'void java.lang.invoke.DirectMethodHandle$Holder.invokeStaticInit(java.lang.Object, java.lang.Object)'> (0x0000000787a9bc60) 
thrown [open/src/hotspot/share/interpreter/linkResolver.cpp, line 766]
Event: 0.427 Thread 0x000000010f81c600 Exception <a 'java/lang/NoSuchMethodError'{0x0000000787ad1060}: 'void java.lang.invoke.DirectMethodHandle$Holder.invokeSpecial(java.lang.Object, java.lang.Object, java.lang.Object, java.lang.Object, java.lang.Object)'> (0x0000000787ad1060) 
thrown [open/src/hotspot/share/interpreter/linkResolver.cpp, line 766]
Event: 0.460 Thread 0x000000010f81c600 Implicit null exception at 0x000000012fb09ef8 to 0x000000012fb09f88
Event: 0.467 Thread 0x000000010f81c600 Implicit null exception at 0x000000012fb1af94 to 0x000000012fb1b358
Event: 0.467 Thread 0x000000010f81c600 Implicit null exception at 0x000000012fb17f14 to 0x000000012fb182cc
Event: 0.586 Thread 0x000000010f81c600 Exception <a 'java/lang/NoSuchMethodError'{0x00000007870407f0}: 'java.lang.Object java.lang.invoke.DirectMethodHandle$Holder.invokeInterface(java.lang.Object, java.lang.Object, java.lang.Object)'> (0x00000007870407f0) 
thrown [open/src/hotspot/share/interpreter/linkResolver.cpp, line 766]
Event: 0.586 Thread 0x000000010f81c600 Exception <a 'java/lang/IncompatibleClassChangeError'{0x0000000787044178}: Found class java.lang.Object, but interface was expected> (0x0000000787044178) 
thrown [open/src/hotspot/share/interpreter/linkResolver.cpp, line 833]
Event: 0.601 Thread 0x000000010f81c600 Exception <a 'java/lang/ClassNotFoundException'{0x0000000786e38670}: com/sun/javafx/scene/control/skin/resources/controls> (0x0000000786e38670) 
thrown [open/src/hotspot/share/prims/jni.cpp, line 535]
Event: 0.602 Thread 0x000000010f81c600 Exception <a 'java/lang/ClassNotFoundException'{0x0000000786e46610}: com/sun/javafx/scene/control/skin/resources/controls_en> (0x0000000786e46610) 
thrown [open/src/hotspot/share/prims/jni.cpp, line 535]
Event: 0.602 Thread 0x000000010f81c600 Exception <a 'java/lang/ClassNotFoundException'{0x0000000786e475a8}: com/sun/javafx/scene/control/skin/resources/controls_en_CA> (0x0000000786e475a8) 
thrown [open/src/hotspot/share/prims/jni.cpp, line 535]
Event: 0.616 Thread 0x000000010f81c600 Exception <a 'java/lang/NoSuchMethodError'{0x0000000786c0ae10}: 'void java.lang.invoke.DirectMethodHandle$Holder.invokeSpecial(java.lang.Object, java.lang.Object, java.lang.Object, java.lang.Object, java.lang.Object, java.lang.Object)'> (0x0000000786c0ae10) 
thrown [open/src/hotspot/share/interpreter/linkResolver.cpp, line 766]
Event: 0.651 Thread 0x000000010f81c600 Exception <a 'java/lang/NoSuchMethodError'{0x000000078650ea98}: 'java.lang.Object java.lang.invoke.DirectMethodHandle$Holder.newInvokeSpecial(java.lang.Object, java.lang.Object, int)'> (0x000000078650ea98) 
thrown [open/src/hotspot/share/interpreter/linkResolver.cpp, line 766]
Event: 0.690 Thread 0x000000010e845a00 Exception <a 'java/lang/NoSuchMethodError'{0x0000000786466b50}: 'int java.lang.invoke.DirectMethodHandle$Holder.invokeStaticInit(java.lang.Object, java.lang.Object)'> (0x0000000786466b50) 
thrown [open/src/hotspot/share/interpreter/linkResolver.cpp, line 766]
Event: 0.693 Thread 0x000000010f81c600 Exception <a 'java/lang/NoSuchMethodError'{0x00000007865687d8}: 'long java.lang.invoke.DirectMethodHandle$Holder.invokeStatic(java.lang.Object, java.lang.Object, java.lang.Object)'> (0x00000007865687d8) 
thrown [open/src/hotspot/share/interpreter/linkResolver.cpp, line 766]
Event: 0.693 Thread 0x000000010f81c600 Exception <a 'java/lang/NoSuchMethodError'{0x000000078656bf80}: 'long java.lang.invoke.DirectMethodHandle$Holder.invokeStaticInit(java.lang.Object, java.lang.Object, java.lang.Object)'> (0x000000078656bf80) 
thrown [open/src/hotspot/share/interpreter/linkResolver.cpp, line 766]
Event: 0.694 Thread 0x000000010f81c600 Exception <a 'java/lang/NoSuchMethodError'{0x00000007864dfdd8}: 'java.lang.Object java.lang.invoke.DirectMethodHandle$Holder.newInvokeSpecial(java.lang.Object, java.lang.Object, long)'> (0x00000007864dfdd8) 
thrown [open/src/hotspot/share/interpreter/linkResolver.cpp, line 766]
Event: 0.694 Thread 0x000000010f81c600 Exception <a 'java/lang/NoSuchMethodError'{0x00000007864e36a0}: 'java.lang.Object java.lang.invoke.Invokers$Holder.linkToTargetMethod(java.lang.Object, long, java.lang.Object)'> (0x00000007864e36a0) 
thrown [open/src/hotspot/share/interpreter/linkResolver.cpp, line 766]

VM Operations (20 events):
Event: 10.092 Executing VM operation: Cleanup
Event: 10.092 Executing VM operation: Cleanup done
Event: 11.094 Executing VM operation: Cleanup
Event: 11.094 Executing VM operation: Cleanup done
Event: 12.096 Executing VM operation: Cleanup
Event: 12.096 Executing VM operation: Cleanup done
Event: 13.101 Executing VM operation: Cleanup
Event: 13.101 Executing VM operation: Cleanup done
Event: 15.111 Executing VM operation: Cleanup
Event: 15.111 Executing VM operation: Cleanup done
Event: 16.113 Executing VM operation: Cleanup
Event: 16.113 Executing VM operation: Cleanup done
Event: 17.117 Executing VM operation: Cleanup
Event: 17.117 Executing VM operation: Cleanup done
Event: 18.118 Executing VM operation: Cleanup
Event: 18.119 Executing VM operation: Cleanup done
Event: 21.129 Executing VM operation: Cleanup
Event: 21.129 Executing VM operation: Cleanup done
Event: 28.158 Executing VM operation: Cleanup
Event: 28.159 Executing VM operation: Cleanup done

Events (20 events):
Event: 5.259 loading class java/util/EnumMap$Values
Event: 5.259 loading class java/util/EnumMap$Values done
Event: 5.259 loading class java/util/EnumMap$ValueIterator
Event: 5.259 loading class java/util/EnumMap$EnumMapIterator
Event: 5.259 loading class java/util/EnumMap$EnumMapIterator done
Event: 5.259 loading class java/util/EnumMap$ValueIterator done
Event: 5.277 Protecting memory [0x000000016df20000,0x000000016df2c000] with protection modes 0
Event: 5.277 Thread 0x000000010ea2c800 Thread added: 0x000000010ea2c800
Event: 8.210 Protecting memory [0x000000016df20000,0x000000016df2c000] with protection modes 3
Event: 8.210 Thread 0x000000010ea2c800 Thread exited: 0x000000010ea2c800
Event: 9.493 Protecting memory [0x000000016df20000,0x000000016df2c000] with protection modes 0
Event: 9.494 Thread 0x000000010ea2c800 Thread added: 0x000000010ea2c800
Event: 17.294 Protecting memory [0x000000016df20000,0x000000016df2c000] with protection modes 3
Event: 17.294 Thread 0x000000010ea2c800 Thread exited: 0x000000010ea2c800
Event: 17.777 Protecting memory [0x000000016df20000,0x000000016df2c000] with protection modes 0
Event: 17.777 Thread 0x000000010f80a600 Thread added: 0x000000010f80a600
Event: 20.627 Protecting memory [0x000000016df20000,0x000000016df2c000] with protection modes 3
Event: 20.627 Thread 0x000000010f80a600 Thread exited: 0x000000010f80a600
Event: 28.028 Protecting memory [0x000000016df20000,0x000000016df2c000] with protection modes 0
Event: 28.028 Thread 0x000000011cb4a400 Thread added: 0x000000011cb4a400


Dynamic libraries:
0x0000000104cb4000 	/Library/Java/JavaVirtualMachines/jdk-17.0.1.jdk/Contents/Home/lib/libjli.dylib
0x00000001cb012000 	/usr/lib/libz.1.dylib
0x00000001cb0c9000 	/usr/lib/libSystem.B.dylib
0x00000001cb0c3000 	/usr/lib/system/libcache.dylib
0x00000001cb081000 	/usr/lib/system/libcommonCrypto.dylib
0x00000001cb0aa000 	/usr/lib/system/libcompiler_rt.dylib
0x00000001cb0a1000 	/usr/lib/system/libcopyfile.dylib
0x00000001c02ef000 	/usr/lib/system/libcorecrypto.dylib
0x00000001c03a4000 	/usr/lib/system/libdispatch.dylib
0x00000001c0572000 	/usr/lib/system/libdyld.dylib
0x00000001cb0b9000 	/usr/lib/system/libkeymgr.dylib
0x00000001cb05c000 	/usr/lib/system/libmacho.dylib
0x00000001ca74c000 	/usr/lib/system/libquarantine.dylib
0x00000001cb0b6000 	/usr/lib/system/libremovefile.dylib
0x00000001c56e8000 	/usr/lib/system/libsystem_asl.dylib
0x00000001c0291000 	/usr/lib/system/libsystem_blocks.dylib
0x00000001c042c000 	/usr/lib/system/libsystem_c.dylib
0x00000001cb0ae000 	/usr/lib/system/libsystem_collections.dylib
0x00000001c9be1000 	/usr/lib/system/libsystem_configuration.dylib
0x00000001c8e3d000 	/usr/lib/system/libsystem_containermanager.dylib
0x00000001cadb9000 	/usr/lib/system/libsystem_coreservices.dylib
0x00000001c2ca2000 	/usr/lib/system/libsystem_darwin.dylib
0x00000001cb0ba000 	/usr/lib/system/libsystem_dnssd.dylib
0x00000001c0429000 	/usr/lib/system/libsystem_featureflags.dylib
0x00000001c0587000 	/usr/lib/system/libsystem_info.dylib
0x00000001cb024000 	/usr/lib/system/libsystem_m.dylib
0x00000001c0379000 	/usr/lib/system/libsystem_malloc.dylib
0x00000001c5676000 	/usr/lib/system/libsystem_networkextension.dylib
0x00000001c30fb000 	/usr/lib/system/libsystem_notify.dylib
0x00000001d141c000 	/usr/lib/system/libsystem_product_info_filter.dylib
0x00000001c9be6000 	/usr/lib/system/libsystem_sandbox.dylib
0x00000001cb0b3000 	/usr/lib/system/libsystem_secinit.dylib
0x00000001c052d000 	/usr/lib/system/libsystem_kernel.dylib
0x00000001c057f000 	/usr/lib/system/libsystem_platform.dylib
0x00000001c0565000 	/usr/lib/system/libsystem_pthread.dylib
0x00000001c6e48000 	/usr/lib/system/libsystem_symptoms.dylib
0x00000001c02d5000 	/usr/lib/system/libsystem_trace.dylib
0x00000001cb08e000 	/usr/lib/system/libunwind.dylib
0x00000001c0293000 	/usr/lib/system/libxpc.dylib
0x00000001c0515000 	/usr/lib/libc++abi.dylib
0x00000001c03eb000 	/usr/lib/libobjc.A.dylib
0x00000001cb099000 	/usr/lib/liboah.dylib
0x00000001c04ae000 	/usr/lib/libc++.1.dylib
0x00000001d6f42000 	/System/Library/Frameworks/Cocoa.framework/Versions/A/Cocoa
0x00000001c315c000 	/System/Library/Frameworks/AppKit.framework/Versions/C/AppKit
0x00000001c666f000 	/System/Library/Frameworks/CoreData.framework/Versions/A/CoreData
0x00000001c14b7000 	/System/Library/Frameworks/Foundation.framework/Versions/C/Foundation
0x00000001c4014000 	/System/Library/PrivateFrameworks/UIFoundation.framework/Versions/A/UIFoundation
0x00000001d1116000 	/System/Library/PrivateFrameworks/RemoteViewServices.framework/Versions/A/RemoteViewServices
0x00000001c9589000 	/System/Library/PrivateFrameworks/XCTTargetBootstrap.framework/Versions/A/XCTTargetBootstrap
0x00000001cce09000 	/System/Library/PrivateFrameworks/InternationalSupport.framework/Versions/A/InternationalSupport
0x00000001cce92000 	/System/Library/PrivateFrameworks/UserActivity.framework/Versions/A/UserActivity
0x00000001cc300000 	/usr/lib/libspindump.dylib
0x00000001c4285000 	/System/Library/Frameworks/UniformTypeIdentifiers.framework/Versions/A/UniformTypeIdentifiers
0x00000001c7ad3000 	/usr/lib/libapp_launch_measurement.dylib
0x00000001c6ffa000 	/System/Library/PrivateFrameworks/CoreAnalytics.framework/Versions/A/CoreAnalytics
0x00000001c7ad6000 	/System/Library/PrivateFrameworks/CoreAutoLayout.framework/Versions/A/CoreAutoLayout
0x00000001c8e7a000 	/System/Library/Frameworks/Metal.framework/Versions/A/Metal
0x00000001c9bf1000 	/usr/lib/liblangid.dylib
0x00000001c958e000 	/System/Library/PrivateFrameworks/CoreSVG.framework/Versions/A/CoreSVG
0x00000001c571c000 	/System/Library/PrivateFrameworks/SkyLight.framework/Versions/A/SkyLight
0x00000001c5af5000 	/System/Library/Frameworks/CoreGraphics.framework/Versions/A/CoreGraphics
0x00000001d17e2000 	/System/Library/Frameworks/Accelerate.framework/Versions/A/Accelerate
0x00000001cbd77000 	/System/Library/PrivateFrameworks/IconServices.framework/Versions/A/IconServices
0x00000001c8e5c000 	/System/Library/Frameworks/IOSurface.framework/Versions/A/IOSurface
0x00000001c702b000 	/usr/lib/libDiagnosticMessagesClient.dylib
0x00000001d4ce3000 	/System/Library/Frameworks/ApplicationServices.framework/Versions/A/ApplicationServices
0x00000001c9571000 	/System/Library/PrivateFrameworks/DFRFoundation.framework/Versions/A/DFRFoundation
0x00000001c29ec000 	/usr/lib/libicucore.A.dylib
0x00000001cdcb6000 	/System/Library/Frameworks/AudioToolbox.framework/Versions/A/AudioToolbox
0x00000001cce15000 	/System/Library/PrivateFrameworks/DataDetectorsCore.framework/Versions/A/DataDetectorsCore
0x00000001e380f000 	/System/Library/PrivateFrameworks/TextInput.framework/Versions/A/TextInput
0x00000001c5691000 	/usr/lib/libMobileGestalt.dylib
0x00000001c923d000 	/System/Library/Frameworks/Carbon.framework/Versions/A/Frameworks/HIToolbox.framework/Versions/A/HIToolbox
0x00000001c74ab000 	/System/Library/Frameworks/QuartzCore.framework/Versions/A/QuartzCore
0x00000001c266d000 	/System/Library/Frameworks/Security.framework/Versions/A/Security
0x00000001d1156000 	/System/Library/Frameworks/Carbon.framework/Versions/A/Frameworks/SpeechRecognition.framework/Versions/A/SpeechRecognition
0x00000001c7829000 	/System/Library/PrivateFrameworks/CoreUI.framework/Versions/A/CoreUI
0x00000001c1f49000 	/System/Library/Frameworks/CoreAudio.framework/Versions/A/CoreAudio
0x00000001c711f000 	/System/Library/Frameworks/DiskArbitration.framework/Versions/A/DiskArbitration
0x00000001cc70a000 	/System/Library/PrivateFrameworks/MultitouchSupport.framework/Versions/A/MultitouchSupport
0x00000001c568f000 	/usr/lib/libenergytrace.dylib
0x00000001c3024000 	/System/Library/Frameworks/IOKit.framework/Versions/A/IOKit
0x00000001d1545000 	/System/Library/Frameworks/CoreServices.framework/Versions/A/CoreServices
0x00000001c7a63000 	/System/Library/PrivateFrameworks/PerformanceAnalysis.framework/Versions/A/PerformanceAnalysis
0x0000000221c47000 	/System/Library/Frameworks/OpenGL.framework/Versions/A/OpenGL
0x00000001ca664000 	/System/Library/PrivateFrameworks/MobileKeyBag.framework/Versions/A/MobileKeyBag
0x00000001c6103000 	/System/Library/Frameworks/ColorSync.framework/Versions/A/ColorSync
0x00000001c05b4000 	/System/Library/Frameworks/CoreFoundation.framework/Versions/A/CoreFoundation
0x00000001c980d000 	/System/Library/Frameworks/CoreImage.framework/Versions/A/CoreImage
0x00000001c1d6d000 	/System/Library/Frameworks/CoreText.framework/Versions/A/CoreText
0x00000001c95be000 	/System/Library/Frameworks/ImageIO.framework/Versions/A/ImageIO
0x00000001cb0cf000 	/System/Library/PrivateFrameworks/SoftLinking.framework/Versions/A/SoftLinking
0x00000001c7b21000 	/usr/lib/libxml2.2.dylib
0x00000001cb368000 	/usr/lib/libcompression.dylib
0x00000001ccd65000 	/System/Library/PrivateFrameworks/TextureIO.framework/Versions/A/TextureIO
0x00000001cba90000 	/usr/lib/libate.dylib
0x00000001cb955000 	/usr/lib/liblzma.5.dylib
0x00000001c11aa000 	/System/Library/Frameworks/SystemConfiguration.framework/Versions/A/SystemConfiguration
0x00000001cb0cb000 	/usr/lib/libfakelink.dylib
0x00000001c51c1000 	/System/Library/Frameworks/CFNetwork.framework/Versions/A/CFNetwork
0x00000001cb211000 	/usr/lib/libarchive.2.dylib
0x00000001c9bed000 	/System/Library/PrivateFrameworks/AppleSystemInfo.framework/Versions/A/AppleSystemInfo
0x00000001ca777000 	/usr/lib/libbsm.0.dylib
0x00000001c472e000 	/usr/lib/libnetwork.dylib
0x00000001cb065000 	/usr/lib/system/libkxld.dylib
0x00000001ca391000 	/System/Library/PrivateFrameworks/IOMobileFramebuffer.framework/Versions/A/IOMobileFramebuffer
0x000000023f910000 	/usr/lib/libCoreEntitlements.dylib
0x00000001cad9b000 	/System/Library/PrivateFrameworks/AppleFSCompression.framework/Versions/A/AppleFSCompression
0x00000001ca75f000 	/usr/lib/libcoretls.dylib
0x00000001cb96e000 	/usr/lib/libcoretls_cfhelpers.dylib
0x00000001cb363000 	/usr/lib/libpam.2.dylib
0x00000001c6a5f000 	/usr/lib/libsqlite3.dylib
0x00000001cb9d7000 	/usr/lib/libxar.1.dylib
0x00000001cadac000 	/usr/lib/libbz2.1.0.dylib
0x00000001cb0d0000 	/usr/lib/libpcap.A.dylib
0x00000001c6e3f000 	/usr/lib/libdns_services.dylib
0x00000001cb336000 	/usr/lib/libapple_nghttp2.dylib
0x00000001cb10d000 	/usr/lib/libiconv.2.dylib
0x00000001cb05b000 	/usr/lib/libcharset.1.dylib
0x00000001c7a9f000 	/System/Library/Frameworks/CoreServices.framework/Versions/A/Frameworks/FSEvents.framework/Versions/A/FSEvents
0x00000001c2cad000 	/System/Library/Frameworks/CoreServices.framework/Versions/A/Frameworks/CarbonCore.framework/Versions/A/CarbonCore
0x00000001c707f000 	/System/Library/Frameworks/CoreServices.framework/Versions/A/Frameworks/Metadata.framework/Versions/A/Metadata
0x00000001cadbf000 	/System/Library/Frameworks/CoreServices.framework/Versions/A/Frameworks/OSServices.framework/Versions/A/OSServices
0x00000001cb297000 	/System/Library/Frameworks/CoreServices.framework/Versions/A/Frameworks/SearchKit.framework/Versions/A/SearchKit
0x00000001c6dce000 	/System/Library/Frameworks/CoreServices.framework/Versions/A/Frameworks/AE.framework/Versions/A/AE
0x00000001c0afb000 	/System/Library/Frameworks/CoreServices.framework/Versions/A/Frameworks/LaunchServices.framework/Versions/A/LaunchServices
0x00000001cb8fe000 	/System/Library/Frameworks/CoreServices.framework/Versions/A/Frameworks/DictionaryServices.framework/Versions/A/DictionaryServices
0x00000001c7aac000 	/System/Library/Frameworks/CoreServices.framework/Versions/A/Frameworks/SharedFileList.framework/Versions/A/SharedFileList
0x00000001ca74f000 	/usr/lib/libCheckFix.dylib
0x00000001c5700000 	/System/Library/PrivateFrameworks/TCC.framework/Versions/A/TCC
0x00000001c9bf3000 	/System/Library/PrivateFrameworks/CoreNLP.framework/Versions/A/CoreNLP
0x00000001c702e000 	/System/Library/PrivateFrameworks/MetadataUtilities.framework/Versions/A/MetadataUtilities
0x00000001c1264000 	/usr/lib/libmecabra.dylib
0x00000001ca788000 	/usr/lib/libmecab.dylib
0x00000001c1230000 	/usr/lib/libCRFSuite.dylib
0x00000001ca7e5000 	/usr/lib/libgermantok.dylib
0x00000001cb30f000 	/usr/lib/libThaiTokenizer.dylib
0x00000001c7127000 	/System/Library/Frameworks/Accelerate.framework/Versions/A/Frameworks/vImage.framework/Versions/A/vImage
0x00000001d151c000 	/System/Library/Frameworks/Accelerate.framework/Versions/A/Frameworks/vecLib.framework/Versions/A/vecLib
0x00000001cba1c000 	/System/Library/Frameworks/Accelerate.framework/Versions/A/Frameworks/vecLib.framework/Versions/A/libvMisc.dylib
0x00000001ca298000 	/System/Library/Frameworks/Accelerate.framework/Versions/A/Frameworks/vecLib.framework/Versions/A/libvDSP.dylib
0x00000001c0e85000 	/System/Library/Frameworks/Accelerate.framework/Versions/A/Frameworks/vecLib.framework/Versions/A/libBLAS.dylib
0x00000001cb439000 	/System/Library/Frameworks/Accelerate.framework/Versions/A/Frameworks/vecLib.framework/Versions/A/libLAPACK.dylib
0x00000001ca7e8000 	/System/Library/Frameworks/Accelerate.framework/Versions/A/Frameworks/vecLib.framework/Versions/A/libLinearAlgebra.dylib
0x00000001cb34e000 	/System/Library/Frameworks/Accelerate.framework/Versions/A/Frameworks/vecLib.framework/Versions/A/libSparseBLAS.dylib
0x00000001cb434000 	/System/Library/Frameworks/Accelerate.framework/Versions/A/Frameworks/vecLib.framework/Versions/A/libQuadrature.dylib
0x00000001c9cec000 	/System/Library/Frameworks/Accelerate.framework/Versions/A/Frameworks/vecLib.framework/Versions/A/libBNNS.dylib
0x00000001c1143000 	/System/Library/Frameworks/Accelerate.framework/Versions/A/Frameworks/vecLib.framework/Versions/A/libSparse.dylib
0x00000001c9ce4000 	/System/Library/PrivateFrameworks/LinguisticData.framework/Versions/A/LinguisticData
0x00000001c10fb000 	/System/Library/PrivateFrameworks/Lexicon.framework/Versions/A/Lexicon
0x00000001cba14000 	/usr/lib/libChineseTokenizer.dylib
0x00000001c18a9000 	/System/Library/PrivateFrameworks/LanguageModeling.framework/Versions/A/LanguageModeling
0x00000001cb311000 	/System/Library/PrivateFrameworks/AppleSauce.framework/Versions/A/AppleSauce
0x00000001ca37e000 	/System/Library/PrivateFrameworks/CoreEmoji.framework/Versions/A/CoreEmoji
0x00000001cb1ff000 	/usr/lib/libcmph.dylib
0x00000001c7a7f000 	/System/Library/Frameworks/OpenDirectory.framework/Versions/A/Frameworks/CFOpenDirectory.framework/Versions/A/CFOpenDirectory
0x00000001c7a6f000 	/System/Library/Frameworks/OpenDirectory.framework/Versions/A/OpenDirectory
0x00000001cb970000 	/System/Library/PrivateFrameworks/APFS.framework/Versions/A/APFS
0x00000001ca69f000 	/System/Library/Frameworks/SecurityFoundation.framework/Versions/A/SecurityFoundation
0x00000001cb9e6000 	/usr/lib/libutil.dylib
0x00000001c2fe6000 	/System/Library/PrivateFrameworks/CoreServicesStore.framework/Versions/A/CoreServicesStore
0x00000001cb9ea000 	/usr/lib/libxslt.1.dylib
0x00000001ca733000 	/System/Library/PrivateFrameworks/BackgroundTaskManagement.framework/Versions/A/BackgroundTaskManagement
0x00000001ccc86000 	/System/Library/Frameworks/ImageIO.framework/Versions/A/Resources/libRadiance.dylib
0x00000001ccc8f000 	/System/Library/Frameworks/ImageIO.framework/Versions/A/Resources/libJPEG.dylib
0x00000001ccbe2000 	/System/Library/Frameworks/ImageIO.framework/Versions/A/Resources/libPng.dylib
0x00000001ccc04000 	/System/Library/Frameworks/ImageIO.framework/Versions/A/Resources/libTIFF.dylib
0x00000001cccea000 	/System/Library/Frameworks/ImageIO.framework/Versions/A/Resources/libGIF.dylib
0x00000001cc61a000 	/System/Library/Frameworks/ImageIO.framework/Versions/A/Resources/libJP2.dylib
0x00000001cbd3c000 	/usr/lib/libexpat.1.dylib
0x00000001cc5d5000 	/System/Library/PrivateFrameworks/AppleJPEG.framework/Versions/A/AppleJPEG
0x00000001c90f9000 	/System/Library/PrivateFrameworks/FontServices.framework/libFontParser.dylib
0x00000001c6d73000 	/System/Library/PrivateFrameworks/RunningBoardServices.framework/Versions/A/RunningBoardServices
0x00000001d7618000 	/System/Library/PrivateFrameworks/IOSurfaceAccelerator.framework/Versions/A/IOSurfaceAccelerator
0x00000001cc706000 	/System/Library/PrivateFrameworks/WatchdogClient.framework/Versions/A/WatchdogClient
0x00000001c19a9000 	/System/Library/Frameworks/CoreDisplay.framework/Versions/A/CoreDisplay
0x00000001c8fe3000 	/System/Library/Frameworks/CoreMedia.framework/Versions/A/CoreMedia
0x00000001c8e70000 	/System/Library/PrivateFrameworks/IOAccelerator.framework/Versions/A/IOAccelerator
0x00000001c7c0f000 	/System/Library/Frameworks/CoreVideo.framework/Versions/A/CoreVideo
0x00000001cb361000 	/System/Library/Frameworks/MetalPerformanceShaders.framework/Versions/A/MetalPerformanceShaders
0x00000001cc745000 	/System/Library/Frameworks/VideoToolbox.framework/Versions/A/VideoToolbox
0x00000001c6cb7000 	/System/Library/PrivateFrameworks/BaseBoard.framework/Versions/A/BaseBoard
0x00000001c6a45000 	/System/Library/PrivateFrameworks/ProtocolBuffer.framework/Versions/A/ProtocolBuffer
0x00000001ccc81000 	/System/Library/PrivateFrameworks/GPUWrangler.framework/Versions/A/GPUWrangler
0x00000001ccc61000 	/System/Library/PrivateFrameworks/IOPresentment.framework/Versions/A/IOPresentment
0x00000001ccc89000 	/System/Library/PrivateFrameworks/DSExternalDisplay.framework/Versions/A/DSExternalDisplay
0x0000000221c3a000 	/System/Library/Frameworks/OpenGL.framework/Versions/A/Libraries/libCoreFSCache.dylib
0x000000022c400000 	/System/Library/PrivateFrameworks/GPUCompiler.framework/Versions/31001/Libraries/libGPUCompilerUtils.dylib
0x00000001cccef000 	/System/Library/PrivateFrameworks/CMCaptureCore.framework/Versions/A/CMCaptureCore
0x00000001cc2ed000 	/System/Library/PrivateFrameworks/AppServerSupport.framework/Versions/A/AppServerSupport
0x00000001ce573000 	/System/Library/PrivateFrameworks/perfdata.framework/Versions/A/perfdata
0x00000001c1ac9000 	/System/Library/PrivateFrameworks/AudioToolboxCore.framework/Versions/A/AudioToolboxCore
0x00000001c8fbc000 	/System/Library/PrivateFrameworks/caulk.framework/Versions/A/caulk
0x00000001cde68000 	/usr/lib/libAudioStatistics.dylib
0x00000001dfe67000 	/System/Library/PrivateFrameworks/SystemPolicy.framework/Versions/A/SystemPolicy
0x00000001ce0d4000 	/usr/lib/libSMC.dylib
0x00000001d6e20000 	/System/Library/Frameworks/CoreMIDI.framework/Versions/A/CoreMIDI
0x00000001ccbb0000 	/usr/lib/libAudioToolboxUtility.dylib
0x00000001dbfd7000 	/System/Library/PrivateFrameworks/OSAServicesClient.framework/Versions/A/OSAServicesClient
0x00000001ce580000 	/usr/lib/libperfcheck.dylib
0x00000001e0983000 	/usr/lib/libmis.dylib
0x0000000221c9c000 	/System/Library/Frameworks/OpenGL.framework/Versions/A/Libraries/libGLU.dylib
0x0000000221c5b000 	/System/Library/Frameworks/OpenGL.framework/Versions/A/Libraries/libGFXShared.dylib
0x0000000221e48000 	/System/Library/Frameworks/OpenGL.framework/Versions/A/Libraries/libGL.dylib
0x0000000221c64000 	/System/Library/Frameworks/OpenGL.framework/Versions/A/Libraries/libGLImage.dylib
0x0000000221c58000 	/System/Library/Frameworks/OpenGL.framework/Versions/A/Libraries/libCVMSPluginSupport.dylib
0x0000000221c41000 	/System/Library/Frameworks/OpenGL.framework/Versions/A/Libraries/libCoreVMClient.dylib
0x00000001c9b6d000 	/System/Library/Frameworks/MetalPerformanceShaders.framework/Versions/A/Frameworks/MPSCore.framework/Versions/A/MPSCore
0x00000001cad0e000 	/System/Library/Frameworks/MetalPerformanceShaders.framework/Versions/A/Frameworks/MPSImage.framework/Versions/A/MPSImage
0x00000001ca7fd000 	/System/Library/Frameworks/MetalPerformanceShaders.framework/Versions/A/Frameworks/MPSNeuralNetwork.framework/Versions/A/MPSNeuralNetwork
0x00000001cac36000 	/System/Library/Frameworks/MetalPerformanceShaders.framework/Versions/A/Frameworks/MPSMatrix.framework/Versions/A/MPSMatrix
0x00000001caa0f000 	/System/Library/Frameworks/MetalPerformanceShaders.framework/Versions/A/Frameworks/MPSRayIntersector.framework/Versions/A/MPSRayIntersector
0x00000001cac67000 	/System/Library/Frameworks/MetalPerformanceShaders.framework/Versions/A/Frameworks/MPSNDArray.framework/Versions/A/MPSNDArray
0x0000000224063000 	/System/Library/Frameworks/MetalPerformanceShaders.framework/Versions/A/Frameworks/MPSFunctions.framework/Versions/A/MPSFunctions
0x00000001c0d5c000 	/System/Library/PrivateFrameworks/MetalTools.framework/Versions/A/MetalTools
0x00000001c9beb000 	/System/Library/PrivateFrameworks/AggregateDictionary.framework/Versions/A/AggregateDictionary
0x00000001cbb21000 	/usr/lib/libIOReport.dylib
0x00000001d5e3d000 	/System/Library/PrivateFrameworks/ASEProcessing.framework/Versions/A/ASEProcessing
0x00000001cbe96000 	/System/Library/PrivateFrameworks/FaceCore.framework/Versions/A/FaceCore
0x00000001cbe88000 	/System/Library/PrivateFrameworks/GraphVisualizer.framework/Versions/A/GraphVisualizer
0x000000022c317000 	/System/Library/PrivateFrameworks/FontServices.framework/Versions/A/FontServices
0x00000001cc2a9000 	/System/Library/PrivateFrameworks/OTSVG.framework/Versions/A/OTSVG
0x00000001c77d9000 	/System/Library/Frameworks/ApplicationServices.framework/Versions/A/Frameworks/ATS.framework/Versions/A/Resources/libFontRegistry.dylib
0x00000001cc2f6000 	/System/Library/PrivateFrameworks/FontServices.framework/libhvf.dylib
0x000000022c318000 	/System/Library/PrivateFrameworks/FontServices.framework/libXTFontStaticRegistryData.dylib
0x0000000221fe9000 	/System/Library/Frameworks/OpenCL.framework/Versions/A/OpenCL
0x00000001cbcf0000 	/System/Library/PrivateFrameworks/AppleVA.framework/Versions/A/AppleVA
0x00000001cde90000 	/System/Library/Frameworks/ApplicationServices.framework/Versions/A/Frameworks/ATS.framework/Versions/A/ATS
0x00000001c6202000 	/System/Library/Frameworks/ApplicationServices.framework/Versions/A/Frameworks/HIServices.framework/Versions/A/HIServices
0x00000001cccf9000 	/System/Library/Frameworks/ApplicationServices.framework/Versions/A/Frameworks/PrintCore.framework/Versions/A/PrintCore
0x00000001ce227000 	/System/Library/Frameworks/ApplicationServices.framework/Versions/A/Frameworks/QD.framework/Versions/A/QD
0x00000001ce21f000 	/System/Library/Frameworks/ApplicationServices.framework/Versions/A/Frameworks/ColorSyncLegacy.framework/Versions/A/ColorSyncLegacy
0x00000001cde7c000 	/System/Library/Frameworks/ApplicationServices.framework/Versions/A/Frameworks/SpeechSynthesis.framework/Versions/A/SpeechSynthesis
0x00000001cccba000 	/System/Library/Frameworks/ApplicationServices.framework/Versions/A/Frameworks/ATSUI.framework/Versions/A/ATSUI
0x00000001ce1b4000 	/usr/lib/libcups.2.dylib
0x00000001ce58e000 	/System/Library/Frameworks/Kerberos.framework/Versions/A/Kerberos
0x00000001ce59f000 	/System/Library/Frameworks/GSS.framework/Versions/A/GSS
0x00000001cdf00000 	/usr/lib/libresolv.9.dylib
0x00000001cc305000 	/System/Library/PrivateFrameworks/Heimdal.framework/Versions/A/Heimdal
0x00000001d5073000 	/System/Library/Frameworks/Kerberos.framework/Versions/A/Libraries/libHeimdalProxy.dylib
0x00000001c6e51000 	/System/Library/Frameworks/Network.framework/Versions/A/Network
0x00000001cbd57000 	/usr/lib/libheimdal-asn1.dylib
0x00000001ce5ef000 	/System/Library/PrivateFrameworks/CommonAuth.framework/Versions/A/CommonAuth
0x00000001cddf6000 	/System/Library/PrivateFrameworks/AudioSession.framework/Versions/A/AudioSession
0x00000001cbde9000 	/System/Library/PrivateFrameworks/MediaExperience.framework/Versions/A/MediaExperience
0x00000001cdc7c000 	/System/Library/PrivateFrameworks/AudioSession.framework/libSessionUtility.dylib
0x00000001ce233000 	/System/Library/PrivateFrameworks/AudioResourceArbitration.framework/Versions/A/AudioResourceArbitration
0x00000001d23f9000 	/System/Library/PrivateFrameworks/PowerLog.framework/Versions/A/PowerLog
0x00000001cbd61000 	/System/Library/PrivateFrameworks/IconFoundation.framework/Versions/A/IconFoundation
0x00000001d1142000 	/System/Library/PrivateFrameworks/SpeechRecognitionCore.framework/Versions/A/SpeechRecognitionCore
0x0000000105cec000 	/Library/Java/JavaVirtualMachines/jdk-17.0.1.jdk/Contents/Home/lib/server/libjvm.dylib
0x0000000104d18000 	/Library/Java/JavaVirtualMachines/jdk-17.0.1.jdk/Contents/Home/lib/libjimage.dylib
0x0000000104e00000 	/Library/Java/JavaVirtualMachines/jdk-17.0.1.jdk/Contents/Home/lib/libinstrument.dylib
0x0000000104e4c000 	/Library/Java/JavaVirtualMachines/jdk-17.0.1.jdk/Contents/Home/lib/libjava.dylib
0x0000000105c98000 	/Library/Java/JavaVirtualMachines/jdk-17.0.1.jdk/Contents/Home/lib/libnio.dylib
0x0000000105cb8000 	/Library/Java/JavaVirtualMachines/jdk-17.0.1.jdk/Contents/Home/lib/libnet.dylib
0x0000000104e30000 	/Library/Java/JavaVirtualMachines/jdk-17.0.1.jdk/Contents/Home/lib/libzip.dylib
0x000000010e3b8000 	/Users/nitinjakhar/.openjfx/cache/17.0.1/libprism_es2.dylib
0x00000001c2fa9000 	/System/Library/PrivateFrameworks/CoreServicesInternal.framework/Versions/A/CoreServicesInternal
0x0000000221e52000 	/System/Library/Frameworks/OpenGL.framework/Versions/A/Resources/GLEngine.bundle/GLEngine
0x0000000221cda000 	/System/Library/Frameworks/OpenGL.framework/Versions/A/Libraries/libGLProgrammability.dylib
0x000000011c1c0000 	/System/Library/Extensions/AppleMetalOpenGLRenderer.bundle/Contents/MacOS/AppleMetalOpenGLRenderer
0x0000000221fc1000 	/System/Library/Frameworks/OpenGL.framework/Versions/A/Resources/GLRendererFloat.bundle/GLRendererFloat
0x00000002220c1000 	/System/Library/Extensions/AGXMetal13_3.bundle/Contents/MacOS/AGXMetal13_3
0x00000001e099f000 	/System/Library/PrivateFrameworks/GPURawCounter.framework/Versions/A/GPURawCounter
0x00000001db140000 	/System/Library/PrivateFrameworks/IOGPU.framework/Versions/A/IOGPU
0x000000011c3d8000 	/Users/nitinjakhar/.openjfx/cache/17.0.1/libglass.dylib
0x00000001d2651000 	/System/Library/Frameworks/FileProvider.framework/Versions/A/FileProvider
0x00000001c6c1f000 	/System/Library/Frameworks/Accounts.framework/Versions/A/Accounts
0x00000001d27d5000 	/System/Library/PrivateFrameworks/GenerationalStorage.framework/Versions/A/GenerationalStorage
0x00000001d3398000 	/System/Library/PrivateFrameworks/CoreSymbolication.framework/Versions/A/CoreSymbolication
0x00000001d23ed000 	/System/Library/PrivateFrameworks/SymptomDiagnosticReporter.framework/Versions/A/SymptomDiagnosticReporter
0x00000001c4299000 	/System/Library/PrivateFrameworks/DesktopServicesPriv.framework/Versions/A/DesktopServicesPriv
0x00000001c310b000 	/usr/lib/libsandbox.1.dylib
0x00000001c7c9d000 	/System/Library/PrivateFrameworks/UserManagement.framework/Versions/A/UserManagement
0x00000001d3355000 	/System/Library/PrivateFrameworks/DebugSymbols.framework/Versions/A/DebugSymbols
0x00000001ce212000 	/System/Library/PrivateFrameworks/NetAuth.framework/Versions/A/NetAuth
0x00000001cf133000 	/System/Library/PrivateFrameworks/Sharing.framework/Versions/A/Sharing
0x00000001c7c6d000 	/System/Library/PrivateFrameworks/login.framework/Versions/A/Frameworks/loginsupport.framework/Versions/A/loginsupport
0x00000001d458a000 	/System/Library/PrivateFrameworks/Apple80211.framework/Versions/A/Apple80211
0x00000001cadf2000 	/System/Library/PrivateFrameworks/AuthKit.framework/Versions/A/AuthKit
0x00000001ca47a000 	/System/Library/PrivateFrameworks/CoreUtils.framework/Versions/A/CoreUtils
0x00000001ca39d000 	/System/Library/Frameworks/CoreWLAN.framework/Versions/A/CoreWLAN
0x00000001cf2a3000 	/System/Library/Frameworks/IOBluetooth.framework/Versions/A/IOBluetooth
0x00000001d45ea000 	/System/Library/PrivateFrameworks/CoreWiFi.framework/Versions/A/CoreWiFi
0x00000001d2f35000 	/System/Library/PrivateFrameworks/FrontBoardServices.framework/Versions/A/FrontBoardServices
0x00000001d2fcd000 	/System/Library/PrivateFrameworks/BoardServices.framework/Versions/A/BoardServices
0x00000001ca68d000 	/System/Library/PrivateFrameworks/AssertionServices.framework/Versions/A/AssertionServices
0x00000001d4767000 	/System/Library/PrivateFrameworks/BackBoardServices.framework/Versions/A/BackBoardServices
0x00000001ce686000 	/System/Library/PrivateFrameworks/CorePhoneNumbers.framework/Versions/A/CorePhoneNumbers
0x00000001cdf2d000 	/System/Library/PrivateFrameworks/MultiverseSupport.framework/Versions/A/MultiverseSupport
0x00000001d49e8000 	/System/Library/PrivateFrameworks/RemoteServiceDiscovery.framework/Versions/A/RemoteServiceDiscovery
0x00000001d251d000 	/System/Library/PrivateFrameworks/DiskManagement.framework/Versions/A/DiskManagement
0x00000001d2420000 	/System/Library/PrivateFrameworks/AppleIDAuthSupport.framework/Versions/A/AppleIDAuthSupport
0x000000022689f000 	/System/Library/PrivateFrameworks/AAAFoundation.framework/Versions/A/AAAFoundation
0x00000001ce665000 	/System/Library/PrivateFrameworks/KeychainCircle.framework/Versions/A/KeychainCircle
0x00000001d49f8000 	/System/Library/PrivateFrameworks/RemoteXPC.framework/Versions/A/RemoteXPC
0x00000001d24e9000 	/System/Library/PrivateFrameworks/MediaKit.framework/Versions/A/MediaKit
0x00000001d242d000 	/System/Library/Frameworks/DiscRecording.framework/Versions/A/DiscRecording
0x00000001cbc6c000 	/usr/lib/libCoreStorage.dylib
0x00000001d4a64000 	/usr/lib/libcsfde.dylib
0x00000001cf378000 	/System/Library/PrivateFrameworks/ProtectedCloudStorage.framework/Versions/A/ProtectedCloudStorage
0x00000001d4a5c000 	/System/Library/PrivateFrameworks/EFILogin.framework/Versions/A/EFILogin
0x00000001d27fc000 	/System/Library/PrivateFrameworks/OctagonTrust.framework/Versions/A/OctagonTrust
0x000000022b49e000 	/System/Library/PrivateFrameworks/CoreUtilsExtras.framework/Versions/A/CoreUtilsExtras
0x00000001d2352000 	/System/Library/Frameworks/CoreBluetooth.framework/Versions/A/CoreBluetooth
0x00000001d50f8000 	/System/Library/Frameworks/AudioUnit.framework/Versions/A/AudioUnit
0x00000001cbc64000 	/usr/lib/libMatch.1.dylib
0x00000001e4e85000 	/System/Library/Frameworks/Accelerate.framework/Versions/A/Frameworks/vImage.framework/Versions/A/Libraries/libCGInterfaces.dylib
0x000000011c5ec000 	/usr/lib/libobjc-trampolines.dylib
0x00000001c7967000 	/System/Library/PrivateFrameworks/ViewBridge.framework/Versions/A/ViewBridge
0x000000013e550000 	/Users/nitinjakhar/.openjfx/cache/17.0.1/libjavafx_font.dylib
0x00000001cc3c8000 	/System/Library/PrivateFrameworks/login.framework/Versions/A/login
0x000000023fa6d000 	/usr/lib/libRosetta.dylib
0x00000001d186b000 	/System/Library/PrivateFrameworks/SystemAdministration.framework/Versions/A/SystemAdministration
0x00000001ccf00000 	/System/Library/Frameworks/MediaToolbox.framework/Versions/A/MediaToolbox
0x00000001d110a000 	/System/Library/Frameworks/DirectoryService.framework/Versions/A/DirectoryService
0x00000001d48f1000 	/System/Library/PrivateFrameworks/DiskImages.framework/Versions/A/DiskImages
0x00000001ca73e000 	/System/Library/Frameworks/ServiceManagement.framework/Versions/A/ServiceManagement
0x00000001d4ada000 	/System/Library/PrivateFrameworks/LoginUIKit.framework/Versions/A/Frameworks/LoginUICore.framework/Versions/A/LoginUICore
0x00000001cc57e000 	/usr/lib/libodfde.dylib
0x00000001d261d000 	/System/Library/PrivateFrameworks/CoreAVCHD.framework/Versions/A/CoreAVCHD
0x00000001d182d000 	/System/Library/Frameworks/MediaAccessibility.framework/Versions/A/MediaAccessibility
0x00000001d2619000 	/System/Library/PrivateFrameworks/Mangrove.framework/Versions/A/Mangrove
0x00000001d183a000 	/System/Library/PrivateFrameworks/AlgosScoreFramework.framework/Versions/A/AlgosScoreFramework
0x0000000228580000 	/System/Library/PrivateFrameworks/CMPhoto.framework/Versions/A/CMPhoto
0x00000001d260d000 	/System/Library/PrivateFrameworks/CoreAUC.framework/Versions/A/CoreAUC
0x00000001d4a70000 	/usr/lib/libcurl.4.dylib
0x000000023fe15000 	/usr/lib/libcrypto.46.dylib
0x00000002402be000 	/usr/lib/libssl.48.dylib
0x00000001d4787000 	/System/Library/Frameworks/LDAP.framework/Versions/A/LDAP
0x00000001d47c3000 	/System/Library/PrivateFrameworks/TrustEvaluationAgent.framework/Versions/A/TrustEvaluationAgent
0x00000001cdf19000 	/usr/lib/libsasl2.2.dylib
0x00000001d1860000 	/System/Library/PrivateFrameworks/CoreDaemon.framework/Versions/B/CoreDaemon
0x00000001d185a000 	/System/Library/PrivateFrameworks/AppleSRP.framework/Versions/A/AppleSRP


VM Arguments:
jvm_args: -javaagent:/Applications/IntelliJ IDEA CE.app/Contents/lib/idea_rt.jar=58662:/Applications/IntelliJ IDEA CE.app/Contents/bin -Dfile.encoding=UTF-8 --module-path=/Users/nitinjakhar/.m2/repository/org/openjfx/javafx-base/17.0.1/javafx-base-17.0.1-mac-aarch64.jar:/Users/nitinjakhar/.m2/repository/org/openjfx/javafx-fxml/17.0.1/javafx-fxml-17.0.1-mac-aarch64.jar:/Users/nitinjakhar/.m2/repository/org/openjfx/javafx-graphics/17.0.1/javafx-graphics-17.0.1-mac-aarch64.jar:/Users/nitinjakhar/IdeaProjects/COMP1011-M2022-ICE2/target/classes:/Users/nitinjakhar/.m2/repository/org/openjfx/javafx-controls/17.0.1/javafx-controls-17.0.1-mac-aarch64.jar -Djdk.module.main=ca.georgiancollege.comp1011m2022ice2 
java_command: ca.georgiancollege.comp1011m2022ice2/ca.georgiancollege.comp1011m2022ice2.Main
java_class_path (initial): /Users/nitinjakhar/.m2/repository/org/openjfx/javafx-controls/17.0.1/javafx-controls-17.0.1.jar:/Users/nitinjakhar/.m2/repository/org/openjfx/javafx-graphics/17.0.1/javafx-graphics-17.0.1.jar:/Users/nitinjakhar/.m2/repository/org/openjfx/javafx-base/17.0.1/javafx-base-17.0.1.jar:/Users/nitinjakhar/.m2/repository/org/openjfx/javafx-fxml/17.0.1/javafx-fxml-17.0.1.jar
Launcher Type: SUN_STANDARD

[Global flags]
     intx CICompilerCount                          = 4                                         {product} {ergonomic}
     uint ConcGCThreads                            = 2                                         {product} {ergonomic}
     uint G1ConcRefinementThreads                  = 8                                         {product} {ergonomic}
   size_t G1HeapRegionSize                         = 1048576                                   {product} {ergonomic}
    uintx GCDrainStackTargetSize                   = 64                                        {product} {ergonomic}
   size_t InitialHeapSize                          = 134217728                                 {product} {ergonomic}
   size_t MarkStackSize                            = 4194304                                   {product} {ergonomic}
   size_t MaxHeapSize                              = 2147483648                                {product} {ergonomic}
   size_t MaxNewSize                               = 1287651328                                {product} {ergonomic}
   size_t MinHeapDeltaBytes                        = 1048576                                   {product} {ergonomic}
   size_t MinHeapSize                              = 8388608                                   {product} {ergonomic}
    uintx NonNMethodCodeHeapSize                   = 5839564                                {pd product} {ergonomic}
    uintx NonProfiledCodeHeapSize                  = 122909338                              {pd product} {ergonomic}
    uintx ProfiledCodeHeapSize                     = 122909338                              {pd product} {ergonomic}
    uintx ReservedCodeCacheSize                    = 251658240                              {pd product} {ergonomic}
     bool SegmentedCodeCache                       = true                                      {product} {ergonomic}
   size_t SoftMaxHeapSize                          = 2147483648                             {manageable} {ergonomic}
     bool UseCompressedClassPointers               = true                           {product lp64_product} {ergonomic}
     bool UseCompressedOops                        = true                           {product lp64_product} {ergonomic}
     bool UseG1GC                                  = true                                      {product} {ergonomic}
     bool UseNUMA                                  = false                                     {product} {ergonomic}
     bool UseNUMAInterleaving                      = false                                     {product} {ergonomic}

Logging:
Log output configuration:
 #0: stdout all=warning uptime,level,tags
 #1: stderr all=off uptime,level,tags

Environment Variables:
PATH=/usr/local/bin:/usr/bin:/bin:/usr/sbin:/sbin:~/.dotnet/tools:/Library/Frameworks/Mono.framework/Versions/Current/Commands
SHELL=/bin/zsh
LC_CTYPE=en_CA.UTF-8

Signal Handlers:
   SIGSEGV: _ZL13crash_handleriP9__siginfoPv in libjvm.dylib, mask=11100110000111110111111111111111, flags=SA_RESTART|SA_SIGINFO
    SIGBUS: _ZL13crash_handleriP9__siginfoPv in libjvm.dylib, mask=11100110000111110111111111111111, flags=SA_RESTART|SA_SIGINFO
    SIGFPE: _ZL13crash_handleriP9__siginfoPv in libjvm.dylib, mask=11100110000111110111111111111111, flags=SA_RESTART|SA_SIGINFO
   SIGPIPE: _ZL17javaSignalHandleriP9__siginfoPv in libjvm.dylib, mask=11100110000111110111111111111111, flags=SA_RESTART|SA_SIGINFO
   SIGXFSZ: _ZL17javaSignalHandleriP9__siginfoPv in libjvm.dylib, mask=11100110000111110111111111111111, flags=SA_RESTART|SA_SIGINFO
    SIGILL: _ZL13crash_handleriP9__siginfoPv in libjvm.dylib, mask=11100110000111110111111111111111, flags=SA_RESTART|SA_SIGINFO
   SIGUSR2: _ZL10SR_handleriP9__siginfoP17__darwin_ucontext in libjvm.dylib, mask=00100000000000000000000000000000, flags=SA_RESTART|SA_SIGINFO
    SIGHUP: _ZL11UserHandleriPvS_ in libjvm.dylib, mask=11100110000111110111111111111111, flags=SA_RESTART|SA_SIGINFO
    SIGINT: _ZL11UserHandleriPvS_ in libjvm.dylib, mask=11100110000111110111111111111111, flags=SA_RESTART|SA_SIGINFO
   SIGTERM: _ZL11UserHandleriPvS_ in libjvm.dylib, mask=11100110000111110111111111111111, flags=SA_RESTART|SA_SIGINFO
   SIGQUIT: _ZL11UserHandleriPvS_ in libjvm.dylib, mask=11100110000111110111111111111111, flags=SA_RESTART|SA_SIGINFO
   SIGTRAP: _ZL13crash_handleriP9__siginfoPv in libjvm.dylib, mask=11100110000111110111111111111111, flags=SA_RESTART|SA_SIGINFO


---------------  S Y S T E M  ---------------

OS:
uname: Darwin 21.5.0 Darwin Kernel Version 21.5.0: Tue Apr 26 21:08:29 PDT 2022; root:xnu-8020.121.3~4/RELEASE_ARM64_T8101 arm64
OS uptime: 1 days 3:33 hours
rlimit (soft/hard): STACK 8176k/65520k , CORE 0k/infinity , NPROC 1333/2000 , NOFILE 10240/infinity , AS infinity/infinity , CPU infinity/infinity , DATA infinity/infinity , FSIZE infinity/infinity , MEMLOCK infinity/infinity , RSS infinity/infinity
load average: 2.55 2.43 2.35

CPU: total 8 (initial active 8) 0x61:0x0:0x1b588bb3:0, fp, simd, crc, lse

Memory: 16k page, physical 8388608k(114864k free), swap 1048576k(1030656k free)

vm_info: Java HotSpot(TM) 64-Bit Server VM (17.0.1+12-LTS-39) for bsd-aarch64 JRE (17.0.1+12-LTS-39), built on Sep 27 2021 17:38:30 by "mach5one" with clang Apple LLVM 12.0.0 (clang-1200.0.32.29)

END.
